<?xml version="1.0" encoding="UTF-8"?>
<robot generator="Robot 7.2.2 (Python 3.13.3 on win32)" generated="2025-06-17T22:22:45.844326" rpa="false" schemaversion="5">
<suite id="s1" name="Login Tests" source="C:\Users\abiol\OneDrive\CompassDocs\Sprint 7\Semana 14\serverest-testes-web\tests\login_tests.robot">
<kw name="Start Session" owner="base" type="SETUP">
<kw name="New Browser" owner="Browser">
<msg time="2025-06-17T22:22:51.061640" level="INFO">{"browser": "chromium", "headless": false, "chromiumSandbox": false, "devtools": false, "handleSIGHUP": true, "handleSIGINT": true, "handleSIGTERM": true, "slowMo": 0.0, "timeout": 30000.0, "tracesDir": "C:\\Users\\abiol\\OneDrive\\CompassDocs\\Sprint 7\\Semana 14\\serverest-testes-web\\results\\login\\browser\\traces\\temp\\0ced2bda-9d90-4253-8136-34132ebe1abd"}</msg>
<msg time="2025-06-17T22:22:51.210251" level="INFO">Starting Browser process C:\Users\abiol\AppData\Local\Programs\Python\Python313\Lib\site-packages\Browser\wrapper\index.js using at 127.0.0.1:61481</msg>
<msg time="2025-06-17T22:23:02.554436" level="INFO">Successfully created browser with options: {"browser":"chromium","headless":false,"chromiumSandbox":false,"devtools":false,"handleSIGHUP":true,"handleSIGINT":true,"handleSIGTERM":true,"slowMo":0,"timeout":30000,"tracesDir":"C:\\Users\\abiol\\OneDrive\\CompassDocs\\Sprint 7\\Semana 14\\serverest-testes-web\\results\\login\\browser\\traces\\temp\\0ced2bda-9d90-4253-8136-34132ebe1abd"}</msg>
<arg>browser=chromium</arg>
<arg>headless=False</arg>
<tag>BrowserControl</tag>
<tag>Setter</tag>
<doc>Create a new playwright Browser with specified options.</doc>
<status status="PASS" start="2025-06-17T22:22:51.059981" elapsed="11.495164"/>
</kw>
<kw name="New Page" owner="Browser">
<msg time="2025-06-17T22:23:09.238416" level="INFO">Successfully initialized new page object and opened url: https://compassuolfront.serverest.dev</msg>
<msg time="2025-06-17T22:23:09.238639" level="INFO">No context was open. New context was automatically opened when this page is created.</msg>
<arg>${BASE_URL}</arg>
<tag>BrowserControl</tag>
<tag>Setter</tag>
<doc>Open a new Page.</doc>
<status status="PASS" start="2025-06-17T22:23:02.555953" elapsed="6.683430"/>
</kw>
<status status="PASS" start="2025-06-17T22:22:51.057738" elapsed="18.182160"/>
</kw>
<test id="s1-t1" name="CT001 - Login com sucesso (usuário recém-cadastrado)" line="10">
<kw name="New Login User" owner="login_keywords">
<kw name="Generate Random User Data" owner="base">
<kw name="Evaluate" owner="BuiltIn">
<msg time="2025-06-17T22:23:09.502408" level="INFO">${rand} = 4685</msg>
<var>${rand}</var>
<arg>random.randint(1000, 9999)</arg>
<arg>modules=random</arg>
<doc>Evaluates the given expression in Python and returns the result.</doc>
<status status="PASS" start="2025-06-17T22:23:09.501365" elapsed="0.001153"/>
</kw>
<kw name="Set Variable" owner="BuiltIn">
<msg time="2025-06-17T22:23:09.505078" level="INFO">${email} = user4685@teste.com</msg>
<var>${email}</var>
<arg>user${rand}@teste.com</arg>
<doc>Returns the given values which can then be assigned to a variables.</doc>
<status status="PASS" start="2025-06-17T22:23:09.502961" elapsed="0.002216"/>
</kw>
<kw name="Set Suite Variable" owner="BuiltIn">
<msg time="2025-06-17T22:23:09.508230" level="INFO">${EMAIL_CAD} = user4685@teste.com</msg>
<arg>${EMAIL_CAD}</arg>
<arg>${email}</arg>
<doc>Makes a variable available everywhere within the scope of the current suite.</doc>
<status status="PASS" start="2025-06-17T22:23:09.505675" elapsed="0.002720"/>
</kw>
<kw name="Set Suite Variable" owner="BuiltIn">
<msg time="2025-06-17T22:23:09.510776" level="INFO">${PASS_CAD} = 123456</msg>
<arg>${PASS_CAD}</arg>
<arg>123456</arg>
<doc>Makes a variable available everywhere within the scope of the current suite.</doc>
<status status="PASS" start="2025-06-17T22:23:09.508815" elapsed="0.002094"/>
</kw>
<kw name="Set Suite Variable" owner="BuiltIn">
<msg time="2025-06-17T22:23:09.513213" level="INFO">${NAME_CAD} = Robot Teste 4685</msg>
<arg>${NAME_CAD}</arg>
<arg>Robot Teste ${rand}</arg>
<doc>Makes a variable available everywhere within the scope of the current suite.</doc>
<status status="PASS" start="2025-06-17T22:23:09.511262" elapsed="0.002111"/>
</kw>
<status status="PASS" start="2025-06-17T22:23:09.500484" elapsed="0.013140"/>
</kw>
<kw name="Register New User" owner="usuarios_keywords">
<kw name="Generate Random User Data" owner="base">
<kw name="Evaluate" owner="BuiltIn">
<msg time="2025-06-17T22:23:09.516507" level="INFO">${rand} = 9720</msg>
<var>${rand}</var>
<arg>random.randint(1000, 9999)</arg>
<arg>modules=random</arg>
<doc>Evaluates the given expression in Python and returns the result.</doc>
<status status="PASS" start="2025-06-17T22:23:09.515705" elapsed="0.000890"/>
</kw>
<kw name="Set Variable" owner="BuiltIn">
<msg time="2025-06-17T22:23:09.517471" level="INFO">${email} = user9720@teste.com</msg>
<var>${email}</var>
<arg>user${rand}@teste.com</arg>
<doc>Returns the given values which can then be assigned to a variables.</doc>
<status status="PASS" start="2025-06-17T22:23:09.516930" elapsed="0.000641"/>
</kw>
<kw name="Set Suite Variable" owner="BuiltIn">
<msg time="2025-06-17T22:23:09.518682" level="INFO">${EMAIL_CAD} = user9720@teste.com</msg>
<arg>${EMAIL_CAD}</arg>
<arg>${email}</arg>
<doc>Makes a variable available everywhere within the scope of the current suite.</doc>
<status status="PASS" start="2025-06-17T22:23:09.517891" elapsed="0.000917"/>
</kw>
<kw name="Set Suite Variable" owner="BuiltIn">
<msg time="2025-06-17T22:23:09.520301" level="INFO">${PASS_CAD} = 123456</msg>
<arg>${PASS_CAD}</arg>
<arg>123456</arg>
<doc>Makes a variable available everywhere within the scope of the current suite.</doc>
<status status="PASS" start="2025-06-17T22:23:09.519125" elapsed="0.001308"/>
</kw>
<kw name="Set Suite Variable" owner="BuiltIn">
<msg time="2025-06-17T22:23:09.521494" level="INFO">${NAME_CAD} = Robot Teste 9720</msg>
<arg>${NAME_CAD}</arg>
<arg>Robot Teste ${rand}</arg>
<doc>Makes a variable available everywhere within the scope of the current suite.</doc>
<status status="PASS" start="2025-06-17T22:23:09.520768" elapsed="0.000847"/>
</kw>
<status status="PASS" start="2025-06-17T22:23:09.514986" elapsed="0.006846"/>
</kw>
<kw name="Open Registration Page And Form" owner="base">
<kw name="Open User Registration Page" owner="base">
<kw name="Start Session" owner="base">
<kw name="New Browser" owner="Browser">
<msg time="2025-06-17T22:23:09.525684" level="INFO">Switching browser to browser=4bf78467-5eaf-474c-b7ca-0ab805954ace</msg>
<msg time="2025-06-17T22:23:09.537716" level="INFO">Successfully changed active browser: browser=4bf78467-5eaf-474c-b7ca-0ab805954ace</msg>
<msg time="2025-06-17T22:23:09.538162" level="INFO">Reusing existing browser with id: browser=4bf78467-5eaf-474c-b7ca-0ab805954ace</msg>
<arg>browser=chromium</arg>
<arg>headless=False</arg>
<tag>BrowserControl</tag>
<tag>Setter</tag>
<doc>Create a new playwright Browser with specified options.</doc>
<status status="PASS" start="2025-06-17T22:23:09.524380" elapsed="0.013973"/>
</kw>
<kw name="New Page" owner="Browser">
<msg time="2025-06-17T22:23:13.252287" level="INFO">Successfully initialized new page object and opened url: https://compassuolfront.serverest.dev</msg>
<arg>${BASE_URL}</arg>
<tag>BrowserControl</tag>
<tag>Setter</tag>
<doc>Open a new Page.</doc>
<status status="PASS" start="2025-06-17T22:23:09.538876" elapsed="3.714287"/>
</kw>
<status status="PASS" start="2025-06-17T22:23:09.523675" elapsed="3.729944"/>
</kw>
<kw name="Go To" owner="Browser">
<msg time="2025-06-17T22:23:15.216837" level="INFO">Successfully opened URL https://compassuolfront.serverest.dev/cadastrarusuarios</msg>
<arg>${USER_PAGE_URL}</arg>
<arg>timeout=30s</arg>
<tag>BrowserControl</tag>
<tag>Setter</tag>
<doc>Navigates to the given ``url``.</doc>
<status status="PASS" start="2025-06-17T22:23:13.254348" elapsed="1.963056"/>
</kw>
<status status="PASS" start="2025-06-17T22:23:09.522987" elapsed="5.694875"/>
</kw>
<kw name="Wait For Elements State" owner="Browser">
<msg time="2025-06-17T22:23:15.533493" level="INFO">Waited for Element with selector id=nome at state visible</msg>
<arg>${FIELD_NAME}</arg>
<arg>visible</arg>
<arg>timeout=30s</arg>
<tag>PageContent</tag>
<tag>Wait</tag>
<doc>Waits for the element found by ``selector`` to satisfy state option.</doc>
<status status="PASS" start="2025-06-17T22:23:15.219044" elapsed="0.314909"/>
</kw>
<status status="PASS" start="2025-06-17T22:23:09.522233" elapsed="6.012057"/>
</kw>
<kw name="Fill Registration Form" owner="base">
<kw name="Fill Text" owner="Browser">
<msg time="2025-06-17T22:23:15.537410" level="INFO">Fills the text 'Robot Teste 9720' in the given field.</msg>
<arg>${FIELD_NAME}</arg>
<arg>${nome}</arg>
<tag>PageContent</tag>
<tag>Setter</tag>
<doc>Clears and fills the given ``txt`` into the text field found by ``selector``.</doc>
<status status="PASS" start="2025-06-17T22:23:15.536107" elapsed="0.341444"/>
</kw>
<kw name="Fill Text" owner="Browser">
<msg time="2025-06-17T22:23:15.881157" level="INFO">Fills the text 'user9720@teste.com' in the given field.</msg>
<arg>${FIELD_EMAIL}</arg>
<arg>${email}</arg>
<tag>PageContent</tag>
<tag>Setter</tag>
<doc>Clears and fills the given ``txt`` into the text field found by ``selector``.</doc>
<status status="PASS" start="2025-06-17T22:23:15.878148" elapsed="0.461669"/>
</kw>
<kw name="Fill Text" owner="Browser">
<msg time="2025-06-17T22:23:16.342373" level="INFO">Fills the text '123456' in the given field.</msg>
<arg>${FIELD_PASSWORD}</arg>
<arg>${password}</arg>
<tag>PageContent</tag>
<tag>Setter</tag>
<doc>Clears and fills the given ``txt`` into the text field found by ``selector``.</doc>
<status status="PASS" start="2025-06-17T22:23:16.340528" elapsed="0.244200"/>
</kw>
<arg>${NAME_CAD}</arg>
<arg>${EMAIL_CAD}</arg>
<arg>${PASS_CAD}</arg>
<status status="PASS" start="2025-06-17T22:23:15.534781" elapsed="1.050335"/>
</kw>
<kw name="Click" owner="Browser">
<msg time="2025-06-17T22:23:16.587015" level="INFO">Clicks the element 'data-testid=checkbox'.</msg>
<arg>data-testid=checkbox</arg>
<tag>PageContent</tag>
<tag>Setter</tag>
<doc>Simulates mouse click on the element found by ``selector``.</doc>
<status status="PASS" start="2025-06-17T22:23:16.585619" elapsed="0.224505"/>
</kw>
<kw name="Submit Registration" owner="base">
<kw name="Click" owner="Browser">
<msg time="2025-06-17T22:23:16.814146" level="INFO">Clicks the element 'data-testid=cadastrar'.</msg>
<arg>${BTN_REGISTER}</arg>
<tag>PageContent</tag>
<tag>Setter</tag>
<doc>Simulates mouse click on the element found by ``selector``.</doc>
<status status="PASS" start="2025-06-17T22:23:16.812526" elapsed="0.216432"/>
</kw>
<status status="PASS" start="2025-06-17T22:23:16.810825" elapsed="0.218649"/>
</kw>
<kw name="Wait For Elements State" owner="Browser">
<msg time="2025-06-17T22:23:18.528737" level="INFO">Waited for Element with selector css=a.alert-link at state visible</msg>
<arg>css=a.alert-link</arg>
<arg>visible</arg>
<tag>PageContent</tag>
<tag>Wait</tag>
<doc>Waits for the element found by ``selector`` to satisfy state option.</doc>
<status status="PASS" start="2025-06-17T22:23:17.030922" elapsed="1.498282"/>
</kw>
<kw name="Get Text" owner="Browser">
<msg time="2025-06-17T22:23:18.625983" level="INFO">Text: 'Cadastro realizado com sucesso'</msg>
<msg time="2025-06-17T22:23:18.626388" level="INFO">${msg} = Cadastro realizado com sucesso</msg>
<var>${msg}</var>
<arg>css=a.alert-link</arg>
<tag>Assertion</tag>
<tag>Getter</tag>
<tag>PageContent</tag>
<doc>Returns text attribute of the element found by ``selector``.</doc>
<status status="PASS" start="2025-06-17T22:23:18.529745" elapsed="0.096731"/>
</kw>
<kw name="Should Be Equal As Strings" owner="BuiltIn">
<arg>${msg}</arg>
<arg>Cadastro realizado com sucesso</arg>
<doc>Fails if objects are unequal after converting them to strings.</doc>
<status status="PASS" start="2025-06-17T22:23:18.627325" elapsed="0.000973"/>
</kw>
<kw name="Take Screenshot" owner="Browser">
<msg time="2025-06-17T22:23:19.279671" level="INFO" html="true">&lt;/td&gt;&lt;/tr&gt;&lt;tr&gt;&lt;td colspan="3"&gt;&lt;a href="browser/screenshot/robotframework-browser-screenshot-1.png" target="_blank"&gt;&lt;img src="browser/screenshot/robotframework-browser-screenshot-1.png" width="800px"/&gt;&lt;/a&gt;</msg>
<tag>PageContent</tag>
<doc>Takes a screenshot of the current window or element and saves it to disk.</doc>
<status status="PASS" start="2025-06-17T22:23:18.628811" elapsed="0.651300"/>
</kw>
<status status="PASS" start="2025-06-17T22:23:09.514103" elapsed="9.766350"/>
</kw>
<kw name="Click" owner="Browser">
<msg time="2025-06-17T22:23:19.284365" level="INFO">Clicks the element 'data-testid=logout'.</msg>
<arg>data-testid=logout</arg>
<tag>PageContent</tag>
<tag>Setter</tag>
<doc>Simulates mouse click on the element found by ``selector``.</doc>
<status status="PASS" start="2025-06-17T22:23:19.280986" elapsed="3.366499"/>
</kw>
<status status="PASS" start="2025-06-17T22:23:09.499054" elapsed="13.149218"/>
</kw>
<kw name="Go To Login Page" owner="login_keywords">
<kw name="Start Session" owner="base">
<kw name="New Browser" owner="Browser">
<msg time="2025-06-17T22:23:22.655737" level="INFO">Switching browser to browser=4bf78467-5eaf-474c-b7ca-0ab805954ace</msg>
<msg time="2025-06-17T22:23:22.665276" level="INFO">Successfully changed active browser: browser=4bf78467-5eaf-474c-b7ca-0ab805954ace</msg>
<msg time="2025-06-17T22:23:22.665645" level="INFO">Reusing existing browser with id: browser=4bf78467-5eaf-474c-b7ca-0ab805954ace</msg>
<arg>browser=chromium</arg>
<arg>headless=False</arg>
<tag>BrowserControl</tag>
<tag>Setter</tag>
<doc>Create a new playwright Browser with specified options.</doc>
<status status="PASS" start="2025-06-17T22:23:22.654055" elapsed="0.011789"/>
</kw>
<kw name="New Page" owner="Browser">
<msg time="2025-06-17T22:23:28.727863" level="INFO">Successfully initialized new page object and opened url: https://compassuolfront.serverest.dev</msg>
<arg>${BASE_URL}</arg>
<tag>BrowserControl</tag>
<tag>Setter</tag>
<doc>Open a new Page.</doc>
<status status="PASS" start="2025-06-17T22:23:22.666406" elapsed="6.062051"/>
</kw>
<status status="PASS" start="2025-06-17T22:23:22.652772" elapsed="6.076020"/>
</kw>
<kw name="Wait For Elements State" owner="Browser">
<msg time="2025-06-17T22:23:28.864428" level="INFO">Waited for Element with selector id=email at state visible</msg>
<arg>id=email</arg>
<arg>visible</arg>
<tag>PageContent</tag>
<tag>Wait</tag>
<doc>Waits for the element found by ``selector`` to satisfy state option.</doc>
<status status="PASS" start="2025-06-17T22:23:28.729226" elapsed="0.136132"/>
</kw>
<status status="PASS" start="2025-06-17T22:23:22.650292" elapsed="6.215567"/>
</kw>
<kw name="Fill Login Form" owner="login_keywords">
<kw name="Wait For Elements State" owner="Browser">
<msg time="2025-06-17T22:23:28.998906" level="INFO">Waited for Element with selector id=email at state visible</msg>
<arg>id=email</arg>
<arg>visible</arg>
<tag>PageContent</tag>
<tag>Wait</tag>
<doc>Waits for the element found by ``selector`` to satisfy state option.</doc>
<status status="PASS" start="2025-06-17T22:23:28.885452" elapsed="0.114043"/>
</kw>
<kw name="Fill Text" owner="Browser">
<msg time="2025-06-17T22:23:29.001727" level="INFO">Fills the text 'user9720@teste.com' in the given field.</msg>
<arg>id=email</arg>
<arg>${EMAIL_CAD}</arg>
<tag>PageContent</tag>
<tag>Setter</tag>
<doc>Clears and fills the given ``txt`` into the text field found by ``selector``.</doc>
<status status="PASS" start="2025-06-17T22:23:29.000067" elapsed="0.104047"/>
</kw>
<kw name="Fill Text" owner="Browser">
<msg time="2025-06-17T22:23:29.106264" level="INFO">Fills the text '123456' in the given field.</msg>
<arg>id=password</arg>
<arg>${PASS_CAD}</arg>
<tag>PageContent</tag>
<tag>Setter</tag>
<doc>Clears and fills the given ``txt`` into the text field found by ``selector``.</doc>
<status status="PASS" start="2025-06-17T22:23:29.104725" elapsed="0.090458"/>
</kw>
<kw name="Click" owner="Browser">
<msg time="2025-06-17T22:23:29.200807" level="INFO">Clicks the element 'data-testid=entrar'.</msg>
<arg>data-testid=entrar</arg>
<tag>PageContent</tag>
<tag>Setter</tag>
<doc>Simulates mouse click on the element found by ``selector``.</doc>
<status status="PASS" start="2025-06-17T22:23:29.197435" elapsed="0.751268"/>
</kw>
<arg>${EMAIL_CAD}</arg>
<arg>${PASS_CAD}</arg>
<status status="PASS" start="2025-06-17T22:23:28.884022" elapsed="1.065631"/>
</kw>
<kw name="Validate Successful Login" owner="login_keywords">
<kw name="Wait Until Keyword Succeeds" owner="BuiltIn">
<kw name="URL Should Contain Either" owner="login_keywords">
<kw name="Get Url" owner="Browser">
<msg time="2025-06-17T22:23:29.974324" level="INFO">${url} = https://compassuolfront.serverest.dev/login</msg>
<var>${url}</var>
<tag>Assertion</tag>
<tag>Getter</tag>
<tag>PageContent</tag>
<doc>Returns the current URL.</doc>
<status status="PASS" start="2025-06-17T22:23:29.963803" elapsed="0.010658"/>
</kw>
<kw name="Run Keyword And Return Status" owner="BuiltIn">
<kw name="Should Contain" owner="BuiltIn">
<msg time="2025-06-17T22:23:29.980612" level="FAIL">'https://compassuolfront.serverest.dev/login' does not contain '/admin/home'</msg>
<arg>${url}</arg>
<arg>${opt1}</arg>
<doc>Fails if ``container`` does not contain ``item`` one or more times.</doc>
<status status="FAIL" start="2025-06-17T22:23:29.979146" elapsed="0.002432">'https://compassuolfront.serverest.dev/login' does not contain '/admin/home'</status>
</kw>
<msg time="2025-06-17T22:23:29.982101" level="INFO">${match1} = False</msg>
<var>${match1}</var>
<arg>Should Contain</arg>
<arg>${url}</arg>
<arg>${opt1}</arg>
<doc>Runs the given keyword with given arguments and returns the status as a Boolean value.</doc>
<status status="PASS" start="2025-06-17T22:23:29.975131" elapsed="0.007089"/>
</kw>
<kw name="Run Keyword And Return Status" owner="BuiltIn">
<kw name="Should Contain" owner="BuiltIn">
<msg time="2025-06-17T22:23:29.985202" level="FAIL">'https://compassuolfront.serverest.dev/login' does not contain '/produtos'</msg>
<arg>${url}</arg>
<arg>${opt2}</arg>
<doc>Fails if ``container`` does not contain ``item`` one or more times.</doc>
<status status="FAIL" start="2025-06-17T22:23:29.983833" elapsed="0.001672">'https://compassuolfront.serverest.dev/login' does not contain '/produtos'</status>
</kw>
<msg time="2025-06-17T22:23:29.985914" level="INFO">${match2} = False</msg>
<var>${match2}</var>
<arg>Should Contain</arg>
<arg>${url}</arg>
<arg>${opt2}</arg>
<doc>Runs the given keyword with given arguments and returns the status as a Boolean value.</doc>
<status status="PASS" start="2025-06-17T22:23:29.982889" elapsed="0.003129"/>
</kw>
<kw name="Run Keyword If" owner="BuiltIn">
<arg>${match1} or ${match2}</arg>
<arg>Fail</arg>
<arg>URL '${url}' não contém '${opt1}' nem '${opt2}'</arg>
<doc>Runs the given keyword with the given arguments, if ``condition`` is true.</doc>
<status status="PASS" start="2025-06-17T22:23:29.986567" elapsed="0.001263"/>
</kw>
<arg>/admin/home</arg>
<arg>/produtos</arg>
<status status="PASS" start="2025-06-17T22:23:29.962020" elapsed="0.026389"/>
</kw>
<arg>10s</arg>
<arg>1s</arg>
<arg>URL Should Contain Either</arg>
<arg>/admin/home</arg>
<arg>/produtos</arg>
<doc>Runs the specified keyword and retries if it fails.</doc>
<status status="PASS" start="2025-06-17T22:23:29.958769" elapsed="0.029845"/>
</kw>
<status status="PASS" start="2025-06-17T22:23:29.957421" elapsed="0.031430"/>
</kw>
<kw name="Take Screenshot" owner="Browser">
<msg time="2025-06-17T22:23:31.044918" level="INFO" html="true">&lt;/td&gt;&lt;/tr&gt;&lt;tr&gt;&lt;td colspan="3"&gt;&lt;a href="browser/screenshot/robotframework-browser-screenshot-2.png" target="_blank"&gt;&lt;img src="browser/screenshot/robotframework-browser-screenshot-2.png" width="800px"/&gt;&lt;/a&gt;</msg>
<tag>PageContent</tag>
<doc>Takes a screenshot of the current window or element and saves it to disk.</doc>
<status status="PASS" start="2025-06-17T22:23:30.030265" elapsed="1.015474"/>
</kw>
<kw name="Fechar Navegador" owner="base">
<kw name="Close Browser" owner="Browser">
<msg time="2025-06-17T22:24:30.883723" level="INFO">Closed all browsers</msg>
<arg>ALL</arg>
<tag>BrowserControl</tag>
<tag>Setter</tag>
<doc>Closes the current browser.</doc>
<status status="PASS" start="2025-06-17T22:23:31.540228" elapsed="59.344008"/>
</kw>
<status status="PASS" start="2025-06-17T22:23:31.537262" elapsed="59.347361"/>
</kw>
<status status="PASS" start="2025-06-17T22:23:09.241721" elapsed="81.643731"/>
</test>
<test id="s1-t2" name="CT002 - Login com senha incorreta" line="18">
<kw name="Go To Login Page" owner="login_keywords">
<kw name="Start Session" owner="base">
<kw name="New Browser" owner="Browser">
<msg time="2025-06-17T22:24:31.049943" level="INFO">{"browser": "chromium", "headless": false, "chromiumSandbox": false, "devtools": false, "handleSIGHUP": true, "handleSIGINT": true, "handleSIGTERM": true, "slowMo": 0.0, "timeout": 30000.0, "tracesDir": "C:\\Users\\abiol\\OneDrive\\CompassDocs\\Sprint 7\\Semana 14\\serverest-testes-web\\results\\login\\browser\\traces\\temp\\6d33efb9-e2dc-443a-aef3-c5213283cb76"}</msg>
<msg time="2025-06-17T22:24:33.610113" level="INFO">Successfully created browser with options: {"browser":"chromium","headless":false,"chromiumSandbox":false,"devtools":false,"handleSIGHUP":true,"handleSIGINT":true,"handleSIGTERM":true,"slowMo":0,"timeout":30000,"tracesDir":"C:\\Users\\abiol\\OneDrive\\CompassDocs\\Sprint 7\\Semana 14\\serverest-testes-web\\results\\login\\browser\\traces\\temp\\6d33efb9-e2dc-443a-aef3-c5213283cb76"}</msg>
<arg>browser=chromium</arg>
<arg>headless=False</arg>
<tag>BrowserControl</tag>
<tag>Setter</tag>
<doc>Create a new playwright Browser with specified options.</doc>
<status status="PASS" start="2025-06-17T22:24:31.045579" elapsed="2.565101"/>
</kw>
<kw name="New Page" owner="Browser">
<msg time="2025-06-17T22:24:39.996553" level="INFO">Successfully initialized new page object and opened url: https://compassuolfront.serverest.dev</msg>
<msg time="2025-06-17T22:24:39.996786" level="INFO">No context was open. New context was automatically opened when this page is created.</msg>
<arg>${BASE_URL}</arg>
<tag>BrowserControl</tag>
<tag>Setter</tag>
<doc>Open a new Page.</doc>
<status status="PASS" start="2025-06-17T22:24:33.611257" elapsed="6.386094"/>
</kw>
<status status="PASS" start="2025-06-17T22:24:31.044589" elapsed="8.953113"/>
</kw>
<kw name="Wait For Elements State" owner="Browser">
<msg time="2025-06-17T22:24:40.475514" level="INFO">Waited for Element with selector id=email at state visible</msg>
<arg>id=email</arg>
<arg>visible</arg>
<tag>PageContent</tag>
<tag>Wait</tag>
<doc>Waits for the element found by ``selector`` to satisfy state option.</doc>
<status status="PASS" start="2025-06-17T22:24:39.998197" elapsed="0.477783"/>
</kw>
<status status="PASS" start="2025-06-17T22:24:31.042891" elapsed="9.433407"/>
</kw>
<kw name="Fill Login Form" owner="login_keywords">
<kw name="Wait For Elements State" owner="Browser">
<msg time="2025-06-17T22:24:41.350181" level="INFO">Waited for Element with selector id=email at state visible</msg>
<arg>id=email</arg>
<arg>visible</arg>
<tag>PageContent</tag>
<tag>Wait</tag>
<doc>Waits for the element found by ``selector`` to satisfy state option.</doc>
<status status="PASS" start="2025-06-17T22:24:40.533783" elapsed="0.816913"/>
</kw>
<kw name="Fill Text" owner="Browser">
<msg time="2025-06-17T22:24:41.353471" level="INFO">Fills the text 'user9720@teste.com' in the given field.</msg>
<arg>id=email</arg>
<arg>${EMAIL_CAD}</arg>
<tag>PageContent</tag>
<tag>Setter</tag>
<doc>Clears and fills the given ``txt`` into the text field found by ``selector``.</doc>
<status status="PASS" start="2025-06-17T22:24:41.351245" elapsed="1.569773"/>
</kw>
<kw name="Fill Text" owner="Browser">
<msg time="2025-06-17T22:24:42.923904" level="INFO">Fills the text 'senha_errada' in the given field.</msg>
<arg>id=password</arg>
<arg>${PASS_CAD}</arg>
<tag>PageContent</tag>
<tag>Setter</tag>
<doc>Clears and fills the given ``txt`` into the text field found by ``selector``.</doc>
<status status="PASS" start="2025-06-17T22:24:42.921750" elapsed="1.068148"/>
</kw>
<kw name="Click" owner="Browser">
<msg time="2025-06-17T22:24:43.992415" level="INFO">Clicks the element 'data-testid=entrar'.</msg>
<arg>data-testid=entrar</arg>
<tag>PageContent</tag>
<tag>Setter</tag>
<doc>Simulates mouse click on the element found by ``selector``.</doc>
<status status="PASS" start="2025-06-17T22:24:43.990753" elapsed="0.483720"/>
</kw>
<arg>${EMAIL_CAD}</arg>
<arg>senha_errada</arg>
<status status="PASS" start="2025-06-17T22:24:40.532451" elapsed="3.942769"/>
</kw>
<kw name="Validate Specific Error Message" owner="login_keywords">
<kw name="Wait For Elements State" owner="Browser">
<msg time="2025-06-17T22:24:45.543359" level="INFO">Waited for Element with selector xpath=//div[@class="alert alert-secondary alert-dismissible"]/span[normalize-space(.)="Email e/ou senha inválidos"] at state visible</msg>
<arg>xpath=//div[@class="alert alert-secondary alert-dismissible"]/span[normalize-space(.)="${mensagem}"]</arg>
<arg>visible</arg>
<tag>PageContent</tag>
<tag>Wait</tag>
<doc>Waits for the element found by ``selector`` to satisfy state option.</doc>
<status status="PASS" start="2025-06-17T22:24:44.563996" elapsed="0.993942"/>
</kw>
<kw name="Get Text" owner="Browser">
<msg time="2025-06-17T22:24:45.659180" level="INFO">Text: 'Email e/ou senha inválidos'</msg>
<msg time="2025-06-17T22:24:45.659675" level="INFO">${texto} = Email e/ou senha inválidos</msg>
<var>${texto}</var>
<arg>xpath=//div[@class="alert alert-secondary alert-dismissible"]/span[normalize-space(.)="${mensagem}"]</arg>
<tag>Assertion</tag>
<tag>Getter</tag>
<tag>PageContent</tag>
<doc>Returns text attribute of the element found by ``selector``.</doc>
<status status="PASS" start="2025-06-17T22:24:45.558590" elapsed="0.101182"/>
</kw>
<kw name="Should Be Equal" owner="BuiltIn">
<arg>${texto}</arg>
<arg>${mensagem}</arg>
<doc>Fails if the given objects are unequal.</doc>
<status status="PASS" start="2025-06-17T22:24:45.660432" elapsed="0.001017"/>
</kw>
<arg>Email e/ou senha inválidos</arg>
<status status="PASS" start="2025-06-17T22:24:44.557882" elapsed="1.103823"/>
</kw>
<kw name="Take Screenshot" owner="Browser">
<msg time="2025-06-17T22:24:46.326300" level="INFO" html="true">&lt;/td&gt;&lt;/tr&gt;&lt;tr&gt;&lt;td colspan="3"&gt;&lt;a href="browser/screenshot/robotframework-browser-screenshot-3.png" target="_blank"&gt;&lt;img src="browser/screenshot/robotframework-browser-screenshot-3.png" width="800px"/&gt;&lt;/a&gt;</msg>
<tag>PageContent</tag>
<doc>Takes a screenshot of the current window or element and saves it to disk.</doc>
<status status="PASS" start="2025-06-17T22:24:45.664997" elapsed="0.662208"/>
</kw>
<msg time="2025-06-17T22:24:46.390227" level="INFO">Switching context to context=f48265c7-4ca9-48af-a70f-26a7ba176bb5 in CURRENT</msg>
<msg time="2025-06-17T22:24:46.422668" level="INFO">Successfully changed active context: context=f48265c7-4ca9-48af-a70f-26a7ba176bb5</msg>
<msg time="2025-06-17T22:24:46.784460" level="INFO">Successfully closed Context</msg>
<status status="PASS" start="2025-06-17T22:24:31.033370" elapsed="15.295987"/>
</test>
<test id="s1-t3" name="CT003 - Login com campos vazios" line="24">
<kw name="Go To Login Page" owner="login_keywords">
<kw name="Start Session" owner="base">
<kw name="New Browser" owner="Browser">
<msg time="2025-06-17T22:24:46.834910" level="INFO">Switching browser to browser=8a9dc93e-9ef0-4db2-8f1b-36ad2cbe2cd5</msg>
<msg time="2025-06-17T22:24:46.842084" level="INFO">Successfully changed active browser: browser=8a9dc93e-9ef0-4db2-8f1b-36ad2cbe2cd5</msg>
<msg time="2025-06-17T22:24:46.842506" level="INFO">Reusing existing browser with id: browser=8a9dc93e-9ef0-4db2-8f1b-36ad2cbe2cd5</msg>
<arg>browser=chromium</arg>
<arg>headless=False</arg>
<tag>BrowserControl</tag>
<tag>Setter</tag>
<doc>Create a new playwright Browser with specified options.</doc>
<status status="PASS" start="2025-06-17T22:24:46.833043" elapsed="0.009656"/>
</kw>
<kw name="New Page" owner="Browser">
<msg time="2025-06-17T22:24:52.807038" level="INFO">Successfully initialized new page object and opened url: https://compassuolfront.serverest.dev</msg>
<msg time="2025-06-17T22:24:52.807275" level="INFO">No context was open. New context was automatically opened when this page is created.</msg>
<arg>${BASE_URL}</arg>
<tag>BrowserControl</tag>
<tag>Setter</tag>
<doc>Open a new Page.</doc>
<status status="PASS" start="2025-06-17T22:24:46.843244" elapsed="5.964503"/>
</kw>
<status status="PASS" start="2025-06-17T22:24:46.831632" elapsed="5.976430"/>
</kw>
<kw name="Wait For Elements State" owner="Browser">
<msg time="2025-06-17T22:24:52.887648" level="INFO">Waited for Element with selector id=email at state visible</msg>
<arg>id=email</arg>
<arg>visible</arg>
<tag>PageContent</tag>
<tag>Wait</tag>
<doc>Waits for the element found by ``selector`` to satisfy state option.</doc>
<status status="PASS" start="2025-06-17T22:24:52.808497" elapsed="0.079739"/>
</kw>
<status status="PASS" start="2025-06-17T22:24:46.829283" elapsed="6.059342"/>
</kw>
<kw name="Fill Login Form" owner="login_keywords">
<kw name="Wait For Elements State" owner="Browser">
<msg time="2025-06-17T22:24:52.922508" level="INFO">Waited for Element with selector id=email at state visible</msg>
<arg>id=email</arg>
<arg>visible</arg>
<tag>PageContent</tag>
<tag>Wait</tag>
<doc>Waits for the element found by ``selector`` to satisfy state option.</doc>
<status status="PASS" start="2025-06-17T22:24:52.896748" elapsed="0.026614"/>
</kw>
<kw name="Fill Text" owner="Browser">
<msg time="2025-06-17T22:24:52.925506" level="INFO">Fills the text '' in the given field.</msg>
<arg>id=email</arg>
<arg>${EMAIL_CAD}</arg>
<tag>PageContent</tag>
<tag>Setter</tag>
<doc>Clears and fills the given ``txt`` into the text field found by ``selector``.</doc>
<status status="PASS" start="2025-06-17T22:24:52.923919" elapsed="0.082189"/>
</kw>
<kw name="Fill Text" owner="Browser">
<msg time="2025-06-17T22:24:53.009508" level="INFO">Fills the text '' in the given field.</msg>
<arg>id=password</arg>
<arg>${PASS_CAD}</arg>
<tag>PageContent</tag>
<tag>Setter</tag>
<doc>Clears and fills the given ``txt`` into the text field found by ``selector``.</doc>
<status status="PASS" start="2025-06-17T22:24:53.006730" elapsed="0.101530"/>
</kw>
<kw name="Click" owner="Browser">
<msg time="2025-06-17T22:24:53.110363" level="INFO">Clicks the element 'data-testid=entrar'.</msg>
<arg>data-testid=entrar</arg>
<tag>PageContent</tag>
<tag>Setter</tag>
<doc>Simulates mouse click on the element found by ``selector``.</doc>
<status status="PASS" start="2025-06-17T22:24:53.108817" elapsed="2.784845"/>
</kw>
<arg>${EMPTY}</arg>
<arg>${EMPTY}</arg>
<status status="PASS" start="2025-06-17T22:24:52.893854" elapsed="3.000242"/>
</kw>
<kw name="Click" owner="Browser">
<msg time="2025-06-17T22:24:55.896934" level="INFO">Clicks the element 'data-testid=entrar'.</msg>
<arg>data-testid=entrar</arg>
<tag>PageContent</tag>
<tag>Setter</tag>
<doc>Simulates mouse click on the element found by ``selector``.</doc>
<status status="PASS" start="2025-06-17T22:24:55.894959" elapsed="0.162618"/>
</kw>
<kw name="Validate Specific Error Message" owner="login_keywords">
<kw name="Wait For Elements State" owner="Browser">
<msg time="2025-06-17T22:24:57.031928" level="INFO">Waited for Element with selector xpath=//div[@class="alert alert-secondary alert-dismissible"]/span[normalize-space(.)="Email é obrigatório"] at state visible</msg>
<arg>xpath=//div[@class="alert alert-secondary alert-dismissible"]/span[normalize-space(.)="${mensagem}"]</arg>
<arg>visible</arg>
<tag>PageContent</tag>
<tag>Wait</tag>
<doc>Waits for the element found by ``selector`` to satisfy state option.</doc>
<status status="PASS" start="2025-06-17T22:24:56.060265" elapsed="0.972215"/>
</kw>
<kw name="Get Text" owner="Browser">
<msg time="2025-06-17T22:24:57.109955" level="INFO">Text: 'Email é obrigatório'</msg>
<msg time="2025-06-17T22:24:57.110379" level="INFO">${texto} = Email é obrigatório</msg>
<var>${texto}</var>
<arg>xpath=//div[@class="alert alert-secondary alert-dismissible"]/span[normalize-space(.)="${mensagem}"]</arg>
<tag>Assertion</tag>
<tag>Getter</tag>
<tag>PageContent</tag>
<doc>Returns text attribute of the element found by ``selector``.</doc>
<status status="PASS" start="2025-06-17T22:24:57.033881" elapsed="0.076597"/>
</kw>
<kw name="Should Be Equal" owner="BuiltIn">
<arg>${texto}</arg>
<arg>${mensagem}</arg>
<doc>Fails if the given objects are unequal.</doc>
<status status="PASS" start="2025-06-17T22:24:57.111057" elapsed="0.000843"/>
</kw>
<arg>Email é obrigatório</arg>
<status status="PASS" start="2025-06-17T22:24:56.058768" elapsed="1.053382"/>
</kw>
<kw name="Validate Specific Error Message" owner="login_keywords">
<kw name="Wait For Elements State" owner="Browser">
<msg time="2025-06-17T22:24:57.132736" level="INFO">Waited for Element with selector xpath=//div[@class="alert alert-secondary alert-dismissible"]/span[normalize-space(.)="Password é obrigatório"] at state visible</msg>
<arg>xpath=//div[@class="alert alert-secondary alert-dismissible"]/span[normalize-space(.)="${mensagem}"]</arg>
<arg>visible</arg>
<tag>PageContent</tag>
<tag>Wait</tag>
<doc>Waits for the element found by ``selector`` to satisfy state option.</doc>
<status status="PASS" start="2025-06-17T22:24:57.114020" elapsed="0.019397"/>
</kw>
<kw name="Get Text" owner="Browser">
<msg time="2025-06-17T22:24:57.197317" level="INFO">Text: 'Password é obrigatório'</msg>
<msg time="2025-06-17T22:24:57.197749" level="INFO">${texto} = Password é obrigatório</msg>
<var>${texto}</var>
<arg>xpath=//div[@class="alert alert-secondary alert-dismissible"]/span[normalize-space(.)="${mensagem}"]</arg>
<tag>Assertion</tag>
<tag>Getter</tag>
<tag>PageContent</tag>
<doc>Returns text attribute of the element found by ``selector``.</doc>
<status status="PASS" start="2025-06-17T22:24:57.134143" elapsed="0.063714"/>
</kw>
<kw name="Should Be Equal" owner="BuiltIn">
<arg>${texto}</arg>
<arg>${mensagem}</arg>
<doc>Fails if the given objects are unequal.</doc>
<status status="PASS" start="2025-06-17T22:24:57.198443" elapsed="0.001160"/>
</kw>
<arg>Password é obrigatório</arg>
<status status="PASS" start="2025-06-17T22:24:57.112951" elapsed="0.086967"/>
</kw>
<kw name="Take Screenshot" owner="Browser">
<msg time="2025-06-17T22:24:57.818143" level="INFO" html="true">&lt;/td&gt;&lt;/tr&gt;&lt;tr&gt;&lt;td colspan="3"&gt;&lt;a href="browser/screenshot/robotframework-browser-screenshot-4.png" target="_blank"&gt;&lt;img src="browser/screenshot/robotframework-browser-screenshot-4.png" width="800px"/&gt;&lt;/a&gt;</msg>
<tag>PageContent</tag>
<doc>Takes a screenshot of the current window or element and saves it to disk.</doc>
<status status="PASS" start="2025-06-17T22:24:57.200797" elapsed="0.617802"/>
</kw>
<msg time="2025-06-17T22:24:57.867313" level="INFO">Switching context to context=30ce15e4-2841-4ee0-98fa-175e651cdbf9 in CURRENT</msg>
<msg time="2025-06-17T22:24:57.889305" level="INFO">Successfully changed active context: context=30ce15e4-2841-4ee0-98fa-175e651cdbf9</msg>
<msg time="2025-06-17T22:24:58.327132" level="INFO">Successfully closed Context</msg>
<status status="PASS" start="2025-06-17T22:24:46.818928" elapsed="11.000408"/>
</test>
<kw name="Fechar Navegador" owner="base" type="TEARDOWN">
<kw name="Close Browser" owner="Browser">
<msg time="2025-06-17T22:25:01.301548" level="INFO">Closed all browsers</msg>
<arg>ALL</arg>
<tag>BrowserControl</tag>
<tag>Setter</tag>
<doc>Closes the current browser.</doc>
<status status="PASS" start="2025-06-17T22:24:58.350683" elapsed="2.951755"/>
</kw>
<status status="PASS" start="2025-06-17T22:24:58.349707" elapsed="2.953407"/>
</kw>
<status status="PASS" start="2025-06-17T22:22:45.849416" elapsed="135.454077"/>
</suite>
<statistics>
<total>
<stat pass="3" fail="0" skip="0">All Tests</stat>
</total>
<tag>
</tag>
<suite>
<stat name="Login Tests" id="s1" pass="3" fail="0" skip="0">Login Tests</stat>
</suite>
</statistics>
<errors>
</errors>
</robot>
