<?xml version="1.0" encoding="UTF-8"?>
<robot generator="Robot 7.2.2 (Python 3.13.3 on win32)" generated="2025-06-17T00:00:28.717115" rpa="false" schemaversion="5">
<suite id="s1" name="Usuarios Tests" source="C:\Users\abiol\OneDrive\CompassDocs\Sprint 7\Semana 14\serverest-testes-web\tests\usuarios_tests.robot">
<kw name="Start Session" owner="base" type="SETUP">
<kw name="New Browser" owner="Browser">
<msg time="2025-06-17T00:00:30.644081" level="INFO">{"browser": "chromium", "headless": false, "chromiumSandbox": false, "devtools": false, "handleSIGHUP": true, "handleSIGINT": true, "handleSIGTERM": true, "slowMo": 0.0, "timeout": 30000.0, "tracesDir": "C:\\Users\\abiol\\OneDrive\\CompassDocs\\Sprint 7\\Semana 14\\serverest-testes-web\\results\\usuarios\\browser\\traces\\temp\\8f66e61c-f609-4c58-b983-0203d01e7eb4"}</msg>
<msg time="2025-06-17T00:00:31.296104" level="INFO">Starting Browser process C:\Users\abiol\AppData\Local\Programs\Python\Python313\Lib\site-packages\Browser\wrapper\index.js using at 127.0.0.1:61624</msg>
<msg time="2025-06-17T00:01:02.133356" level="INFO">Successfully created browser with options: {"browser":"chromium","headless":false,"chromiumSandbox":false,"devtools":false,"handleSIGHUP":true,"handleSIGINT":true,"handleSIGTERM":true,"slowMo":0,"timeout":30000,"tracesDir":"C:\\Users\\abiol\\OneDrive\\CompassDocs\\Sprint 7\\Semana 14\\serverest-testes-web\\results\\usuarios\\browser\\traces\\temp\\8f66e61c-f609-4c58-b983-0203d01e7eb4"}</msg>
<arg>browser=chromium</arg>
<arg>headless=False</arg>
<tag>BrowserControl</tag>
<tag>Setter</tag>
<doc>Create a new playwright Browser with specified options.</doc>
<status status="PASS" start="2025-06-17T00:00:30.635688" elapsed="31.506281"/>
</kw>
<kw name="New Page" owner="Browser">
<msg time="2025-06-17T00:01:15.867009" level="INFO">Successfully initialized new page object and opened url: https://compassuolfront.serverest.dev</msg>
<msg time="2025-06-17T00:01:15.867301" level="INFO">No context was open. New context was automatically opened when this page is created.</msg>
<arg>${BASE_URL}</arg>
<tag>BrowserControl</tag>
<tag>Setter</tag>
<doc>Open a new Page.</doc>
<status status="PASS" start="2025-06-17T00:01:02.188592" elapsed="13.694525"/>
</kw>
<status status="PASS" start="2025-06-17T00:00:30.631494" elapsed="45.253533"/>
</kw>
<test id="s1-t1" name="CT-001 - Cadastro válido de usuário" line="10">
<kw name="Generate Random User Data" owner="usuarios_keywords">
<kw name="Evaluate" owner="BuiltIn">
<msg time="2025-06-17T00:01:16.215437" level="INFO">${rand} = 3889</msg>
<var>${rand}</var>
<arg>random.randint(1000, 9999)</arg>
<arg>modules=random</arg>
<doc>Evaluates the given expression in Python and returns the result.</doc>
<status status="PASS" start="2025-06-17T00:01:16.198810" elapsed="0.017335"/>
</kw>
<kw name="Set Variable" owner="BuiltIn">
<msg time="2025-06-17T00:01:16.218901" level="INFO">${email} = user3889@teste.com</msg>
<var>${email}</var>
<arg>user${rand}@teste.com</arg>
<doc>Returns the given values which can then be assigned to a variables.</doc>
<status status="PASS" start="2025-06-17T00:01:16.217449" elapsed="0.001586"/>
</kw>
<kw name="Set Suite Variable" owner="BuiltIn">
<msg time="2025-06-17T00:01:16.229270" level="INFO">${EMAIL_CAD} = user3889@teste.com</msg>
<arg>${EMAIL_CAD}</arg>
<arg>${email}</arg>
<doc>Makes a variable available everywhere within the scope of the current suite.</doc>
<status status="PASS" start="2025-06-17T00:01:16.219835" elapsed="0.009743"/>
</kw>
<kw name="Set Suite Variable" owner="BuiltIn">
<msg time="2025-06-17T00:01:16.233743" level="INFO">${PASS_CAD} = 123456</msg>
<arg>${PASS_CAD}</arg>
<arg>123456</arg>
<doc>Makes a variable available everywhere within the scope of the current suite.</doc>
<status status="PASS" start="2025-06-17T00:01:16.230741" elapsed="0.003577"/>
</kw>
<kw name="Set Suite Variable" owner="BuiltIn">
<msg time="2025-06-17T00:01:16.247448" level="INFO">${NAME_CAD} = Robot Teste 3889</msg>
<arg>${NAME_CAD}</arg>
<arg>Robot Teste ${rand}</arg>
<doc>Makes a variable available everywhere within the scope of the current suite.</doc>
<status status="PASS" start="2025-06-17T00:01:16.234818" elapsed="0.012887"/>
</kw>
<status status="PASS" start="2025-06-17T00:01:16.187922" elapsed="0.060296"/>
</kw>
<kw name="Register New User" owner="usuarios_keywords">
<kw name="Generate Random User Data" owner="usuarios_keywords">
<kw name="Evaluate" owner="BuiltIn">
<msg time="2025-06-17T00:01:16.338378" level="INFO">${rand} = 1356</msg>
<var>${rand}</var>
<arg>random.randint(1000, 9999)</arg>
<arg>modules=random</arg>
<doc>Evaluates the given expression in Python and returns the result.</doc>
<status status="PASS" start="2025-06-17T00:01:16.337001" elapsed="0.001836"/>
</kw>
<kw name="Set Variable" owner="BuiltIn">
<msg time="2025-06-17T00:01:16.340925" level="INFO">${email} = user1356@teste.com</msg>
<var>${email}</var>
<arg>user${rand}@teste.com</arg>
<doc>Returns the given values which can then be assigned to a variables.</doc>
<status status="PASS" start="2025-06-17T00:01:16.339524" elapsed="0.001713"/>
</kw>
<kw name="Set Suite Variable" owner="BuiltIn">
<msg time="2025-06-17T00:01:16.343132" level="INFO">${EMAIL_CAD} = user1356@teste.com</msg>
<arg>${EMAIL_CAD}</arg>
<arg>${email}</arg>
<doc>Makes a variable available everywhere within the scope of the current suite.</doc>
<status status="PASS" start="2025-06-17T00:01:16.342255" elapsed="0.001025"/>
</kw>
<kw name="Set Suite Variable" owner="BuiltIn">
<msg time="2025-06-17T00:01:16.349426" level="INFO">${PASS_CAD} = 123456</msg>
<arg>${PASS_CAD}</arg>
<arg>123456</arg>
<doc>Makes a variable available everywhere within the scope of the current suite.</doc>
<status status="PASS" start="2025-06-17T00:01:16.347143" elapsed="0.002602"/>
</kw>
<kw name="Set Suite Variable" owner="BuiltIn">
<msg time="2025-06-17T00:01:16.356667" level="INFO">${NAME_CAD} = Robot Teste 1356</msg>
<arg>${NAME_CAD}</arg>
<arg>Robot Teste ${rand}</arg>
<doc>Makes a variable available everywhere within the scope of the current suite.</doc>
<status status="PASS" start="2025-06-17T00:01:16.351048" elapsed="0.005824"/>
</kw>
<status status="PASS" start="2025-06-17T00:01:16.335450" elapsed="0.022278"/>
</kw>
<kw name="Open User Registration Page" owner="usuarios_keywords">
<kw name="Start Session" owner="base">
<kw name="New Browser" owner="Browser">
<msg time="2025-06-17T00:01:16.387811" level="INFO">Switching browser to browser=423326cc-726e-4e67-82ad-236b089d4f5e</msg>
<msg time="2025-06-17T00:01:16.406069" level="INFO">Successfully changed active browser: browser=423326cc-726e-4e67-82ad-236b089d4f5e</msg>
<msg time="2025-06-17T00:01:16.406481" level="INFO">Reusing existing browser with id: browser=423326cc-726e-4e67-82ad-236b089d4f5e</msg>
<arg>browser=chromium</arg>
<arg>headless=False</arg>
<tag>BrowserControl</tag>
<tag>Setter</tag>
<doc>Create a new playwright Browser with specified options.</doc>
<status status="PASS" start="2025-06-17T00:01:16.364316" elapsed="0.042366"/>
</kw>
<kw name="New Page" owner="Browser">
<msg time="2025-06-17T00:04:05.524588" level="INFO">Keyword 'Take Screenshot  fail-screenshot-{index}' could not be run on failure:
Error: Tried to take screenshot, but no page was open.</msg>
<msg time="2025-06-17T00:04:05.819711" level="INFO">See also file:///C:/Users/abiol/OneDrive/CompassDocs/Sprint%207/Semana%2014/serverest-testes-web/results/usuarios/playwright-log.txt for additional details.</msg>
<msg time="2025-06-17T00:04:06.092123" level="FAIL">Error: browserContext.newPage: Protocol error (Page.enable): Target crashed</msg>
<arg>${BASE_URL}</arg>
<tag>BrowserControl</tag>
<tag>Setter</tag>
<doc>Open a new Page.</doc>
<status status="FAIL" start="2025-06-17T00:01:16.407975" elapsed="169.984312">Error: browserContext.newPage: Protocol error (Page.enable): Target crashed</status>
</kw>
<status status="FAIL" start="2025-06-17T00:01:16.362636" elapsed="170.034243">Error: browserContext.newPage: Protocol error (Page.enable): Target crashed</status>
</kw>
<kw name="Go To" owner="Browser">
<arg>${USER_PAGE_URL}</arg>
<tag>BrowserControl</tag>
<tag>Setter</tag>
<doc>Navigates to the given ``url``.</doc>
<status status="NOT RUN" start="2025-06-17T00:04:06.437742" elapsed="0.005452"/>
</kw>
<status status="FAIL" start="2025-06-17T00:01:16.358657" elapsed="170.085274">Error: browserContext.newPage: Protocol error (Page.enable): Target crashed</status>
</kw>
<kw name="Fill Registration Form" owner="usuarios_keywords">
<arg>${NAME_CAD}</arg>
<arg>${EMAIL_CAD}</arg>
<arg>${PASS_CAD}</arg>
<status status="NOT RUN" start="2025-06-17T00:04:06.448845" elapsed="0.000801"/>
</kw>
<kw name="Submit Registration" owner="usuarios_keywords">
<status status="NOT RUN" start="2025-06-17T00:04:06.450267" elapsed="0.000275"/>
</kw>
<kw name="Validate Alert Message" owner="usuarios_keywords">
<arg>Cadastro realizado com sucesso</arg>
<status status="NOT RUN" start="2025-06-17T00:04:06.451360" elapsed="0.000490"/>
</kw>
<kw name="Fechar Navegador" owner="base">
<status status="NOT RUN" start="2025-06-17T00:04:06.452290" elapsed="0.000262"/>
</kw>
<status status="FAIL" start="2025-06-17T00:01:16.333779" elapsed="170.119123">Error: browserContext.newPage: Protocol error (Page.enable): Target crashed</status>
</kw>
<status status="FAIL" start="2025-06-17T00:01:15.893464" elapsed="170.582170">Error: browserContext.newPage: Protocol error (Page.enable): Target crashed</status>
</test>
<test id="s1-t2" name="CT-002 - Cadastro com e-mail duplicado" line="14">
<kw name="Generate Random User Data" owner="usuarios_keywords">
<kw name="Evaluate" owner="BuiltIn">
<msg time="2025-06-17T00:04:06.584142" level="INFO">${rand} = 5723</msg>
<var>${rand}</var>
<arg>random.randint(1000, 9999)</arg>
<arg>modules=random</arg>
<doc>Evaluates the given expression in Python and returns the result.</doc>
<status status="PASS" start="2025-06-17T00:04:06.568432" elapsed="0.015880"/>
</kw>
<kw name="Set Variable" owner="BuiltIn">
<msg time="2025-06-17T00:04:06.586048" level="INFO">${email} = user5723@teste.com</msg>
<var>${email}</var>
<arg>user${rand}@teste.com</arg>
<doc>Returns the given values which can then be assigned to a variables.</doc>
<status status="PASS" start="2025-06-17T00:04:06.585076" elapsed="0.001083"/>
</kw>
<kw name="Set Suite Variable" owner="BuiltIn">
<msg time="2025-06-17T00:04:06.587882" level="INFO">${EMAIL_CAD} = user5723@teste.com</msg>
<arg>${EMAIL_CAD}</arg>
<arg>${email}</arg>
<doc>Makes a variable available everywhere within the scope of the current suite.</doc>
<status status="PASS" start="2025-06-17T00:04:06.586756" elapsed="0.001307"/>
</kw>
<kw name="Set Suite Variable" owner="BuiltIn">
<msg time="2025-06-17T00:04:06.589218" level="INFO">${PASS_CAD} = 123456</msg>
<arg>${PASS_CAD}</arg>
<arg>123456</arg>
<doc>Makes a variable available everywhere within the scope of the current suite.</doc>
<status status="PASS" start="2025-06-17T00:04:06.588489" elapsed="0.000876"/>
</kw>
<kw name="Set Suite Variable" owner="BuiltIn">
<msg time="2025-06-17T00:04:06.590513" level="INFO">${NAME_CAD} = Robot Teste 5723</msg>
<arg>${NAME_CAD}</arg>
<arg>Robot Teste ${rand}</arg>
<doc>Makes a variable available everywhere within the scope of the current suite.</doc>
<status status="PASS" start="2025-06-17T00:04:06.589737" elapsed="0.000920"/>
</kw>
<status status="PASS" start="2025-06-17T00:04:06.563880" elapsed="0.027065"/>
</kw>
<kw name="Register User With Duplicate Email" owner="usuarios_keywords">
<kw name="Generate Random User Data" owner="usuarios_keywords">
<kw name="Evaluate" owner="BuiltIn">
<msg time="2025-06-17T00:04:06.596111" level="INFO">${rand} = 7814</msg>
<var>${rand}</var>
<arg>random.randint(1000, 9999)</arg>
<arg>modules=random</arg>
<doc>Evaluates the given expression in Python and returns the result.</doc>
<status status="PASS" start="2025-06-17T00:04:06.595107" elapsed="0.001118"/>
</kw>
<kw name="Set Variable" owner="BuiltIn">
<msg time="2025-06-17T00:04:06.597294" level="INFO">${email} = user7814@teste.com</msg>
<var>${email}</var>
<arg>user${rand}@teste.com</arg>
<doc>Returns the given values which can then be assigned to a variables.</doc>
<status status="PASS" start="2025-06-17T00:04:06.596616" elapsed="0.000773"/>
</kw>
<kw name="Set Suite Variable" owner="BuiltIn">
<msg time="2025-06-17T00:04:06.600151" level="INFO">${EMAIL_CAD} = user7814@teste.com</msg>
<arg>${EMAIL_CAD}</arg>
<arg>${email}</arg>
<doc>Makes a variable available everywhere within the scope of the current suite.</doc>
<status status="PASS" start="2025-06-17T00:04:06.597775" elapsed="0.002777"/>
</kw>
<kw name="Set Suite Variable" owner="BuiltIn">
<msg time="2025-06-17T00:04:06.602014" level="INFO">${PASS_CAD} = 123456</msg>
<arg>${PASS_CAD}</arg>
<arg>123456</arg>
<doc>Makes a variable available everywhere within the scope of the current suite.</doc>
<status status="PASS" start="2025-06-17T00:04:06.601056" elapsed="0.001110"/>
</kw>
<kw name="Set Suite Variable" owner="BuiltIn">
<msg time="2025-06-17T00:04:06.603907" level="INFO">${NAME_CAD} = Robot Teste 7814</msg>
<arg>${NAME_CAD}</arg>
<arg>Robot Teste ${rand}</arg>
<doc>Makes a variable available everywhere within the scope of the current suite.</doc>
<status status="PASS" start="2025-06-17T00:04:06.602870" elapsed="0.001535"/>
</kw>
<status status="PASS" start="2025-06-17T00:04:06.593922" elapsed="0.010815"/>
</kw>
<kw name="Open User Registration Page" owner="usuarios_keywords">
<kw name="Start Session" owner="base">
<kw name="New Browser" owner="Browser">
<msg time="2025-06-17T00:04:06.619376" level="INFO">Switching browser to browser=423326cc-726e-4e67-82ad-236b089d4f5e</msg>
<msg time="2025-06-17T00:04:06.639659" level="INFO">Successfully changed active browser: browser=423326cc-726e-4e67-82ad-236b089d4f5e</msg>
<msg time="2025-06-17T00:04:06.640181" level="INFO">Reusing existing browser with id: browser=423326cc-726e-4e67-82ad-236b089d4f5e</msg>
<arg>browser=chromium</arg>
<arg>headless=False</arg>
<tag>BrowserControl</tag>
<tag>Setter</tag>
<doc>Create a new playwright Browser with specified options.</doc>
<status status="PASS" start="2025-06-17T00:04:06.607202" elapsed="0.033219"/>
</kw>
<kw name="New Page" owner="Browser">
<msg time="2025-06-17T00:04:12.894171" level="INFO">Successfully initialized new page object and opened url: https://compassuolfront.serverest.dev</msg>
<arg>${BASE_URL}</arg>
<tag>BrowserControl</tag>
<tag>Setter</tag>
<doc>Open a new Page.</doc>
<status status="PASS" start="2025-06-17T00:04:06.641140" elapsed="6.254601"/>
</kw>
<status status="PASS" start="2025-06-17T00:04:06.606278" elapsed="6.289830"/>
</kw>
<kw name="Go To" owner="Browser">
<msg time="2025-06-17T00:04:13.514496" level="INFO">Successfully opened URL https://compassuolfront.serverest.dev/usuarios</msg>
<arg>${USER_PAGE_URL}</arg>
<tag>BrowserControl</tag>
<tag>Setter</tag>
<doc>Navigates to the given ``url``.</doc>
<status status="PASS" start="2025-06-17T00:04:12.896888" elapsed="0.618260"/>
</kw>
<status status="PASS" start="2025-06-17T00:04:06.605214" elapsed="6.910280"/>
</kw>
<kw name="Fill Registration Form" owner="usuarios_keywords">
<kw name="Wait For Elements State" owner="Browser">
<msg time="2025-06-17T00:05:32.044385" level="INFO" html="true">&lt;/td&gt;&lt;/tr&gt;&lt;tr&gt;&lt;td colspan="3"&gt;&lt;a href="browser/screenshot/fail-screenshot-1.png" target="_blank"&gt;&lt;img src="browser/screenshot/fail-screenshot-1.png" width="800px"/&gt;&lt;/a&gt;</msg>
<msg time="2025-06-17T00:05:32.082441" level="INFO">See also file:///C:/Users/abiol/OneDrive/CompassDocs/Sprint%207/Semana%2014/serverest-testes-web/results/usuarios/playwright-log.txt for additional details.</msg>
<msg time="2025-06-17T00:05:32.168686" level="FAIL">TimeoutError: locator.waitFor: Timeout 60000ms exceeded.
Call log:
  - waiting for locator('id=nome') to be visible
</msg>
<arg>${FIELD_NAME}</arg>
<arg>visible</arg>
<arg>timeout=60s</arg>
<tag>PageContent</tag>
<tag>Wait</tag>
<doc>Waits for the element found by ``selector`` to satisfy state option.</doc>
<status status="FAIL" start="2025-06-17T00:04:13.517695" elapsed="79.079554">TimeoutError: locator.waitFor: Timeout 60000ms exceeded.
Call log:
  - waiting for locator('id=nome') to be visible
</status>
</kw>
<kw name="Fill Text" owner="Browser">
<arg>${FIELD_NAME}</arg>
<arg>${name}</arg>
<tag>PageContent</tag>
<tag>Setter</tag>
<doc>Clears and fills the given ``txt`` into the text field found by ``selector``.</doc>
<status status="NOT RUN" start="2025-06-17T00:05:34.409675" elapsed="0.128484"/>
</kw>
<kw name="Fill Text" owner="Browser">
<arg>${FIELD_EMAIL}</arg>
<arg>${email}</arg>
<tag>PageContent</tag>
<tag>Setter</tag>
<doc>Clears and fills the given ``txt`` into the text field found by ``selector``.</doc>
<status status="NOT RUN" start="2025-06-17T00:05:34.548201" elapsed="0.000504"/>
</kw>
<kw name="Fill Text" owner="Browser">
<arg>${FIELD_PASSWORD}</arg>
<arg>${password}</arg>
<tag>PageContent</tag>
<tag>Setter</tag>
<doc>Clears and fills the given ``txt`` into the text field found by ``selector``.</doc>
<status status="NOT RUN" start="2025-06-17T00:05:34.549087" elapsed="0.000310"/>
</kw>
<arg>${NAME_CAD}</arg>
<arg>${EMAIL_CAD}</arg>
<arg>${PASS_CAD}</arg>
<status status="FAIL" start="2025-06-17T00:04:13.516015" elapsed="81.084243">TimeoutError: locator.waitFor: Timeout 60000ms exceeded.
Call log:
  - waiting for locator('id=nome') to be visible
</status>
</kw>
<kw name="Submit Registration" owner="usuarios_keywords">
<status status="NOT RUN" start="2025-06-17T00:05:34.682635" elapsed="0.000635"/>
</kw>
<kw name="Validate Alert Message" owner="usuarios_keywords">
<arg>Cadastro realizado com sucesso</arg>
<status status="NOT RUN" start="2025-06-17T00:05:34.683902" elapsed="0.018936"/>
</kw>
<kw name="Open User Registration Page" owner="usuarios_keywords">
<status status="NOT RUN" start="2025-06-17T00:05:34.703792" elapsed="0.000385"/>
</kw>
<kw name="Set Variable" owner="BuiltIn">
<var>${dup_name}</var>
<arg>Duplicate ${NAME_CAD}</arg>
<doc>Returns the given values which can then be assigned to a variables.</doc>
<status status="NOT RUN" start="2025-06-17T00:05:34.739335" elapsed="0.000742"/>
</kw>
<kw name="Fill Registration Form" owner="usuarios_keywords">
<arg>${dup_name}</arg>
<arg>${EMAIL_CAD}</arg>
<arg>${PASS_CAD}</arg>
<status status="NOT RUN" start="2025-06-17T00:05:34.740853" elapsed="0.000380"/>
</kw>
<kw name="Submit Registration" owner="usuarios_keywords">
<status status="NOT RUN" start="2025-06-17T00:05:34.770978" elapsed="0.000736"/>
</kw>
<kw name="Validate Alert Message" owner="usuarios_keywords">
<arg>Este email já está sendo usado</arg>
<status status="NOT RUN" start="2025-06-17T00:05:34.780575" elapsed="0.000830"/>
</kw>
<kw name="Fechar Navegador" owner="base">
<status status="NOT RUN" start="2025-06-17T00:05:34.782940" elapsed="0.000641"/>
</kw>
<status status="FAIL" start="2025-06-17T00:04:06.592226" elapsed="88.191832">TimeoutError: locator.waitFor: Timeout 60000ms exceeded.
Call log:
  - waiting for locator('id=nome') to be visible
</status>
</kw>
<msg time="2025-06-17T00:05:36.376971" level="INFO">Switching browser to CURRENT</msg>
<msg time="2025-06-17T00:05:36.399812" level="INFO">Returned active browser id. CURRENT</msg>
<msg time="2025-06-17T00:05:36.405792" level="INFO">Switching browser to browser=423326cc-726e-4e67-82ad-236b089d4f5e</msg>
<msg time="2025-06-17T00:05:36.420554" level="INFO">Successfully changed active browser: browser=423326cc-726e-4e67-82ad-236b089d4f5e</msg>
<msg time="2025-06-17T00:05:36.421178" level="INFO">Switching context to context=4a637003-66c1-4ba1-8ea2-59ed83377087 in CURRENT</msg>
<msg time="2025-06-17T00:05:36.524464" level="INFO">Successfully changed active context: context=4a637003-66c1-4ba1-8ea2-59ed83377087</msg>
<msg time="2025-06-17T00:05:36.524886" level="INFO">Switching to page page=23f10661-be9d-408c-a39b-1a23f3d223ec,context CURRENT, browser CURRENT</msg>
<msg time="2025-06-17T00:05:36.586636" level="INFO">Successfully changed active page: page=23f10661-be9d-408c-a39b-1a23f3d223ec</msg>
<msg time="2025-06-17T00:05:37.537001" level="INFO">Successfully closed Page with runBeforeUnload false</msg>
<status status="FAIL" start="2025-06-17T00:04:06.551156" elapsed="88.349643">TimeoutError: locator.waitFor: Timeout 60000ms exceeded.
Call log:
  - waiting for locator('id=nome') to be visible
</status>
</test>
<test id="s1-t3" name="CT-003 - Ausência do campo obrigatório email" line="18">
<kw name="Generate Random User Data" owner="usuarios_keywords">
<kw name="Evaluate" owner="BuiltIn">
<msg time="2025-06-17T00:05:37.673346" level="INFO">${rand} = 4235</msg>
<var>${rand}</var>
<arg>random.randint(1000, 9999)</arg>
<arg>modules=random</arg>
<doc>Evaluates the given expression in Python and returns the result.</doc>
<status status="PASS" start="2025-06-17T00:05:37.620517" elapsed="0.053473"/>
</kw>
<kw name="Set Variable" owner="BuiltIn">
<msg time="2025-06-17T00:05:37.678099" level="INFO">${email} = user4235@teste.com</msg>
<var>${email}</var>
<arg>user${rand}@teste.com</arg>
<doc>Returns the given values which can then be assigned to a variables.</doc>
<status status="PASS" start="2025-06-17T00:05:37.674804" elapsed="0.003577"/>
</kw>
<kw name="Set Suite Variable" owner="BuiltIn">
<msg time="2025-06-17T00:05:37.680899" level="INFO">${EMAIL_CAD} = user4235@teste.com</msg>
<arg>${EMAIL_CAD}</arg>
<arg>${email}</arg>
<doc>Makes a variable available everywhere within the scope of the current suite.</doc>
<status status="PASS" start="2025-06-17T00:05:37.679184" elapsed="0.001907"/>
</kw>
<kw name="Set Suite Variable" owner="BuiltIn">
<msg time="2025-06-17T00:05:37.683037" level="INFO">${PASS_CAD} = 123456</msg>
<arg>${PASS_CAD}</arg>
<arg>123456</arg>
<doc>Makes a variable available everywhere within the scope of the current suite.</doc>
<status status="PASS" start="2025-06-17T00:05:37.681706" elapsed="0.012829"/>
</kw>
<kw name="Set Suite Variable" owner="BuiltIn">
<msg time="2025-06-17T00:05:37.696995" level="INFO">${NAME_CAD} = Robot Teste 4235</msg>
<arg>${NAME_CAD}</arg>
<arg>Robot Teste ${rand}</arg>
<doc>Makes a variable available everywhere within the scope of the current suite.</doc>
<status status="PASS" start="2025-06-17T00:05:37.695618" elapsed="0.001529"/>
</kw>
<status status="PASS" start="2025-06-17T00:05:37.593886" elapsed="0.103679"/>
</kw>
<kw name="Register User Without Email" owner="usuarios_keywords">
<kw name="Generate Random User Data" owner="usuarios_keywords">
<kw name="Evaluate" owner="BuiltIn">
<msg time="2025-06-17T00:05:37.899896" level="INFO">${rand} = 1252</msg>
<var>${rand}</var>
<arg>random.randint(1000, 9999)</arg>
<arg>modules=random</arg>
<doc>Evaluates the given expression in Python and returns the result.</doc>
<status status="PASS" start="2025-06-17T00:05:37.826129" elapsed="0.078639"/>
</kw>
<kw name="Set Variable" owner="BuiltIn">
<msg time="2025-06-17T00:05:37.908323" level="INFO">${email} = user1252@teste.com</msg>
<var>${email}</var>
<arg>user${rand}@teste.com</arg>
<doc>Returns the given values which can then be assigned to a variables.</doc>
<status status="PASS" start="2025-06-17T00:05:37.905380" elapsed="0.003181"/>
</kw>
<kw name="Set Suite Variable" owner="BuiltIn">
<msg time="2025-06-17T00:05:37.949746" level="INFO">${EMAIL_CAD} = user1252@teste.com</msg>
<arg>${EMAIL_CAD}</arg>
<arg>${email}</arg>
<doc>Makes a variable available everywhere within the scope of the current suite.</doc>
<status status="PASS" start="2025-06-17T00:05:37.944519" elapsed="0.005658"/>
</kw>
<kw name="Set Suite Variable" owner="BuiltIn">
<msg time="2025-06-17T00:05:37.956913" level="INFO">${PASS_CAD} = 123456</msg>
<arg>${PASS_CAD}</arg>
<arg>123456</arg>
<doc>Makes a variable available everywhere within the scope of the current suite.</doc>
<status status="PASS" start="2025-06-17T00:05:37.954330" elapsed="0.002787"/>
</kw>
<kw name="Set Suite Variable" owner="BuiltIn">
<msg time="2025-06-17T00:05:37.982416" level="INFO">${NAME_CAD} = Robot Teste 1252</msg>
<arg>${NAME_CAD}</arg>
<arg>Robot Teste ${rand}</arg>
<doc>Makes a variable available everywhere within the scope of the current suite.</doc>
<status status="PASS" start="2025-06-17T00:05:37.971648" elapsed="0.011478"/>
</kw>
<status status="PASS" start="2025-06-17T00:05:37.712907" elapsed="0.270840"/>
</kw>
<kw name="Open User Registration Page" owner="usuarios_keywords">
<kw name="Start Session" owner="base">
<kw name="New Browser" owner="Browser">
<msg time="2025-06-17T00:05:38.575918" level="INFO">Switching browser to browser=423326cc-726e-4e67-82ad-236b089d4f5e</msg>
<msg time="2025-06-17T00:05:38.603213" level="INFO">Successfully changed active browser: browser=423326cc-726e-4e67-82ad-236b089d4f5e</msg>
<msg time="2025-06-17T00:05:38.603626" level="INFO">Reusing existing browser with id: browser=423326cc-726e-4e67-82ad-236b089d4f5e</msg>
<arg>browser=chromium</arg>
<arg>headless=False</arg>
<tag>BrowserControl</tag>
<tag>Setter</tag>
<doc>Create a new playwright Browser with specified options.</doc>
<status status="PASS" start="2025-06-17T00:05:38.018202" elapsed="0.585710"/>
</kw>
<kw name="New Page" owner="Browser">
<msg time="2025-06-17T00:06:09.449259" level="INFO">Keyword 'Take Screenshot  fail-screenshot-{index}' could not be run on failure:
Error: Tried to take screenshot, but no page was open.</msg>
<msg time="2025-06-17T00:06:09.537160" level="INFO">See also file:///C:/Users/abiol/OneDrive/CompassDocs/Sprint%207/Semana%2014/serverest-testes-web/results/usuarios/playwright-log.txt for additional details.</msg>
<msg time="2025-06-17T00:06:09.560348" level="FAIL">TimeoutError: page.goto: Timeout 10000ms exceeded.
Call log:
  - navigating to "https://compassuolfront.serverest.dev/", waiting until "load"
</msg>
<arg>${BASE_URL}</arg>
<tag>BrowserControl</tag>
<tag>Setter</tag>
<doc>Open a new Page.</doc>
<status status="FAIL" start="2025-06-17T00:05:38.605703" elapsed="31.083461">TimeoutError: page.goto: Timeout 10000ms exceeded.
Call log:
  - navigating to "https://compassuolfront.serverest.dev/", waiting until "load"
</status>
</kw>
<status status="FAIL" start="2025-06-17T00:05:37.993981" elapsed="31.704606">TimeoutError: page.goto: Timeout 10000ms exceeded.
Call log:
  - navigating to "https://compassuolfront.serverest.dev/", waiting until "load"
</status>
</kw>
<kw name="Go To" owner="Browser">
<arg>${USER_PAGE_URL}</arg>
<tag>BrowserControl</tag>
<tag>Setter</tag>
<doc>Navigates to the given ``url``.</doc>
<status status="NOT RUN" start="2025-06-17T00:06:09.702828" elapsed="0.005877"/>
</kw>
<status status="FAIL" start="2025-06-17T00:05:37.984208" elapsed="31.725304">TimeoutError: page.goto: Timeout 10000ms exceeded.
Call log:
  - navigating to "https://compassuolfront.serverest.dev/", waiting until "load"
</status>
</kw>
<kw name="Fill Registration Form" owner="usuarios_keywords">
<arg>${NAME_CAD}</arg>
<arg>${EMPTY}</arg>
<arg>${PASS_CAD}</arg>
<status status="NOT RUN" start="2025-06-17T00:06:09.710743" elapsed="0.000551"/>
</kw>
<kw name="Submit Registration" owner="usuarios_keywords">
<status status="NOT RUN" start="2025-06-17T00:06:09.712147" elapsed="0.000378"/>
</kw>
<kw name="Validate Alert Message" owner="usuarios_keywords">
<arg>email é obrigatório</arg>
<status status="NOT RUN" start="2025-06-17T00:06:09.712949" elapsed="0.000314"/>
</kw>
<kw name="Fechar Navegador" owner="base">
<status status="NOT RUN" start="2025-06-17T00:06:09.713674" elapsed="0.000237"/>
</kw>
<status status="FAIL" start="2025-06-17T00:05:37.711288" elapsed="32.004327">TimeoutError: page.goto: Timeout 10000ms exceeded.
Call log:
  - navigating to "https://compassuolfront.serverest.dev/", waiting until "load"
</status>
</kw>
<status status="FAIL" start="2025-06-17T00:05:37.566510" elapsed="32.182637">TimeoutError: page.goto: Timeout 10000ms exceeded.
Call log:
  - navigating to "https://compassuolfront.serverest.dev/", waiting until "load"
</status>
</test>
<test id="s1-t4" name="CT-004 - Ausência do campo obrigatório nome" line="22">
<kw name="Generate Random User Data" owner="usuarios_keywords">
<kw name="Evaluate" owner="BuiltIn">
<msg time="2025-06-17T00:06:09.847496" level="INFO">${rand} = 9254</msg>
<var>${rand}</var>
<arg>random.randint(1000, 9999)</arg>
<arg>modules=random</arg>
<doc>Evaluates the given expression in Python and returns the result.</doc>
<status status="PASS" start="2025-06-17T00:06:09.840992" elapsed="0.007459"/>
</kw>
<kw name="Set Variable" owner="BuiltIn">
<msg time="2025-06-17T00:06:09.851073" level="INFO">${email} = user9254@teste.com</msg>
<var>${email}</var>
<arg>user${rand}@teste.com</arg>
<doc>Returns the given values which can then be assigned to a variables.</doc>
<status status="PASS" start="2025-06-17T00:06:09.849749" elapsed="0.001514"/>
</kw>
<kw name="Set Suite Variable" owner="BuiltIn">
<msg time="2025-06-17T00:06:09.852777" level="INFO">${EMAIL_CAD} = user9254@teste.com</msg>
<arg>${EMAIL_CAD}</arg>
<arg>${email}</arg>
<doc>Makes a variable available everywhere within the scope of the current suite.</doc>
<status status="PASS" start="2025-06-17T00:06:09.851795" elapsed="0.001150"/>
</kw>
<kw name="Set Suite Variable" owner="BuiltIn">
<msg time="2025-06-17T00:06:09.854070" level="INFO">${PASS_CAD} = 123456</msg>
<arg>${PASS_CAD}</arg>
<arg>123456</arg>
<doc>Makes a variable available everywhere within the scope of the current suite.</doc>
<status status="PASS" start="2025-06-17T00:06:09.853339" elapsed="0.000961"/>
</kw>
<kw name="Set Suite Variable" owner="BuiltIn">
<msg time="2025-06-17T00:06:09.855919" level="INFO">${NAME_CAD} = Robot Teste 9254</msg>
<arg>${NAME_CAD}</arg>
<arg>Robot Teste ${rand}</arg>
<doc>Makes a variable available everywhere within the scope of the current suite.</doc>
<status status="PASS" start="2025-06-17T00:06:09.854752" elapsed="0.001370"/>
</kw>
<status status="PASS" start="2025-06-17T00:06:09.837928" elapsed="0.018558"/>
</kw>
<kw name="Register User Without Name" owner="usuarios_keywords">
<kw name="Generate Random User Data" owner="usuarios_keywords">
<kw name="Evaluate" owner="BuiltIn">
<msg time="2025-06-17T00:06:09.861070" level="INFO">${rand} = 4760</msg>
<var>${rand}</var>
<arg>random.randint(1000, 9999)</arg>
<arg>modules=random</arg>
<doc>Evaluates the given expression in Python and returns the result.</doc>
<status status="PASS" start="2025-06-17T00:06:09.859843" elapsed="0.001410"/>
</kw>
<kw name="Set Variable" owner="BuiltIn">
<msg time="2025-06-17T00:06:09.862578" level="INFO">${email} = user4760@teste.com</msg>
<var>${email}</var>
<arg>user${rand}@teste.com</arg>
<doc>Returns the given values which can then be assigned to a variables.</doc>
<status status="PASS" start="2025-06-17T00:06:09.861673" elapsed="0.001005"/>
</kw>
<kw name="Set Suite Variable" owner="BuiltIn">
<msg time="2025-06-17T00:06:09.863969" level="INFO">${EMAIL_CAD} = user4760@teste.com</msg>
<arg>${EMAIL_CAD}</arg>
<arg>${email}</arg>
<doc>Makes a variable available everywhere within the scope of the current suite.</doc>
<status status="PASS" start="2025-06-17T00:06:09.863101" elapsed="0.001033"/>
</kw>
<kw name="Set Suite Variable" owner="BuiltIn">
<msg time="2025-06-17T00:06:09.866547" level="INFO">${PASS_CAD} = 123456</msg>
<arg>${PASS_CAD}</arg>
<arg>123456</arg>
<doc>Makes a variable available everywhere within the scope of the current suite.</doc>
<status status="PASS" start="2025-06-17T00:06:09.865225" elapsed="0.001500"/>
</kw>
<kw name="Set Suite Variable" owner="BuiltIn">
<msg time="2025-06-17T00:06:09.868105" level="INFO">${NAME_CAD} = Robot Teste 4760</msg>
<arg>${NAME_CAD}</arg>
<arg>Robot Teste ${rand}</arg>
<doc>Makes a variable available everywhere within the scope of the current suite.</doc>
<status status="PASS" start="2025-06-17T00:06:09.867189" elapsed="0.001062"/>
</kw>
<status status="PASS" start="2025-06-17T00:06:09.858962" elapsed="0.012931"/>
</kw>
<kw name="Open User Registration Page" owner="usuarios_keywords">
<kw name="Start Session" owner="base">
<kw name="New Browser" owner="Browser">
<msg time="2025-06-17T00:06:09.884647" level="INFO">