<?xml version="1.0" encoding="UTF-8"?>
<robot generator="Robot 7.2.2 (Python 3.13.3 on win32)" generated="2025-06-18T16:42:31.616894" rpa="false" schemaversion="5">
<suite id="s1" name="Tests" source="C:\Users\accro\Documents\compass\serverest-testes-web\tests">
<suite id="s1-s1" name="Login Tests" source="C:\Users\accro\Documents\compass\serverest-testes-web\tests\login_tests.robot">
<kw name="Start Session" owner="base" type="SETUP">
<kw name="New Browser" owner="Browser">
<msg time="2025-06-18T16:42:32.312823" level="INFO">{"browser": "chromium", "headless": false, "chromiumSandbox": false, "devtools": false, "handleSIGHUP": true, "handleSIGINT": true, "handleSIGTERM": true, "slowMo": 0.0, "timeout": 30000.0, "tracesDir": "C:\\Users\\accro\\Documents\\compass\\serverest-testes-web\\results\\browser\\traces\\temp\\7dacc1d4-4825-4e9f-bc33-27bed1b58da5"}</msg>
<msg time="2025-06-18T16:42:32.352426" level="INFO">Starting Browser process C:\Users\accro\AppData\Local\Programs\Python\Python313\Lib\site-packages\Browser\wrapper\index.js using at 127.0.0.1:60718</msg>
<msg time="2025-06-18T16:42:34.672880" level="INFO">Successfully created browser with options: {"browser":"chromium","headless":false,"chromiumSandbox":false,"devtools":false,"handleSIGHUP":true,"handleSIGINT":true,"handleSIGTERM":true,"slowMo":0,"timeout":30000,"tracesDir":"C:\\Users\\accro\\Documents\\compass\\serverest-testes-web\\results\\browser\\traces\\temp\\7dacc1d4-4825-4e9f-bc33-27bed1b58da5"}</msg>
<arg>browser=chromium</arg>
<arg>headless=False</arg>
<tag>BrowserControl</tag>
<tag>Setter</tag>
<doc>Create a new playwright Browser with specified options.</doc>
<status status="PASS" start="2025-06-18T16:42:32.312247" elapsed="2.360810"/>
</kw>
<kw name="New Page" owner="Browser">
<msg time="2025-06-18T16:42:36.881487" level="INFO">Successfully initialized new page object and opened url: https://compassuolfront.serverest.dev</msg>
<msg time="2025-06-18T16:42:36.881594" level="INFO">No context was open. New context was automatically opened when this page is created.</msg>
<arg>${BASE_URL}</arg>
<tag>BrowserControl</tag>
<tag>Setter</tag>
<doc>Open a new Page.</doc>
<status status="PASS" start="2025-06-18T16:42:34.673302" elapsed="2.208467"/>
</kw>
<status status="PASS" start="2025-06-18T16:42:32.311477" elapsed="4.570464"/>
</kw>
<test id="s1-s1-t1" name="CT001 - Login com sucesso (usuário recém-cadastrado)" line="11">
<kw name="New Login User" owner="login_keywords">
<kw name="Generate Random User Data" owner="base">
<kw name="Evaluate" owner="BuiltIn">
<msg time="2025-06-18T16:42:36.891285" level="INFO">${rand} = 3190</msg>
<var>${rand}</var>
<arg>random.randint(1000, 9999)</arg>
<arg>modules=random</arg>
<doc>Evaluates the given expression in Python and returns the result.</doc>
<status status="PASS" start="2025-06-18T16:42:36.890883" elapsed="0.000450"/>
</kw>
<kw name="Set Variable" owner="BuiltIn">
<msg time="2025-06-18T16:42:36.891714" level="INFO">${email} = user3190@teste.com</msg>
<var>${email}</var>
<arg>user${rand}@teste.com</arg>
<doc>Returns the given values which can then be assigned to a variables.</doc>
<status status="PASS" start="2025-06-18T16:42:36.891479" elapsed="0.000261"/>
</kw>
<kw name="Set Suite Variable" owner="BuiltIn">
<msg time="2025-06-18T16:42:36.892665" level="INFO">${EMAIL_CAD} = user3190@teste.com</msg>
<arg>${EMAIL_CAD}</arg>
<arg>${email}</arg>
<doc>Makes a variable available everywhere within the scope of the current suite.</doc>
<status status="PASS" start="2025-06-18T16:42:36.891873" elapsed="0.000849"/>
</kw>
<kw name="Set Suite Variable" owner="BuiltIn">
<msg time="2025-06-18T16:42:36.893549" level="INFO">${PASS_CAD} = 123456</msg>
<arg>${PASS_CAD}</arg>
<arg>123456</arg>
<doc>Makes a variable available everywhere within the scope of the current suite.</doc>
<status status="PASS" start="2025-06-18T16:42:36.892856" elapsed="0.000745"/>
</kw>
<kw name="Set Suite Variable" owner="BuiltIn">
<msg time="2025-06-18T16:42:36.894327" level="INFO">${NAME_CAD} = Robot Teste 3190</msg>
<arg>${NAME_CAD}</arg>
<arg>Robot Teste ${rand}</arg>
<doc>Makes a variable available everywhere within the scope of the current suite.</doc>
<status status="PASS" start="2025-06-18T16:42:36.893731" elapsed="0.000637"/>
</kw>
<status status="PASS" start="2025-06-18T16:42:36.890651" elapsed="0.003793"/>
</kw>
<kw name="Register New User" owner="base">
<kw name="Generate Random User Data" owner="base">
<kw name="Evaluate" owner="BuiltIn">
<msg time="2025-06-18T16:42:36.895359" level="INFO">${rand} = 2281</msg>
<var>${rand}</var>
<arg>random.randint(1000, 9999)</arg>
<arg>modules=random</arg>
<doc>Evaluates the given expression in Python and returns the result.</doc>
<status status="PASS" start="2025-06-18T16:42:36.895091" elapsed="0.000294"/>
</kw>
<kw name="Set Variable" owner="BuiltIn">
<msg time="2025-06-18T16:42:36.895655" level="INFO">${email} = user2281@teste.com</msg>
<var>${email}</var>
<arg>user${rand}@teste.com</arg>
<doc>Returns the given values which can then be assigned to a variables.</doc>
<status status="PASS" start="2025-06-18T16:42:36.895488" elapsed="0.000192"/>
</kw>
<kw name="Set Suite Variable" owner="BuiltIn">
<msg time="2025-06-18T16:42:36.895937" level="INFO">${EMAIL_CAD} = user2281@teste.com</msg>
<arg>${EMAIL_CAD}</arg>
<arg>${email}</arg>
<doc>Makes a variable available everywhere within the scope of the current suite.</doc>
<status status="PASS" start="2025-06-18T16:42:36.895766" elapsed="0.000200"/>
</kw>
<kw name="Set Suite Variable" owner="BuiltIn">
<msg time="2025-06-18T16:42:36.896210" level="INFO">${PASS_CAD} = 123456</msg>
<arg>${PASS_CAD}</arg>
<arg>123456</arg>
<doc>Makes a variable available everywhere within the scope of the current suite.</doc>
<status status="PASS" start="2025-06-18T16:42:36.896066" elapsed="0.000206"/>
</kw>
<kw name="Set Suite Variable" owner="BuiltIn">
<msg time="2025-06-18T16:42:36.896608" level="INFO">${NAME_CAD} = Robot Teste 2281</msg>
<arg>${NAME_CAD}</arg>
<arg>Robot Teste ${rand}</arg>
<doc>Makes a variable available everywhere within the scope of the current suite.</doc>
<status status="PASS" start="2025-06-18T16:42:36.896405" elapsed="0.000234"/>
</kw>
<status status="PASS" start="2025-06-18T16:42:36.894865" elapsed="0.001838"/>
</kw>
<kw name="Open Registration Page And Form" owner="base">
<kw name="Open User Registration Page" owner="base">
<kw name="Start Session" owner="base">
<kw name="New Browser" owner="Browser">
<msg time="2025-06-18T16:42:36.899021" level="INFO">Switching browser to browser=69d22d44-0539-4a22-a461-c21c0c21a112</msg>
<msg time="2025-06-18T16:42:36.902993" level="INFO">Successfully changed active browser: browser=69d22d44-0539-4a22-a461-c21c0c21a112</msg>
<msg time="2025-06-18T16:42:36.903099" level="INFO">Reusing existing browser with id: browser=69d22d44-0539-4a22-a461-c21c0c21a112</msg>
<arg>browser=chromium</arg>
<arg>headless=False</arg>
<tag>BrowserControl</tag>
<tag>Setter</tag>
<doc>Create a new playwright Browser with specified options.</doc>
<status status="PASS" start="2025-06-18T16:42:36.898271" elapsed="0.004878"/>
</kw>
<kw name="New Page" owner="Browser">
<msg time="2025-06-18T16:42:37.668496" level="INFO">Successfully initialized new page object and opened url: https://compassuolfront.serverest.dev</msg>
<arg>${BASE_URL}</arg>
<tag>BrowserControl</tag>
<tag>Setter</tag>
<doc>Open a new Page.</doc>
<status status="PASS" start="2025-06-18T16:42:36.903327" elapsed="0.765417"/>
</kw>
<status status="PASS" start="2025-06-18T16:42:36.897549" elapsed="0.771334"/>
</kw>
<kw name="Go To" owner="Browser">
<msg time="2025-06-18T16:42:38.251599" level="INFO">Successfully opened URL https://compassuolfront.serverest.dev/cadastrarusuarios</msg>
<arg>${USER_PAGE_URL}</arg>
<arg>timeout=15s</arg>
<tag>BrowserControl</tag>
<tag>Setter</tag>
<doc>Navigates to the given ``url``.</doc>
<status status="PASS" start="2025-06-18T16:42:37.669059" elapsed="0.582670"/>
</kw>
<status status="PASS" start="2025-06-18T16:42:36.897189" elapsed="1.354627"/>
</kw>
<kw name="Wait For Elements State" owner="Browser">
<msg time="2025-06-18T16:42:38.275218" level="INFO">Waited for Element with selector id=nome at state visible</msg>
<arg>${FIELD_NAME}</arg>
<arg>visible</arg>
<arg>timeout=15s</arg>
<tag>PageContent</tag>
<tag>Wait</tag>
<doc>Waits for the element found by ``selector`` to satisfy state option.</doc>
<status status="PASS" start="2025-06-18T16:42:38.252119" elapsed="0.023228"/>
</kw>
<status status="PASS" start="2025-06-18T16:42:36.896810" elapsed="1.378622"/>
</kw>
<kw name="Fill Registration Form" owner="base">
<kw name="Fill Text" owner="Browser">
<msg time="2025-06-18T16:42:38.276289" level="INFO">Fills the text 'Robot Teste 2281' in the given field.</msg>
<arg>${FIELD_NAME}</arg>
<arg>${nome}</arg>
<tag>PageContent</tag>
<tag>Setter</tag>
<doc>Clears and fills the given ``txt`` into the text field found by ``selector``.</doc>
<status status="PASS" start="2025-06-18T16:42:38.275934" elapsed="0.023751"/>
</kw>
<kw name="Fill Text" owner="Browser">
<msg time="2025-06-18T16:42:38.300363" level="INFO">Fills the text 'user2281@teste.com' in the given field.</msg>
<arg>${FIELD_EMAIL}</arg>
<arg>${email}</arg>
<tag>PageContent</tag>
<tag>Setter</tag>
<doc>Clears and fills the given ``txt`` into the text field found by ``selector``.</doc>
<status status="PASS" start="2025-06-18T16:42:38.299870" elapsed="0.015553"/>
</kw>
<kw name="Fill Text" owner="Browser">
<msg time="2025-06-18T16:42:38.316485" level="INFO">Fills the text '123456' in the given field.</msg>
<arg>${FIELD_PASSWORD}</arg>
<arg>${password}</arg>
<tag>PageContent</tag>
<tag>Setter</tag>
<doc>Clears and fills the given ``txt`` into the text field found by ``selector``.</doc>
<status status="PASS" start="2025-06-18T16:42:38.315747" elapsed="0.012510"/>
</kw>
<arg>${NAME_CAD}</arg>
<arg>${EMAIL_CAD}</arg>
<arg>${PASS_CAD}</arg>
<status status="PASS" start="2025-06-18T16:42:38.275571" elapsed="0.052837"/>
</kw>
<kw name="Click" owner="Browser">
<msg time="2025-06-18T16:42:38.329214" level="INFO">Clicks the element 'data-testid=checkbox'.</msg>
<arg>data-testid=checkbox</arg>
<tag>PageContent</tag>
<tag>Setter</tag>
<doc>Simulates mouse click on the element found by ``selector``.</doc>
<status status="PASS" start="2025-06-18T16:42:38.328585" elapsed="0.042022"/>
</kw>
<kw name="Submit Registration" owner="base">
<kw name="Click" owner="Browser">
<msg time="2025-06-18T16:42:38.371802" level="INFO">Clicks the element 'data-testid=cadastrar'.</msg>
<arg>${BTN_REGISTER}</arg>
<tag>PageContent</tag>
<tag>Setter</tag>
<doc>Simulates mouse click on the element found by ``selector``.</doc>
<status status="PASS" start="2025-06-18T16:42:38.371282" elapsed="0.045893"/>
</kw>
<status status="PASS" start="2025-06-18T16:42:38.370880" elapsed="0.046394"/>
</kw>
<kw name="Wait For Elements State" owner="Browser">
<msg time="2025-06-18T16:42:39.257369" level="INFO">Waited for Element with selector css=a.alert-link at state visible</msg>
<arg>css=a.alert-link</arg>
<arg>visible</arg>
<tag>PageContent</tag>
<tag>Wait</tag>
<doc>Waits for the element found by ``selector`` to satisfy state option.</doc>
<status status="PASS" start="2025-06-18T16:42:38.417390" elapsed="0.840186"/>
</kw>
<kw name="Get Text" owner="Browser">
<msg time="2025-06-18T16:42:39.277923" level="INFO">Text: 'Cadastro realizado com sucesso'</msg>
<msg time="2025-06-18T16:42:39.278088" level="INFO">${msg} = Cadastro realizado com sucesso</msg>
<var>${msg}</var>
<arg>css=a.alert-link</arg>
<tag>Assertion</tag>
<tag>Getter</tag>
<tag>PageContent</tag>
<doc>Returns text attribute of the element found by ``selector``.</doc>
<status status="PASS" start="2025-06-18T16:42:39.257842" elapsed="0.020277"/>
</kw>
<kw name="Should Be Equal As Strings" owner="BuiltIn">
<arg>${msg}</arg>
<arg>Cadastro realizado com sucesso</arg>
<doc>Fails if objects are unequal after converting them to strings.</doc>
<status status="PASS" start="2025-06-18T16:42:39.278315" elapsed="0.000343"/>
</kw>
<kw name="Take Screenshot" owner="Browser">
<msg time="2025-06-18T16:42:39.488128" level="INFO" html="true">&lt;/td&gt;&lt;/tr&gt;&lt;tr&gt;&lt;td colspan="3"&gt;&lt;a href="browser/screenshot/robotframework-browser-screenshot-1.png" target="_blank"&gt;&lt;img src="browser/screenshot/robotframework-browser-screenshot-1.png" width="800px"/&gt;&lt;/a&gt;</msg>
<tag>PageContent</tag>
<doc>Takes a screenshot of the current window or element and saves it to disk.</doc>
<status status="PASS" start="2025-06-18T16:42:39.278800" elapsed="0.209474"/>
</kw>
<status status="PASS" start="2025-06-18T16:42:36.894591" elapsed="2.593792"/>
</kw>
<kw name="Click" owner="Browser">
<msg time="2025-06-18T16:42:39.489067" level="INFO">Clicks the element 'data-testid=logout'.</msg>
<arg>data-testid=logout</arg>
<tag>PageContent</tag>
<tag>Setter</tag>
<doc>Simulates mouse click on the element found by ``selector``.</doc>
<status status="PASS" start="2025-06-18T16:42:39.488536" elapsed="3.429894"/>
</kw>
<status status="PASS" start="2025-06-18T16:42:36.890206" elapsed="6.028349"/>
</kw>
<kw name="Go To Login Page" owner="login_keywords">
<kw name="Start Session" owner="base">
<kw name="New Browser" owner="Browser">
<msg time="2025-06-18T16:42:42.919882" level="INFO">Switching browser to browser=69d22d44-0539-4a22-a461-c21c0c21a112</msg>
<msg time="2025-06-18T16:42:42.922481" level="INFO">Successfully changed active browser: browser=69d22d44-0539-4a22-a461-c21c0c21a112</msg>
<msg time="2025-06-18T16:42:42.922570" level="INFO">Reusing existing browser with id: browser=69d22d44-0539-4a22-a461-c21c0c21a112</msg>
<arg>browser=chromium</arg>
<arg>headless=False</arg>
<tag>BrowserControl</tag>
<tag>Setter</tag>
<doc>Create a new playwright Browser with specified options.</doc>
<status status="PASS" start="2025-06-18T16:42:42.919464" elapsed="0.003149"/>
</kw>
<kw name="New Page" owner="Browser">
<msg time="2025-06-18T16:42:43.732537" level="INFO">Successfully initialized new page object and opened url: https://compassuolfront.serverest.dev</msg>
<arg>${BASE_URL}</arg>
<tag>BrowserControl</tag>
<tag>Setter</tag>
<doc>Open a new Page.</doc>
<status status="PASS" start="2025-06-18T16:42:42.922753" elapsed="0.809993"/>
</kw>
<status status="PASS" start="2025-06-18T16:42:42.919248" elapsed="0.813708"/>
</kw>
<kw name="Wait For Elements State" owner="Browser">
<msg time="2025-06-18T16:42:43.755042" level="INFO">Waited for Element with selector id=email at state visible</msg>
<arg>id=email</arg>
<arg>visible</arg>
<tag>PageContent</tag>
<tag>Wait</tag>
<doc>Waits for the element found by ``selector`` to satisfy state option.</doc>
<status status="PASS" start="2025-06-18T16:42:43.733250" elapsed="0.022023"/>
</kw>
<status status="PASS" start="2025-06-18T16:42:42.918911" elapsed="0.836513"/>
</kw>
<kw name="Fill Login Form" owner="login_keywords">
<kw name="Wait For Elements State" owner="Browser">
<msg time="2025-06-18T16:42:43.764067" level="INFO">Waited for Element with selector id=email at state visible</msg>
<arg>id=email</arg>
<arg>visible</arg>
<tag>PageContent</tag>
<tag>Wait</tag>
<doc>Waits for the element found by ``selector`` to satisfy state option.</doc>
<status status="PASS" start="2025-06-18T16:42:43.756759" elapsed="0.007473"/>
</kw>
<kw name="Fill Text" owner="Browser">
<msg time="2025-06-18T16:42:43.765005" level="INFO">Fills the text 'user2281@teste.com' in the given field.</msg>
<arg>id=email</arg>
<arg>${EMAIL_CAD}</arg>
<tag>PageContent</tag>
<tag>Setter</tag>
<doc>Clears and fills the given ``txt`` into the text field found by ``selector``.</doc>
<status status="PASS" start="2025-06-18T16:42:43.764433" elapsed="0.098551"/>
</kw>
<kw name="Fill Text" owner="Browser">
<msg time="2025-06-18T16:42:43.864100" level="INFO">Fills the text '123456' in the given field.</msg>
<arg>id=password</arg>
<arg>${PASS_CAD}</arg>
<tag>PageContent</tag>
<tag>Setter</tag>
<doc>Clears and fills the given ``txt`` into the text field found by ``selector``.</doc>
<status status="PASS" start="2025-06-18T16:42:43.863270" elapsed="0.010277"/>
</kw>
<kw name="Click" owner="Browser">
<msg time="2025-06-18T16:42:43.874768" level="INFO">Clicks the element 'data-testid=entrar'.</msg>
<arg>data-testid=entrar</arg>
<tag>PageContent</tag>
<tag>Setter</tag>
<doc>Simulates mouse click on the element found by ``selector``.</doc>
<status status="PASS" start="2025-06-18T16:42:43.874070" elapsed="0.045432"/>
</kw>
<arg>${EMAIL_CAD}</arg>
<arg>${PASS_CAD}</arg>
<status status="PASS" start="2025-06-18T16:42:43.756025" elapsed="0.163621"/>
</kw>
<kw name="Validate Successful Login" owner="login_keywords">
<kw name="Wait Until Keyword Succeeds" owner="BuiltIn">
<kw name="URL Should Contain Either" owner="login_keywords">
<kw name="Get Url" owner="Browser">
<msg time="2025-06-18T16:42:43.925970" level="INFO">${url} = https://compassuolfront.serverest.dev/login</msg>
<var>${url}</var>
<tag>Assertion</tag>
<tag>Getter</tag>
<tag>PageContent</tag>
<doc>Returns the current URL.</doc>
<status status="PASS" start="2025-06-18T16:42:43.921485" elapsed="0.004537"/>
</kw>
<kw name="Run Keyword And Return Status" owner="BuiltIn">
<kw name="Should Contain" owner="BuiltIn">
<msg time="2025-06-18T16:42:43.926855" level="FAIL">'https://compassuolfront.serverest.dev/login' does not contain '/admin/home'</msg>
<arg>${url}</arg>
<arg>${opt1}</arg>
<doc>Fails if ``container`` does not contain ``item`` one or more times.</doc>
<status status="FAIL" start="2025-06-18T16:42:43.926543" elapsed="0.000487">'https://compassuolfront.serverest.dev/login' does not contain '/admin/home'</status>
</kw>
<msg time="2025-06-18T16:42:43.927141" level="INFO">${match1} = False</msg>
<var>${match1}</var>
<arg>Should Contain</arg>
<arg>${url}</arg>
<arg>${opt1}</arg>
<doc>Runs the given keyword with given arguments and returns the status as a Boolean value.</doc>
<status status="PASS" start="2025-06-18T16:42:43.926233" elapsed="0.000936"/>
</kw>
<kw name="Run Keyword And Return Status" owner="BuiltIn">
<kw name="Should Contain" owner="BuiltIn">
<msg time="2025-06-18T16:42:43.927791" level="FAIL">'https://compassuolfront.serverest.dev/login' does not contain '/produtos'</msg>
<arg>${url}</arg>
<arg>${opt2}</arg>
<doc>Fails if ``container`` does not contain ``item`` one or more times.</doc>
<status status="FAIL" start="2025-06-18T16:42:43.927543" elapsed="0.000325">'https://compassuolfront.serverest.dev/login' does not contain '/produtos'</status>
</kw>
<msg time="2025-06-18T16:42:43.927973" level="INFO">${match2} = False</msg>
<var>${match2}</var>
<arg>Should Contain</arg>
<arg>${url}</arg>
<arg>${opt2}</arg>
<doc>Runs the given keyword with given arguments and returns the status as a Boolean value.</doc>
<status status="PASS" start="2025-06-18T16:42:43.927304" elapsed="0.000696"/>
</kw>
<kw name="Run Keyword If" owner="BuiltIn">
<arg>${match1} or ${match2}</arg>
<arg>Fail</arg>
<arg>URL '${url}' não contém '${opt1}' nem '${opt2}'</arg>
<doc>Runs the given keyword with the given arguments, if ``condition`` is true.</doc>
<status status="PASS" start="2025-06-18T16:42:43.928130" elapsed="0.000257"/>
</kw>
<arg>/admin/home</arg>
<arg>/produtos</arg>
<status status="PASS" start="2025-06-18T16:42:43.921127" elapsed="0.007346"/>
</kw>
<arg>10s</arg>
<arg>1s</arg>
<arg>URL Should Contain Either</arg>
<arg>/admin/home</arg>
<arg>/produtos</arg>
<doc>Runs the specified keyword and retries if it fails.</doc>
<status status="PASS" start="2025-06-18T16:42:43.920719" elapsed="0.007816"/>
</kw>
<status status="PASS" start="2025-06-18T16:42:43.920112" elapsed="0.008500"/>
</kw>
<kw name="Take Screenshot" owner="Browser">
<msg time="2025-06-18T16:42:44.128632" level="INFO" html="true">&lt;/td&gt;&lt;/tr&gt;&lt;tr&gt;&lt;td colspan="3"&gt;&lt;a href="browser/screenshot/robotframework-browser-screenshot-2.png" target="_blank"&gt;&lt;img src="browser/screenshot/robotframework-browser-screenshot-2.png" width="800px"/&gt;&lt;/a&gt;</msg>
<tag>PageContent</tag>
<doc>Takes a screenshot of the current window or element and saves it to disk.</doc>
<status status="PASS" start="2025-06-18T16:42:43.929134" elapsed="0.199647"/>
</kw>
<kw name="Fechar Navegador" owner="base">
<kw name="Close Browser" owner="Browser">
<msg time="2025-06-18T16:42:44.409657" level="INFO">Closed all browsers</msg>
<arg>ALL</arg>
<tag>BrowserControl</tag>
<tag>Setter</tag>
<doc>Closes the current browser.</doc>
<status status="PASS" start="2025-06-18T16:42:44.129635" elapsed="0.280286"/>
</kw>
<status status="PASS" start="2025-06-18T16:42:44.129351" elapsed="0.280765"/>
</kw>
<tag>login_sucesso</tag>
<status status="PASS" start="2025-06-18T16:42:36.882062" elapsed="7.528559"/>
</test>
<test id="s1-s1-t2" name="CT002 - Login com senha incorreta" line="20">
<kw name="Go To Login Page" owner="login_keywords">
<kw name="Start Session" owner="base">
<kw name="New Browser" owner="Browser">
<msg time="2025-06-18T16:42:44.450429" level="INFO">{"browser": "chromium", "headless": false, "chromiumSandbox": false, "devtools": false, "handleSIGHUP": true, "handleSIGINT": true, "handleSIGTERM": true, "slowMo": 0.0, "timeout": 30000.0, "tracesDir": "C:\\Users\\accro\\Documents\\compass\\serverest-testes-web\\results\\browser\\traces\\temp\\2bffd889-1760-4f7c-bf8b-7a819d67fcec"}</msg>
<msg time="2025-06-18T16:42:44.714854" level="INFO">Successfully created browser with options: {"browser":"chromium","headless":false,"chromiumSandbox":false,"devtools":false,"handleSIGHUP":true,"handleSIGINT":true,"handleSIGTERM":true,"slowMo":0,"timeout":30000,"tracesDir":"C:\\Users\\accro\\Documents\\compass\\serverest-testes-web\\results\\browser\\traces\\temp\\2bffd889-1760-4f7c-bf8b-7a819d67fcec"}</msg>
<arg>browser=chromium</arg>
<arg>headless=False</arg>
<tag>BrowserControl</tag>
<tag>Setter</tag>
<doc>Create a new playwright Browser with specified options.</doc>
<status status="PASS" start="2025-06-18T16:42:44.449552" elapsed="0.265647"/>
</kw>
<kw name="New Page" owner="Browser">
<msg time="2025-06-18T16:42:47.072305" level="INFO">Successfully initialized new page object and opened url: https://compassuolfront.serverest.dev</msg>
<msg time="2025-06-18T16:42:47.072399" level="INFO">No context was open. New context was automatically opened when this page is created.</msg>
<arg>${BASE_URL}</arg>
<tag>BrowserControl</tag>
<tag>Setter</tag>
<doc>Open a new Page.</doc>
<status status="PASS" start="2025-06-18T16:42:44.715608" elapsed="2.356929"/>
</kw>
<status status="PASS" start="2025-06-18T16:42:44.449246" elapsed="2.623401"/>
</kw>
<kw name="Wait For Elements State" owner="Browser">
<msg time="2025-06-18T16:42:47.094890" level="INFO">Waited for Element with selector id=email at state visible</msg>
<arg>id=email</arg>
<arg>visible</arg>
<tag>PageContent</tag>
<tag>Wait</tag>
<doc>Waits for the element found by ``selector`` to satisfy state option.</doc>
<status status="PASS" start="2025-06-18T16:42:47.073059" elapsed="0.021969"/>
</kw>
<status status="PASS" start="2025-06-18T16:42:44.448854" elapsed="2.646264"/>
</kw>
<kw name="Fill Login Form" owner="login_keywords">
<kw name="Wait For Elements State" owner="Browser">
<msg time="2025-06-18T16:42:47.102167" level="INFO">Waited for Element with selector id=email at state visible</msg>
<arg>id=email</arg>
<arg>visible</arg>
<tag>PageContent</tag>
<tag>Wait</tag>
<doc>Waits for the element found by ``selector`` to satisfy state option.</doc>
<status status="PASS" start="2025-06-18T16:42:47.095921" elapsed="0.006422"/>
</kw>
<kw name="Fill Text" owner="Browser">
<msg time="2025-06-18T16:42:47.103157" level="INFO">Fills the text 'user2281@teste.com' in the given field.</msg>
<arg>id=email</arg>
<arg>${EMAIL_CAD}</arg>
<tag>PageContent</tag>
<tag>Setter</tag>
<doc>Clears and fills the given ``txt`` into the text field found by ``selector``.</doc>
<status status="PASS" start="2025-06-18T16:42:47.102551" elapsed="0.072862"/>
</kw>
<kw name="Fill Text" owner="Browser">
<msg time="2025-06-18T16:42:47.176673" level="INFO">Fills the text 'senha_errada' in the given field.</msg>
<arg>id=password</arg>
<arg>${PASS_CAD}</arg>
<tag>PageContent</tag>
<tag>Setter</tag>
<doc>Clears and fills the given ``txt`` into the text field found by ``selector``.</doc>
<status status="PASS" start="2025-06-18T16:42:47.175711" elapsed="0.012922"/>
</kw>
<kw name="Click" owner="Browser">
<msg time="2025-06-18T16:42:47.190003" level="INFO">Clicks the element 'data-testid=entrar'.</msg>
<arg>data-testid=entrar</arg>
<tag>PageContent</tag>
<tag>Setter</tag>
<doc>Simulates mouse click on the element found by ``selector``.</doc>
<status status="PASS" start="2025-06-18T16:42:47.189068" elapsed="0.047226"/>
</kw>
<arg>${EMAIL_CAD}</arg>
<arg>senha_errada</arg>
<status status="PASS" start="2025-06-18T16:42:47.095571" elapsed="0.140864"/>
</kw>
<kw name="Validate Specific Error Message" owner="login_keywords">
<kw name="Wait For Elements State" owner="Browser">
<msg time="2025-06-18T16:42:48.089854" level="INFO">Waited for Element with selector xpath=//div[@class="alert alert-secondary alert-dismissible"]/span[normalize-space(.)="Email e/ou senha inválidos"] at state visible</msg>
<arg>xpath=//div[@class="alert alert-secondary alert-dismissible"]/span[normalize-space(.)="${mensagem}"]</arg>
<arg>visible</arg>
<tag>PageContent</tag>
<tag>Wait</tag>
<doc>Waits for the element found by ``selector`` to satisfy state option.</doc>
<status status="PASS" start="2025-06-18T16:42:47.237331" elapsed="0.852829"/>
</kw>
<kw name="Get Text" owner="Browser">
<msg time="2025-06-18T16:42:48.126936" level="INFO">Text: 'Email e/ou senha inválidos'</msg>
<msg time="2025-06-18T16:42:48.127195" level="INFO">${texto} = Email e/ou senha inválidos</msg>
<var>${texto}</var>
<arg>xpath=//div[@class="alert alert-secondary alert-dismissible"]/span[normalize-space(.)="${mensagem}"]</arg>
<tag>Assertion</tag>
<tag>Getter</tag>
<tag>PageContent</tag>
<doc>Returns text attribute of the element found by ``selector``.</doc>
<status status="PASS" start="2025-06-18T16:42:48.090551" elapsed="0.036704"/>
</kw>
<kw name="Should Be Equal" owner="BuiltIn">
<arg>${texto}</arg>
<arg>${mensagem}</arg>
<doc>Fails if the given objects are unequal.</doc>
<status status="PASS" start="2025-06-18T16:42:48.127590" elapsed="0.000607"/>
</kw>
<arg>Email e/ou senha inválidos</arg>
<status status="PASS" start="2025-06-18T16:42:47.236874" elapsed="0.891483"/>
</kw>
<kw name="Take Screenshot" owner="Browser">
<msg time="2025-06-18T16:42:48.323561" level="INFO" html="true">&lt;/td&gt;&lt;/tr&gt;&lt;tr&gt;&lt;td colspan="3"&gt;&lt;a href="browser/screenshot/robotframework-browser-screenshot-3.png" target="_blank"&gt;&lt;img src="browser/screenshot/robotframework-browser-screenshot-3.png" width="800px"/&gt;&lt;/a&gt;</msg>
<tag>PageContent</tag>
<doc>Takes a screenshot of the current window or element and saves it to disk.</doc>
<status status="PASS" start="2025-06-18T16:42:48.129127" elapsed="0.194596"/>
</kw>
<kw name="Fechar Navegador" owner="base">
<kw name="Close Browser" owner="Browser">
<msg time="2025-06-18T16:42:48.559178" level="INFO">Closed all browsers</msg>
<arg>ALL</arg>
<tag>BrowserControl</tag>
<tag>Setter</tag>
<doc>Closes the current browser.</doc>
<status status="PASS" start="2025-06-18T16:42:48.324534" elapsed="0.234818"/>
</kw>
<status status="PASS" start="2025-06-18T16:42:48.324272" elapsed="0.235202"/>
</kw>
<tag>senha_incorreta</tag>
<status status="PASS" start="2025-06-18T16:42:44.446440" elapsed="4.113327"/>
</test>
<test id="s1-s1-t3" name="CT003 - Login com campos vazios" line="28">
<kw name="Go To Login Page" owner="login_keywords">
<kw name="Start Session" owner="base">
<kw name="New Browser" owner="Browser">
<msg time="2025-06-18T16:42:48.596310" level="INFO">{"browser": "chromium", "headless": false, "chromiumSandbox": false, "devtools": false, "handleSIGHUP": true, "handleSIGINT": true, "handleSIGTERM": true, "slowMo": 0.0, "timeout": 30000.0, "tracesDir": "C:\\Users\\accro\\Documents\\compass\\serverest-testes-web\\results\\browser\\traces\\temp\\91bb3eb3-43c2-4821-bce8-24361ec33c21"}</msg>
<msg time="2025-06-18T16:42:48.793761" level="INFO">Successfully created browser with options: {"browser":"chromium","headless":false,"chromiumSandbox":false,"devtools":false,"handleSIGHUP":true,"handleSIGINT":true,"handleSIGTERM":true,"slowMo":0,"timeout":30000,"tracesDir":"C:\\Users\\accro\\Documents\\compass\\serverest-testes-web\\results\\browser\\traces\\temp\\91bb3eb3-43c2-4821-bce8-24361ec33c21"}</msg>
<arg>browser=chromium</arg>
<arg>headless=False</arg>
<tag>BrowserControl</tag>
<tag>Setter</tag>
<doc>Create a new playwright Browser with specified options.</doc>
<status status="PASS" start="2025-06-18T16:42:48.595605" elapsed="0.198485"/>
</kw>
<kw name="New Page" owner="Browser">
<msg time="2025-06-18T16:42:50.913783" level="INFO">Successfully initialized new page object and opened url: https://compassuolfront.serverest.dev</msg>
<msg time="2025-06-18T16:42:50.913867" level="INFO">No context was open. New context was automatically opened when this page is created.</msg>
<arg>${BASE_URL}</arg>
<tag>BrowserControl</tag>
<tag>Setter</tag>
<doc>Open a new Page.</doc>
<status status="PASS" start="2025-06-18T16:42:48.794392" elapsed="2.119594"/>
</kw>
<status status="PASS" start="2025-06-18T16:42:48.595331" elapsed="2.318751"/>
</kw>
<kw name="Wait For Elements State" owner="Browser">
<msg time="2025-06-18T16:42:50.934316" level="INFO">Waited for Element with selector id=email at state visible</msg>
<arg>id=email</arg>
<arg>visible</arg>
<tag>PageContent</tag>
<tag>Wait</tag>
<doc>Waits for the element found by ``selector`` to satisfy state option.</doc>
<status status="PASS" start="2025-06-18T16:42:50.914220" elapsed="0.020254"/>
</kw>
<status status="PASS" start="2025-06-18T16:42:48.594940" elapsed="2.339629"/>
</kw>
<kw name="Fill Login Form" owner="login_keywords">
<kw name="Wait For Elements State" owner="Browser">
<msg time="2025-06-18T16:42:50.942157" level="INFO">Waited for Element with selector id=email at state visible</msg>
<arg>id=email</arg>
<arg>visible</arg>
<tag>PageContent</tag>
<tag>Wait</tag>
<doc>Waits for the element found by ``selector`` to satisfy state option.</doc>
<status status="PASS" start="2025-06-18T16:42:50.935983" elapsed="0.006305"/>
</kw>
<kw name="Fill Text" owner="Browser">
<msg time="2025-06-18T16:42:50.942939" level="INFO">Fills the text '' in the given field.</msg>
<arg>id=email</arg>
<arg>${EMAIL_CAD}</arg>
<tag>PageContent</tag>
<tag>Setter</tag>
<doc>Clears and fills the given ``txt`` into the text field found by ``selector``.</doc>
<status status="PASS" start="2025-06-18T16:42:50.942446" elapsed="0.075998"/>
</kw>
<kw name="Fill Text" owner="Browser">
<msg time="2025-06-18T16:42:51.019054" level="INFO">Fills the text '' in the given field.</msg>
<arg>id=password</arg>
<arg>${PASS_CAD}</arg>
<tag>PageContent</tag>
<tag>Setter</tag>
<doc>Clears and fills the given ``txt`` into the text field found by ``selector``.</doc>
<status status="PASS" start="2025-06-18T16:42:51.018615" elapsed="0.011571"/>
</kw>
<kw name="Click" owner="Browser">
<msg time="2025-06-18T16:42:51.030807" level="INFO">Clicks the element 'data-testid=entrar'.</msg>
<arg>data-testid=entrar</arg>
<tag>PageContent</tag>
<tag>Setter</tag>
<doc>Simulates mouse click on the element found by ``selector``.</doc>
<status status="PASS" start="2025-06-18T16:42:51.030366" elapsed="0.036119"/>
</kw>
<arg>${EMPTY}</arg>
<arg>${EMPTY}</arg>
<status status="PASS" start="2025-06-18T16:42:50.935181" elapsed="0.131408"/>
</kw>
<kw name="Click" owner="Browser">
<msg time="2025-06-18T16:42:51.067426" level="INFO">Clicks the element 'data-testid=entrar'.</msg>
<arg>data-testid=entrar</arg>
<tag>PageContent</tag>
<tag>Setter</tag>
<doc>Simulates mouse click on the element found by ``selector``.</doc>
<status status="PASS" start="2025-06-18T16:42:51.067004" elapsed="0.031479"/>
</kw>
<kw name="Validate Specific Error Message" owner="login_keywords">
<kw name="Wait For Elements State" owner="Browser">
<msg time="2025-06-18T16:42:51.940405" level="INFO">Waited for Element with selector xpath=//div[@class="alert alert-secondary alert-dismissible"]/span[normalize-space(.)="Email é obrigatório"] at state visible</msg>
<arg>xpath=//div[@class="alert alert-secondary alert-dismissible"]/span[normalize-space(.)="${mensagem}"]</arg>
<arg>visible</arg>
<tag>PageContent</tag>
<tag>Wait</tag>
<doc>Waits for the element found by ``selector`` to satisfy state option.</doc>
<status status="PASS" start="2025-06-18T16:42:51.099275" elapsed="0.841569"/>
</kw>
<kw name="Get Text" owner="Browser">
<msg time="2025-06-18T16:42:51.959952" level="INFO">Text: 'Email é obrigatório'</msg>
<msg time="2025-06-18T16:42:51.960080" level="INFO">${texto} = Email é obrigatório</msg>
<var>${texto}</var>
<arg>xpath=//div[@class="alert alert-secondary alert-dismissible"]/span[normalize-space(.)="${mensagem}"]</arg>
<tag>Assertion</tag>
<tag>Getter</tag>
<tag>PageContent</tag>
<doc>Returns text attribute of the element found by ``selector``.</doc>
<status status="PASS" start="2025-06-18T16:42:51.941179" elapsed="0.018921"/>
</kw>
<kw name="Should Be Equal" owner="BuiltIn">
<arg>${texto}</arg>
<arg>${mensagem}</arg>
<doc>Fails if the given objects are unequal.</doc>
<status status="PASS" start="2025-06-18T16:42:51.960249" elapsed="0.000266"/>
</kw>
<arg>Email é obrigatório</arg>
<status status="PASS" start="2025-06-18T16:42:51.098929" elapsed="0.861648"/>
</kw>
<kw name="Validate Specific Error Message" owner="login_keywords">
<kw name="Wait For Elements State" owner="Browser">
<msg time="2025-06-18T16:42:51.964889" level="INFO">Waited for Element with selector xpath=//div[@class="alert alert-secondary alert-dismissible"]/span[normalize-space(.)="Password é obrigatório"] at state visible</msg>
<arg>xpath=//div[@class="alert alert-secondary alert-dismissible"]/span[normalize-space(.)="${mensagem}"]</arg>
<arg>visible</arg>
<tag>PageContent</tag>
<tag>Wait</tag>
<doc>Waits for the element found by ``selector`` to satisfy state option.</doc>
<status status="PASS" start="2025-06-18T16:42:51.961294" elapsed="0.003700"/>
</kw>
<kw name="Get Text" owner="Browser">
<msg time="2025-06-18T16:42:51.976654" level="INFO">Text: 'Password é obrigatório'</msg>
<msg time="2025-06-18T16:42:51.976779" level="INFO">${texto} = Password é obrigatório</msg>
<var>${texto}</var>
<arg>xpath=//div[@class="alert alert-secondary alert-dismissible"]/span[normalize-space(.)="${mensagem}"]</arg>
<tag>Assertion</tag>
<tag>Getter</tag>
<tag>PageContent</tag>
<doc>Returns text attribute of the element found by ``selector``.</doc>
<status status="PASS" start="2025-06-18T16:42:51.965125" elapsed="0.011676"/>
</kw>
<kw name="Should Be Equal" owner="BuiltIn">
<arg>${texto}</arg>
<arg>${mensagem}</arg>
<doc>Fails if the given objects are unequal.</doc>
<status status="PASS" start="2025-06-18T16:42:51.976952" elapsed="0.000260"/>
</kw>
<arg>Password é obrigatório</arg>
<status status="PASS" start="2025-06-18T16:42:51.961012" elapsed="0.016261"/>
</kw>
<kw name="Take Screenshot" owner="Browser">
<msg time="2025-06-18T16:42:52.141497" level="INFO" html="true">&lt;/td&gt;&lt;/tr&gt;&lt;tr&gt;&lt;td colspan="3"&gt;&lt;a href="browser/screenshot/robotframework-browser-screenshot-4.png" target="_blank"&gt;&lt;img src="browser/screenshot/robotframework-browser-screenshot-4.png" width="800px"/&gt;&lt;/a&gt;</msg>
<tag>PageContent</tag>
<doc>Takes a screenshot of the current window or element and saves it to disk.</doc>
<status status="PASS" start="2025-06-18T16:42:51.977685" elapsed="0.163941"/>
</kw>
<kw name="Fechar Navegador" owner="base">
<kw name="Close Browser" owner="Browser">
<msg time="2025-06-18T16:42:52.361377" level="INFO">Closed all browsers</msg>
<arg>ALL</arg>
<tag>BrowserControl</tag>
<tag>Setter</tag>
<doc>Closes the current browser.</doc>
<status status="PASS" start="2025-06-18T16:42:52.142658" elapsed="0.218943"/>
</kw>
<status status="PASS" start="2025-06-18T16:42:52.142325" elapsed="0.219437"/>
</kw>
<tag>campos_vazios</tag>
<status status="PASS" start="2025-06-18T16:42:48.592292" elapsed="3.769824"/>
</test>
<kw name="Fechar Navegador" owner="base" type="TEARDOWN">
<kw name="Close Browser" owner="Browser">
<msg time="2025-06-18T16:42:52.388783" level="INFO">Closed all browsers</msg>
<arg>ALL</arg>
<tag>BrowserControl</tag>
<tag>Setter</tag>
<doc>Closes the current browser.</doc>
<status status="PASS" start="2025-06-18T16:42:52.386636" elapsed="0.002349"/>
</kw>
<status status="PASS" start="2025-06-18T16:42:52.386229" elapsed="0.002894"/>
</kw>
<doc>Suite de testes para a funcionalidade de login na interface web.</doc>
<status status="PASS" start="2025-06-18T16:42:31.637746" elapsed="20.751437"/>
</suite>
<suite id="s1-s2" name="Produtos Tests" source="C:\Users\accro\Documents\compass\serverest-testes-web\tests\produtos_tests.robot">
<test id="s1-s2-t1" name="CT001 - Deve listar produtos cadastrados a partir da aba &quot;Home&quot;" line="10">
<kw name="Start Session" owner="base" type="SETUP">
<kw name="New Browser" owner="Browser">
<msg time="2025-06-18T16:42:52.429148" level="INFO">{"browser": "chromium", "headless": false, "chromiumSandbox": false, "devtools": false, "handleSIGHUP": true, "handleSIGINT": true, "handleSIGTERM": true, "slowMo": 0.0, "timeout": 30000.0, "tracesDir": "C:\\Users\\accro\\Documents\\compass\\serverest-testes-web\\results\\browser\\traces\\temp\\79222578-73c2-4f60-9c80-c61e0a0a460f"}</msg>
<msg time="2025-06-18T16:42:52.706184" level="INFO">Successfully created browser with options: {"browser":"chromium","headless":false,"chromiumSandbox":false,"devtools":false,"handleSIGHUP":true,"handleSIGINT":true,"handleSIGTERM":true,"slowMo":0,"timeout":30000,"tracesDir":"C:\\Users\\accro\\Documents\\compass\\serverest-testes-web\\results\\browser\\traces\\temp\\79222578-73c2-4f60-9c80-c61e0a0a460f"}</msg>
<arg>browser=chromium</arg>
<arg>headless=False</arg>
<tag>BrowserControl</tag>
<tag>Setter</tag>
<doc>Create a new playwright Browser with specified options.</doc>
<status status="PASS" start="2025-06-18T16:42:52.428543" elapsed="0.278081"/>
</kw>
<kw name="New Page" owner="Browser">
<msg time="2025-06-18T16:42:54.821318" level="INFO">Successfully initialized new page object and opened url: https://compassuolfront.serverest.dev</msg>
<msg time="2025-06-18T16:42:54.821468" level="INFO">No context was open. New context was automatically opened when this page is created.</msg>
<arg>${BASE_URL}</arg>
<tag>BrowserControl</tag>
<tag>Setter</tag>
<doc>Open a new Page.</doc>
<status status="PASS" start="2025-06-18T16:42:52.707137" elapsed="2.114586"/>
</kw>
<status status="PASS" start="2025-06-18T16:42:52.428140" elapsed="2.393763"/>
</kw>
<kw name="Generate Random User Data" owner="base">
<kw name="Evaluate" owner="BuiltIn">
<msg time="2025-06-18T16:42:54.823733" level="INFO">${rand} = 6911</msg>
<var>${rand}</var>
<arg>random.randint(1000, 9999)</arg>
<arg>modules=random</arg>
<doc>Evaluates the given expression in Python and returns the result.</doc>
<status status="PASS" start="2025-06-18T16:42:54.823304" elapsed="0.000465"/>
</kw>
<kw name="Set Variable" owner="BuiltIn">
<msg time="2025-06-18T16:42:54.824118" level="INFO">${email} = user6911@teste.com</msg>
<var>${email}</var>
<arg>user${rand}@teste.com</arg>
<doc>Returns the given values which can then be assigned to a variables.</doc>
<status status="PASS" start="2025-06-18T16:42:54.823915" elapsed="0.000225"/>
</kw>
<kw name="Set Suite Variable" owner="BuiltIn">
<msg time="2025-06-18T16:42:54.824810" level="INFO">${EMAIL_CAD} = user6911@teste.com</msg>
<arg>${EMAIL_CAD}</arg>
<arg>${email}</arg>
<doc>Makes a variable available everywhere within the scope of the current suite.</doc>
<status status="PASS" start="2025-06-18T16:42:54.824246" elapsed="0.000605"/>
</kw>
<kw name="Set Suite Variable" owner="BuiltIn">
<msg time="2025-06-18T16:42:54.825442" level="INFO">${PASS_CAD} = 123456</msg>
<arg>${PASS_CAD}</arg>
<arg>123456</arg>
<doc>Makes a variable available everywhere within the scope of the current suite.</doc>
<status status="PASS" start="2025-06-18T16:42:54.824948" elapsed="0.000534"/>
</kw>
<kw name="Set Suite Variable" owner="BuiltIn">
<msg time="2025-06-18T16:42:54.826075" level="INFO">${NAME_CAD} = Robot Teste 6911</msg>
<arg>${NAME_CAD}</arg>
<arg>Robot Teste ${rand}</arg>
<doc>Makes a variable available everywhere within the scope of the current suite.</doc>
<status status="PASS" start="2025-06-18T16:42:54.825585" elapsed="0.000650"/>
</kw>
<status status="PASS" start="2025-06-18T16:42:54.822669" elapsed="0.003630"/>
</kw>
<kw name="Register New User" owner="base">
<kw name="Generate Random User Data" owner="base">
<kw name="Evaluate" owner="BuiltIn">
<msg time="2025-06-18T16:42:54.827667" level="INFO">${rand} = 9194</msg>
<var>${rand}</var>
<arg>random.randint(1000, 9999)</arg>
<arg>modules=random</arg>
<doc>Evaluates the given expression in Python and returns the result.</doc>
<status status="PASS" start="2025-06-18T16:42:54.827258" elapsed="0.000452"/>
</kw>
<kw name="Set Variable" owner="BuiltIn">
<msg time="2025-06-18T16:42:54.828145" level="INFO">${email} = user9194@teste.com</msg>
<var>${email}</var>
<arg>user${rand}@teste.com</arg>
<doc>Returns the given values which can then be assigned to a variables.</doc>
<status status="PASS" start="2025-06-18T16:42:54.827894" elapsed="0.000269"/>
</kw>
<kw name="Set Suite Variable" owner="BuiltIn">
<msg time="2025-06-18T16:42:54.828412" level="INFO">${EMAIL_CAD} = user9194@teste.com</msg>
<arg>${EMAIL_CAD}</arg>
<arg>${email}</arg>
<doc>Makes a variable available everywhere within the scope of the current suite.</doc>
<status status="PASS" start="2025-06-18T16:42:54.828254" elapsed="0.000186"/>
</kw>
<kw name="Set Suite Variable" owner="BuiltIn">
<msg time="2025-06-18T16:42:54.828645" level="INFO">${PASS_CAD} = 123456</msg>
<arg>${PASS_CAD}</arg>
<arg>123456</arg>
<doc>Makes a variable available everywhere within the scope of the current suite.</doc>
<status status="PASS" start="2025-06-18T16:42:54.828519" elapsed="0.000152"/>
</kw>
<kw name="Set Suite Variable" owner="BuiltIn">
<msg time="2025-06-18T16:42:54.828873" level="INFO">${NAME_CAD} = Robot Teste 9194</msg>
<arg>${NAME_CAD}</arg>
<arg>Robot Teste ${rand}</arg>
<doc>Makes a variable available everywhere within the scope of the current suite.</doc>
<status status="PASS" start="2025-06-18T16:42:54.828745" elapsed="0.000153"/>
</kw>
<status status="PASS" start="2025-06-18T16:42:54.826917" elapsed="0.002027"/>
</kw>
<kw name="Open Registration Page And Form" owner="base">
<kw name="Open User Registration Page" owner="base">
<kw name="Start Session" owner="base">
<kw name="New Browser" owner="Browser">
<msg time="2025-06-18T16:42:54.830088" level="INFO">Switching browser to browser=91bb0f00-884d-4bd2-b7a5-ebbee7de356a</msg>
<msg time="2025-06-18T16:42:54.832597" level="INFO">Successfully changed active browser: browser=91bb0f00-884d-4bd2-b7a5-ebbee7de356a</msg>
<msg time="2025-06-18T16:42:54.832751" level="INFO">Reusing existing browser with id: browser=91bb0f00-884d-4bd2-b7a5-ebbee7de356a</msg>
<arg>browser=chromium</arg>
<arg>headless=False</arg>
<tag>BrowserControl</tag>
<tag>Setter</tag>
<doc>Create a new playwright Browser with specified options.</doc>
<status status="PASS" start="2025-06-18T16:42:54.829571" elapsed="0.003271"/>
</kw>
<kw name="New Page" owner="Browser">
<msg time="2025-06-18T16:42:55.487919" level="INFO">Successfully initialized new page object and opened url: https://compassuolfront.serverest.dev</msg>
<arg>${BASE_URL}</arg>
<tag>BrowserControl</tag>
<tag>Setter</tag>
<doc>Open a new Page.</doc>
<status status="PASS" start="2025-06-18T16:42:54.833150" elapsed="0.655153"/>
</kw>
<status status="PASS" start="2025-06-18T16:42:54.829402" elapsed="0.659103"/>
</kw>
<kw name="Go To" owner="Browser">
<msg time="2025-06-18T16:42:56.078843" level="INFO">Successfully opened URL https://compassuolfront.serverest.dev/cadastrarusuarios</msg>
<arg>${USER_PAGE_URL}</arg>
<arg>timeout=15s</arg>
<tag>BrowserControl</tag>
<tag>Setter</tag>
<doc>Navigates to the given ``url``.</doc>
<status status="PASS" start="2025-06-18T16:42:55.488836" elapsed="0.590144"/>
</kw>
<status status="PASS" start="2025-06-18T16:42:54.829236" elapsed="1.249826"/>
</kw>
<kw name="Wait For Elements State" owner="Browser">
<msg time="2025-06-18T16:42:56.098181" level="INFO">Waited for Element with selector id=nome at state visible</msg>
<arg>${FIELD_NAME}</arg>
<arg>visible</arg>
<arg>timeout=15s</arg>
<tag>PageContent</tag>
<tag>Wait</tag>
<doc>Waits for the element found by ``selector`` to satisfy state option.</doc>
<status status="PASS" start="2025-06-18T16:42:56.079179" elapsed="0.019137"/>
</kw>
<status status="PASS" start="2025-06-18T16:42:54.829045" elapsed="1.269356"/>
</kw>
<kw name="Fill Registration Form" owner="base">
<kw name="Fill Text" owner="Browser">
<msg time="2025-06-18T16:42:56.099227" level="INFO">Fills the text 'Robot Teste 9194' in the given field.</msg>
<arg>${FIELD_NAME}</arg>
<arg>${nome}</arg>
<tag>PageContent</tag>
<tag>Setter</tag>
<doc>Clears and fills the given ``txt`` into the text field found by ``selector``.</doc>
<status status="PASS" start="2025-06-18T16:42:56.098889" elapsed="0.014904"/>
</kw>
<kw name="Fill Text" owner="Browser">
<msg time="2025-06-18T16:42:56.115019" level="INFO">Fills the text 'user9194@teste.com' in the given field.</msg>
<arg>${FIELD_EMAIL}</arg>
<arg>${email}</arg>
<tag>PageContent</tag>
<tag>Setter</tag>
<doc>Clears and fills the given ``txt`` into the text field found by ``selector``.</doc>
<status status="PASS" start="2025-06-18T16:42:56.114107" elapsed="0.015519"/>
</kw>
<kw name="Fill Text" owner="Browser">
<msg time="2025-06-18T16:42:56.130403" level="INFO">Fills the text '123456' in the given field.</msg>
<arg>${FIELD_PASSWORD}</arg>
<arg>${password}</arg>
<tag>PageContent</tag>
<tag>Setter</tag>
<doc>Clears and fills the given ``txt`` into the text field found by ``selector``.</doc>
<status status="PASS" start="2025-06-18T16:42:56.129886" elapsed="0.017667"/>
</kw>
<arg>${NAME_CAD}</arg>
<arg>${EMAIL_CAD}</arg>
<arg>${PASS_CAD}</arg>
<status status="PASS" start="2025-06-18T16:42:56.098540" elapsed="0.049189"/>
</kw>
<kw name="Click" owner="Browser">
<msg time="2025-06-18T16:42:56.148566" level="INFO">Clicks the element 'data-testid=checkbox'.</msg>
<arg>data-testid=checkbox</arg>
<tag>PageContent</tag>
<tag>Setter</tag>
<doc>Simulates mouse click on the element found by ``selector``.</doc>
<status status="PASS" start="2025-06-18T16:42:56.147932" elapsed="0.034492"/>
</kw>
<kw name="Submit Registration" owner="base">
<kw name="Click" owner="Browser">
<msg time="2025-06-18T16:42:56.183458" level="INFO">Clicks the element 'data-testid=cadastrar'.</msg>
<arg>${BTN_REGISTER}</arg>
<tag>PageContent</tag>
<tag>Setter</tag>
<doc>Simulates mouse click on the element found by ``selector``.</doc>
<status status="PASS" start="2025-06-18T16:42:56.183031" elapsed="0.054501"/>
</kw>
<status status="PASS" start="2025-06-18T16:42:56.182658" elapsed="0.054971"/>
</kw>
<kw name="Wait For Elements State" owner="Browser">
<msg time="2025-06-18T16:42:57.092571" level="INFO">Waited for Element with selector css=a.alert-link at state visible</msg>
<arg>css=a.alert-link</arg>
<arg>visible</arg>
<tag>PageContent</tag>
<tag>Wait</tag>
<doc>Waits for the element found by ``selector`` to satisfy state option.</doc>
<status status="PASS" start="2025-06-18T16:42:56.237739" elapsed="0.855316"/>
</kw>
<kw name="Get Text" owner="Browser">
<msg time="2025-06-18T16:42:57.112933" level="INFO">Text: 'Cadastro realizado com sucesso'</msg>
<msg time="2025-06-18T16:42:57.113056" level="INFO">${msg} = Cadastro realizado com sucesso</msg>
<var>${msg}</var>
<arg>css=a.alert-link</arg>
<tag>Assertion</tag>
<tag>Getter</tag>
<tag>PageContent</tag>
<doc>Returns text attribute of the element found by ``selector``.</doc>
<status status="PASS" start="2025-06-18T16:42:57.093524" elapsed="0.019552"/>
</kw>
<kw name="Should Be Equal As Strings" owner="BuiltIn">
<arg>${msg}</arg>
<arg>Cadastro realizado com sucesso</arg>
<doc>Fails if objects are unequal after converting them to strings.</doc>
<status status="PASS" start="2025-06-18T16:42:57.113221" elapsed="0.000244"/>
</kw>
<kw name="Take Screenshot" owner="Browser">
<msg time="2025-06-18T16:42:57.282199" level="INFO" html="true">&lt;/td&gt;&lt;/tr&gt;&lt;tr&gt;&lt;td colspan="3"&gt;&lt;a href="browser/screenshot/robotframework-browser-screenshot-5.png" target="_blank"&gt;&lt;img src="browser/screenshot/robotframework-browser-screenshot-5.png" width="800px"/&gt;&lt;/a&gt;</msg>
<tag>PageContent</tag>
<doc>Takes a screenshot of the current window or element and saves it to disk.</doc>
<status status="PASS" start="2025-06-18T16:42:57.113661" elapsed="0.168664"/>
</kw>
<status status="PASS" start="2025-06-18T16:42:54.826588" elapsed="2.455816"/>
</kw>
<kw name="Fill Login Form" owner="login_keywords">
<kw name="Wait For Elements State" owner="Browser">
<msg time="2025-06-18T16:42:57.286582" level="INFO">Waited for Element with selector id=email at state visible</msg>
<arg>id=email</arg>
<arg>visible</arg>
<tag>PageContent</tag>
<tag>Wait</tag>
<doc>Waits for the element found by ``selector`` to satisfy state option.</doc>
<status status="PASS" start="2025-06-18T16:42:57.282986" elapsed="0.003711"/>
</kw>
<kw name="Fill Text" owner="Browser">
<msg time="2025-06-18T16:42:57.287240" level="INFO">Fills the text 'user9194@teste.com' in the given field.</msg>
<arg>id=email</arg>
<arg>${EMAIL_CAD}</arg>
<tag>PageContent</tag>
<tag>Setter</tag>
<doc>Clears and fills the given ``txt`` into the text field found by ``selector``.</doc>
<status status="PASS" start="2025-06-18T16:42:57.286840" elapsed="0.014142"/>
</kw>
<kw name="Fill Text" owner="Browser">
<msg time="2025-06-18T16:42:57.301793" level="INFO">Fills the text '123456' in the given field.</msg>
<arg>id=password</arg>
<arg>${PASS_CAD}</arg>
<tag>PageContent</tag>
<tag>Setter</tag>
<doc>Clears and fills the given ``txt`` into the text field found by ``selector``.</doc>
<status status="PASS" start="2025-06-18T16:42:57.301168" elapsed="0.012631"/>
</kw>
<kw name="Click" owner="Browser">
<msg time="2025-06-18T16:42:57.314389" level="INFO">Clicks the element 'data-testid=entrar'.</msg>
<arg>data-testid=entrar</arg>
<tag>PageContent</tag>
<tag>Setter</tag>
<doc>Simulates mouse click on the element found by ``selector``.</doc>
<status status="PASS" start="2025-06-18T16:42:57.313974" elapsed="0.036530"/>
</kw>
<arg>${EMAIL_CAD}</arg>
<arg>${PASS_CAD}</arg>
<status status="PASS" start="2025-06-18T16:42:57.282664" elapsed="0.067943"/>
</kw>
<kw name="Go To With Button" owner="produtos_keywords">
<kw name="Wait For Elements State" owner="Browser">
<msg time="2025-06-18T16:43:00.758499" level="INFO">Waited for Element with selector css=a[data-testid=listarProdutos] at state visible</msg>
<arg>${element}</arg>
<arg>visible</arg>
<tag>PageContent</tag>
<tag>Wait</tag>
<doc>Waits for the element found by ``selector`` to satisfy state option.</doc>
<status status="PASS" start="2025-06-18T16:42:57.351350" elapsed="3.407438"/>
</kw>
<kw name="Click" owner="Browser">
<msg time="2025-06-18T16:43:00.760149" level="INFO">Clicks the element 'css=a[data-testid=listarProdutos]'.</msg>
<arg>${element}</arg>
<tag>PageContent</tag>
<tag>Setter</tag>
<doc>Simulates mouse click on the element found by ``selector``.</doc>
<status status="PASS" start="2025-06-18T16:43:00.759147" elapsed="0.024689"/>
</kw>
<arg>css=a[data-testid=listarProdutos]</arg>
<status status="PASS" start="2025-06-18T16:42:57.351009" elapsed="3.432934"/>
</kw>
<kw name="Check If In Page" owner="produtos_keywords">
<kw name="Get Text" owner="Browser">
<msg time="2025-06-18T16:43:00.799696" level="INFO">Text: 'Lista dos Produtos'</msg>
<arg>css=h1</arg>
<arg>equal</arg>
<arg>${page_text}</arg>
<tag>Assertion</tag>
<tag>Getter</tag>
<tag>PageContent</tag>
<doc>Returns text attribute of the element found by ``selector``.</doc>
<status status="PASS" start="2025-06-18T16:43:00.784695" elapsed="0.015098"/>
</kw>
<arg>Lista dos Produtos</arg>
<status status="PASS" start="2025-06-18T16:43:00.784356" elapsed="0.015528"/>
</kw>
<kw name="Fechar Navegador" owner="base" type="TEARDOWN">
<kw name="Close Browser" owner="Browser">
<msg time="2025-06-18T16:43:01.031942" level="INFO">Closed all browsers</msg>
<arg>ALL</arg>
<tag>BrowserControl</tag>
<tag>Setter</tag>
<doc>Closes the current browser.</doc>
<status status="PASS" start="2025-06-18T16:43:00.800614" elapsed="0.231554"/>
</kw>
<status status="PASS" start="2025-06-18T16:43:00.800319" elapsed="0.232003"/>
</kw>
<tag>listar_produtos</tag>
<status status="PASS" start="2025-06-18T16:42:52.424133" elapsed="8.608458"/>
</test>
<test id="s1-s2-t2" name="CT002 - Deve listar produtos cadastrados a partir do menu de navegação" line="20">
<kw name="Start Session" owner="base" type="SETUP">
<kw name="New Browser" owner="Browser">
<msg time="2025-06-18T16:43:01.062137" level="INFO">{"browser": "chromium", "headless": false, "chromiumSandbox": false, "devtools": false, "handleSIGHUP": true, "handleSIGINT": true, "handleSIGTERM": true, "slowMo": 0.0, "timeout": 30000.0, "tracesDir": "C:\\Users\\accro\\Documents\\compass\\serverest-testes-web\\results\\browser\\traces\\temp\\f6a236e9-c6c6-47a8-b0cc-83fe83656080"}</msg>
<msg time="2025-06-18T16:43:01.353797" level="INFO">Successfully created browser with options: {"browser":"chromium","headless":false,"chromiumSandbox":false,"devtools":false,"handleSIGHUP":true,"handleSIGINT":true,"handleSIGTERM":true,"slowMo":0,"timeout":30000,"tracesDir":"C:\\Users\\accro\\Documents\\compass\\serverest-testes-web\\results\\browser\\traces\\temp\\f6a236e9-c6c6-47a8-b0cc-83fe83656080"}</msg>
<arg>browser=chromium</arg>
<arg>headless=False</arg>
<tag>BrowserControl</tag>
<tag>Setter</tag>
<doc>Create a new playwright Browser with specified options.</doc>
<status status="PASS" start="2025-06-18T16:43:01.061311" elapsed="0.292864"/>
</kw>
<kw name="New Page" owner="Browser">
<msg time="2025-06-18T16:43:03.527673" level="INFO">Successfully initialized new page object and opened url: https://compassuolfront.serverest.dev</msg>
<msg time="2025-06-18T16:43:03.527762" level="INFO">No context was open. New context was automatically opened when this page is created.</msg>
<arg>${BASE_URL}</arg>
<tag>BrowserControl</tag>
<tag>Setter</tag>
<doc>Open a new Page.</doc>
<status status="PASS" start="2025-06-18T16:43:01.354687" elapsed="2.173229"/>
</kw>
<status status="PASS" start="2025-06-18T16:43:01.060818" elapsed="2.467223"/>
</kw>
<kw name="New User and Login" owner="produtos_keywords">
<kw name="Generate Random User Data" owner="base">
<kw name="Evaluate" owner="BuiltIn">
<msg time="2025-06-18T16:43:03.529359" level="INFO">${rand} = 1261</msg>
<var>${rand}</var>
<arg>random.randint(1000, 9999)</arg>
<arg>modules=random</arg>
<doc>Evaluates the given expression in Python and returns the result.</doc>
<status status="PASS" start="2025-06-18T16:43:03.528989" elapsed="0.000397"/>
</kw>
<kw name="Set Variable" owner="BuiltIn">
<msg time="2025-06-18T16:43:03.529664" level="INFO">${email} = user1261@teste.com</msg>
<var>${email}</var>
<arg>user${rand}@teste.com</arg>
<doc>Returns the given values which can then be assigned to a variables.</doc>
<status status="PASS" start="2025-06-18T16:43:03.529496" elapsed="0.000190"/>
</kw>
<kw name="Set Suite Variable" owner="BuiltIn">
<msg time="2025-06-18T16:43:03.529946" level="INFO">${EMAIL_CAD} = user1261@teste.com</msg>
<arg>${EMAIL_CAD}</arg>
<arg>${email}</arg>
<doc>Makes a variable available everywhere within the scope of the current suite.</doc>
<status status="PASS" start="2025-06-18T16:43:03.529780" elapsed="0.000197"/>
</kw>
<kw name="Set Suite Variable" owner="BuiltIn">
<msg time="2025-06-18T16:43:03.530205" level="INFO">${PASS_CAD} = 123456</msg>
<arg>${PASS_CAD}</arg>
<arg>123456</arg>
<doc>Makes a variable available everywhere within the scope of the current suite.</doc>
<status status="PASS" start="2025-06-18T16:43:03.530061" elapsed="0.000173"/>
</kw>
<kw name="Set Suite Variable" owner="BuiltIn">
<msg time="2025-06-18T16:43:03.530468" level="INFO">${NAME_CAD} = Robot Teste 1261</msg>
<arg>${NAME_CAD}</arg>
<arg>Robot Teste ${rand}</arg>
<doc>Makes a variable available everywhere within the scope of the current suite.</doc>
<status status="PASS" start="2025-06-18T16:43:03.530317" elapsed="0.000184"/>
</kw>
<status status="PASS" start="2025-06-18T16:43:03.528773" elapsed="0.001856"/>
</kw>
<kw name="Register New User" owner="base">
<kw name="Generate Random User Data" owner="base">
<kw name="Evaluate" owner="BuiltIn">
<msg time="2025-06-18T16:43:03.531358" level="INFO">${rand} = 2127</msg>
<var>${rand}</var>
<arg>random.randint(1000, 9999)</arg>
<arg>modules=random</arg>
<doc>Evaluates the given expression in Python and returns the result.</doc>
<status status="PASS" start="2025-06-18T16:43:03.531131" elapsed="0.000249"/>
</kw>
<kw name="Set Variable" owner="BuiltIn">
<msg time="2025-06-18T16:43:03.531612" level="INFO">${email} = user2127@teste.com</msg>
<var>${email}</var>
<arg>user${rand}@teste.com</arg>
<doc>Returns the given values which can then be assigned to a variables.</doc>
<status status="PASS" start="2025-06-18T16:43:03.531467" elapsed="0.000163"/>
</kw>
<kw name="Set Suite Variable" owner="BuiltIn">
<msg time="2025-06-18T16:43:03.531855" level="INFO">${EMAIL_CAD} = user2127@teste.com</msg>
<arg>${EMAIL_CAD}</arg>
<arg>${email}</arg>
<doc>Makes a variable available everywhere within the scope of the current suite.</doc>
<status status="PASS" start="2025-06-18T16:43:03.531712" elapsed="0.000170"/>
</kw>
<kw name="Set Suite Variable" owner="BuiltIn">
<msg time="2025-06-18T16:43:03.532085" level="INFO">${PASS_CAD} = 123456</msg>
<arg>${PASS_CAD}</arg>
<arg>123456</arg>
<doc>Makes a variable available everywhere within the scope of the current suite.</doc>
<status status="PASS" start="2025-06-18T16:43:03.531958" elapsed="0.000154"/>
</kw>
<kw name="Set Suite Variable" owner="BuiltIn">
<msg time="2025-06-18T16:43:03.532328" level="INFO">${NAME_CAD} = Robot Teste 2127</msg>
<arg>${NAME_CAD}</arg>
<arg>Robot Teste ${rand}</arg>
<doc>Makes a variable available everywhere within the scope of the current suite.</doc>
<status status="PASS" start="2025-06-18T16:43:03.532194" elapsed="0.000159"/>
</kw>
<status status="PASS" start="2025-06-18T16:43:03.530953" elapsed="0.001444"/>
</kw>
<kw name="Open Registration Page And Form" owner="base">
<kw name="Open User Registration Page" owner="base">
<kw name="Start Session" owner="base">
<kw name="New Browser" owner="Browser">
<msg time="2025-06-18T16:43:03.533388" level="INFO">Switching browser to browser=ccb92d4a-a9dc-4a4d-a357-760010981445</msg>
<msg time="2025-06-18T16:43:03.536013" level="INFO">Successfully changed active browser: browser=ccb92d4a-a9dc-4a4d-a357-760010981445</msg>
<msg time="2025-06-18T16:43:03.536175" level="INFO">Reusing existing browser with id: browser=ccb92d4a-a9dc-4a4d-a357-760010981445</msg>
<arg>browser=chromium</arg>
<arg>headless=False</arg>
<tag>BrowserControl</tag>
<tag>Setter</tag>
<doc>Create a new playwright Browser with specified options.</doc>
<status status="PASS" start="2025-06-18T16:43:03.532994" elapsed="0.003332"/>
</kw>
<kw name="New Page" owner="Browser">
<msg time="2025-06-18T16:43:04.319646" level="INFO">Successfully initialized new page object and opened url: https://compassuolfront.serverest.dev</msg>
<arg>${BASE_URL}</arg>
<tag>BrowserControl</tag>
<tag>Setter</tag>
<doc>Open a new Page.</doc>
<status status="PASS" start="2025-06-18T16:43:03.536582" elapsed="0.783306"/>
</kw>
<status status="PASS" start="2025-06-18T16:43:03.532843" elapsed="0.787147"/>
</kw>
<kw name="Go To" owner="Browser">
<msg time="2025-06-18T16:43:04.941174" level="INFO">Successfully opened URL https://compassuolfront.serverest.dev/cadastrarusuarios</msg>
<arg>${USER_PAGE_URL}</arg>
<arg>timeout=15s</arg>
<tag>BrowserControl</tag>
<tag>Setter</tag>
<doc>Navigates to the given ``url``.</doc>
<status status="PASS" start="2025-06-18T16:43:04.320254" elapsed="0.621096"/>
</kw>
<status status="PASS" start="2025-06-18T16:43:03.532672" elapsed="1.408778"/>
</kw>
<kw name="Wait For Elements State" owner="Browser">
<msg time="2025-06-18T16:43:04.960802" level="INFO">Waited for Element with selector id=nome at state visible</msg>
<arg>${FIELD_NAME}</arg>
<arg>visible</arg>
<arg>timeout=15s</arg>
<tag>PageContent</tag>
<tag>Wait</tag>
<doc>Waits for the element found by ``selector`` to satisfy state option.</doc>
<status status="PASS" start="2025-06-18T16:43:04.941652" elapsed="0.019285"/>
</kw>
<status status="PASS" start="2025-06-18T16:43:03.532485" elapsed="1.428548"/>
</kw>
<kw name="Fill Registration Form" owner="base">
<kw name="Fill Text" owner="Browser">
<msg time="2025-06-18T16:43:04.961939" level="INFO">Fills the text 'Robot Teste 2127' in the given field.</msg>
<arg>${FIELD_NAME}</arg>
<arg>${nome}</arg>
<tag>PageContent</tag>
<tag>Setter</tag>
<doc>Clears and fills the given ``txt`` into the text field found by ``selector``.</doc>
<status status="PASS" start="2025-06-18T16:43:04.961563" elapsed="0.011636"/>
</kw>
<kw name="Fill Text" owner="Browser">
<msg time="2025-06-18T16:43:04.974486" level="INFO">Fills the text 'user2127@teste.com' in the given field.</msg>
<arg>${FIELD_EMAIL}</arg>
<arg>${email}</arg>
<tag>PageContent</tag>
<tag>Setter</tag>
<doc>Clears and fills the given ``txt`` into the text field found by ``selector``.</doc>
<status status="PASS" start="2025-06-18T16:43:04.973578" elapsed="0.017844"/>
</kw>
<kw name="Fill Text" owner="Browser">
<msg time="2025-06-18T16:43:04.992085" level="INFO">Fills the text '123456' in the given field.</msg>
<arg>${FIELD_PASSWORD}</arg>
<arg>${password}</arg>
<tag>PageContent</tag>
<tag>Setter</tag>
<doc>Clears and fills the given ``txt`` into the text field found by ``selector``.</doc>
<status status="PASS" start="2025-06-18T16:43:04.991606" elapsed="0.012427"/>
</kw>
<arg>${NAME_CAD}</arg>
<arg>${EMAIL_CAD}</arg>
<arg>${PASS_CAD}</arg>
<status status="PASS" start="2025-06-18T16:43:04.961178" elapsed="0.042979"/>
</kw>
<kw name="Click" owner="Browser">
<msg time="2025-06-18T16:43:05.004760" level="INFO">Clicks the element 'data-testid=checkbox'.</msg>
<arg>data-testid=checkbox</arg>
<tag>PageContent</tag>
<tag>Setter</tag>
<doc>Simulates mouse click on the element found by ``selector``.</doc>
<status status="PASS" start="2025-06-18T16:43:05.004306" elapsed="0.042865"/>
</kw>
<kw name="Submit Registration" owner="base">
<kw name="Click" owner="Browser">
<msg time="2025-06-18T16:43:05.048033" level="INFO">Clicks the element 'data-testid=cadastrar'.</msg>
<arg>${BTN_REGISTER}</arg>
<tag>PageContent</tag>
<tag>Setter</tag>
<doc>Simulates mouse click on the element found by ``selector``.</doc>
<status status="PASS" start="2025-06-18T16:43:05.047682" elapsed="0.033659"/>
</kw>
<status status="PASS" start="2025-06-18T16:43:05.047370" elapsed="0.034077"/>
</kw>
<kw name="Wait For Elements State" owner="Browser">
<msg time="2025-06-18T16:43:05.927381" level="INFO">Waited for Element with selector css=a.alert-link at state visible</msg>
<arg>css=a.alert-link</arg>
<arg>visible</arg>
<tag>PageContent</tag>
<tag>Wait</tag>
<doc>Waits for the element found by ``selector`` to satisfy state option.</doc>
<status status="PASS" start="2025-06-18T16:43:05.081567" elapsed="0.846134"/>
</kw>
<kw name="Get Text" owner="Browser">
<msg time="2025-06-18T16:43:05.952293" level="INFO">Text: 'Cadastro realizado com sucesso'</msg>
<msg time="2025-06-18T16:43:05.952408" level="INFO">${msg} = Cadastro realizado com sucesso</msg>
<var>${msg}</var>
<arg>css=a.alert-link</arg>
<tag>Assertion</tag>
<tag>Getter</tag>
<tag>PageContent</tag>
<doc>Returns text attribute of the element found by ``selector``.</doc>
<status status="PASS" start="2025-06-18T16:43:05.928089" elapsed="0.024340"/>
</kw>
<kw name="Should Be Equal As Strings" owner="BuiltIn">
<arg>${msg}</arg>
<arg>Cadastro realizado com sucesso</arg>
<doc>Fails if objects are unequal after converting them to strings.</doc>
<status status="PASS" start="2025-06-18T16:43:05.952571" elapsed="0.000244"/>
</kw>
<kw name="Take Screenshot" owner="Browser">
<msg time="2025-06-18T16:43:06.124661" level="INFO" html="true">&lt;/td&gt;&lt;/tr&gt;&lt;tr&gt;&lt;td colspan="3"&gt;&lt;a href="browser/screenshot/robotframework-browser-screenshot-6.png" target="_blank"&gt;&lt;img src="browser/screenshot/robotframework-browser-screenshot-6.png" width="800px"/&gt;&lt;/a&gt;</msg>
<tag>PageContent</tag>
<doc>Takes a screenshot of the current window or element and saves it to disk.</doc>
<status status="PASS" start="2025-06-18T16:43:05.952924" elapsed="0.171857"/>
</kw>
<status status="PASS" start="2025-06-18T16:43:03.530744" elapsed="2.594109"/>
</kw>
<kw name="Fill Login Form" owner="login_keywords">
<kw name="Wait For Elements State" owner="Browser">
<msg time="2025-06-18T16:43:06.129294" level="INFO">Waited for Element with selector id=email at state visible</msg>
<arg>id=email</arg>
<arg>visible</arg>
<tag>PageContent</tag>
<tag>Wait</tag>
<doc>Waits for the element found by ``selector`` to satisfy state option.</doc>
<status status="PASS" start="2025-06-18T16:43:06.125299" elapsed="0.004108"/>
</kw>
<kw name="Fill Text" owner="Browser">
<msg time="2025-06-18T16:43:06.129934" level="INFO">Fills the text 'user2127@teste.com' in the given field.</msg>
<arg>id=email</arg>
<arg>${EMAIL_CAD}</arg>
<tag>PageContent</tag>
<tag>Setter</tag>
<doc>Clears and fills the given ``txt`` into the text field found by ``selector``.</doc>
<status status="PASS" start="2025-06-18T16:43:06.129544" elapsed="0.008130"/>
</kw>
<kw name="Fill Text" owner="Browser">
<msg time="2025-06-18T16:43:06.138669" level="INFO">Fills the text '123456' in the given field.</msg>
<arg>id=password</arg>
<arg>${PASS_CAD}</arg>
<tag>PageContent</tag>
<tag>Setter</tag>
<doc>Clears and fills the given ``txt`` into the text field found by ``selector``.</doc>
<status status="PASS" start="2025-06-18T16:43:06.137898" elapsed="0.010665"/>
</kw>
<kw name="Click" owner="Browser">
<msg time="2025-06-18T16:43:06.149164" level="INFO">Clicks the element 'data-testid=entrar'.</msg>
<arg>data-testid=entrar</arg>
<tag>PageContent</tag>
<tag>Setter</tag>
<doc>Simulates mouse click on the element found by ``selector``.</doc>
<status status="PASS" start="2025-06-18T16:43:06.148743" elapsed="0.034241"/>
</kw>
<arg>${EMAIL_CAD}</arg>
<arg>${PASS_CAD}</arg>
<status status="PASS" start="2025-06-18T16:43:06.125002" elapsed="0.058081"/>
</kw>
<status status="PASS" start="2025-06-18T16:43:03.528423" elapsed="2.654703"/>
</kw>
<kw name="Go To With Button" owner="produtos_keywords">
<kw name="Wait For Elements State" owner="Browser">
<msg time="2025-06-18T16:43:09.604905" level="INFO">Waited for Element with selector css=a[data-testid=listar-produtos] at state visible</msg>
<arg>${element}</arg>
<arg>visible</arg>
<tag>PageContent</tag>
<tag>Wait</tag>
<doc>Waits for the element found by ``selector`` to satisfy state option.</doc>
<status status="PASS" start="2025-06-18T16:43:06.183968" elapsed="3.421097"/>
</kw>
<kw name="Click" owner="Browser">
<msg time="2025-06-18T16:43:09.605704" level="INFO">Clicks the element 'css=a[data-testid=listar-produtos]'.</msg>
<arg>${element}</arg>
<tag>PageContent</tag>
<tag>Setter</tag>
<doc>Simulates mouse click on the element found by ``selector``.</doc>
<status status="PASS" start="2025-06-18T16:43:09.605234" elapsed="0.027211"/>
</kw>
<arg>css=a[data-testid=listar-produtos]</arg>
<status status="PASS" start="2025-06-18T16:43:06.183618" elapsed="3.448937"/>
</kw>
<kw name="Check If In Page" owner="produtos_keywords">
<kw name="Get Text" owner="Browser">
<msg time="2025-06-18T16:43:09.648563" level="INFO">Text: 'Lista dos Produtos'</msg>
<arg>css=h1</arg>
<arg>equal</arg>
<arg>${page_text}</arg>
<tag>Assertion</tag>
<tag>Getter</tag>
<tag>PageContent</tag>
<doc>Returns text attribute of the element found by ``selector``.</doc>
<status status="PASS" start="2025-06-18T16:43:09.633436" elapsed="0.015222"/>
</kw>
<arg>Lista dos Produtos</arg>
<status status="PASS" start="2025-06-18T16:43:09.633018" elapsed="0.015728"/>
</kw>
<kw name="Fechar Navegador" owner="base" type="TEARDOWN">
<kw name="Close Browser" owner="Browser">
<msg time="2025-06-18T16:43:09.914315" level="INFO">Closed all browsers</msg>
<arg>ALL</arg>
<tag>BrowserControl</tag>
<tag>Setter</tag>
<doc>Closes the current browser.</doc>
<status status="PASS" start="2025-06-18T16:43:09.649571" elapsed="0.264999"/>
</kw>
<status status="PASS" start="2025-06-18T16:43:09.649250" elapsed="0.265584"/>
</kw>
<tag>listar_produtos</tag>
<status status="PASS" start="2025-06-18T16:43:01.057469" elapsed="8.857674"/>
</test>
<test id="s1-s2-t3" name="CT003 - Deve acessar página de cadastro a partir da aba &quot;Home&quot;" line="28">
<kw name="Start Session" owner="base" type="SETUP">
<kw name="New Browser" owner="Browser">
<msg time="2025-06-18T16:43:09.953814" level="INFO">{"browser": "chromium", "headless": false, "chromiumSandbox": false, "devtools": false, "handleSIGHUP": true, "handleSIGINT": true, "handleSIGTERM": true, "slowMo": 0.0, "timeout": 30000.0, "tracesDir": "C:\\Users\\accro\\Documents\\compass\\serverest-testes-web\\results\\browser\\traces\\temp\\78602322-42e8-45ce-908c-4189bc35b828"}</msg>
<msg time="2025-06-18T16:43:10.161101" level="INFO">Successfully created browser with options: {"browser":"chromium","headless":false,"chromiumSandbox":false,"devtools":false,"handleSIGHUP":true,"handleSIGINT":true,"handleSIGTERM":true,"slowMo":0,"timeout":30000,"tracesDir":"C:\\Users\\accro\\Documents\\compass\\serverest-testes-web\\results\\browser\\traces\\temp\\78602322-42e8-45ce-908c-4189bc35b828"}</msg>
<arg>browser=chromium</arg>
<arg>headless=False</arg>
<tag>BrowserControl</tag>
<tag>Setter</tag>
<doc>Create a new playwright Browser with specified options.</doc>
<status status="PASS" start="2025-06-18T16:43:09.952910" elapsed="0.208424"/>
</kw>
<kw name="New Page" owner="Browser">
<msg time="2025-06-18T16:43:12.296113" level="INFO">Successfully initialized new page object and opened url: https://compassuolfront.serverest.dev</msg>
<msg time="2025-06-18T16:43:12.296237" level="INFO">No context was open. New context was automatically opened when this page is created.</msg>
<arg>${BASE_URL}</arg>
<tag>BrowserControl</tag>
<tag>Setter</tag>
<doc>Open a new Page.</doc>
<status status="PASS" start="2025-06-18T16:43:10.161632" elapsed="2.134832"/>
</kw>
<status status="PASS" start="2025-06-18T16:43:09.952473" elapsed="2.344177"/>
</kw>
<kw name="New User and Login" owner="produtos_keywords">
<kw name="Generate Random User Data" owner="base">
<kw name="Evaluate" owner="BuiltIn">
<msg time="2025-06-18T16:43:12.298032" level="INFO">${rand} = 6399</msg>
<var>${rand}</var>
<arg>random.randint(1000, 9999)</arg>
<arg>modules=random</arg>
<doc>Evaluates the given expression in Python and returns the result.</doc>
<status status="PASS" start="2025-06-18T16:43:12.297790" elapsed="0.000266"/>
</kw>
<kw name="Set Variable" owner="BuiltIn">
<msg time="2025-06-18T16:43:12.298321" level="INFO">${email} = user6399@teste.com</msg>
<var>${email}</var>
<arg>user${rand}@teste.com</arg>
<doc>Returns the given values which can then be assigned to a variables.</doc>
<status status="PASS" start="2025-06-18T16:43:12.298164" elapsed="0.000177"/>
</kw>
<kw name="Set Suite Variable" owner="BuiltIn">
<msg time="2025-06-18T16:43:12.298586" level="INFO">${EMAIL_CAD} = user6399@teste.com</msg>
<arg>${EMAIL_CAD}</arg>
<arg>${email}</arg>
<doc>Makes a variable available everywhere within the scope of the current suite.</doc>
<status status="PASS" start="2025-06-18T16:43:12.298431" elapsed="0.000185"/>
</kw>
<kw name="Set Suite Variable" owner="BuiltIn">
<msg time="2025-06-18T16:43:12.298856" level="INFO">${PASS_CAD} = 123456</msg>
<arg>${PASS_CAD}</arg>
<arg>123456</arg>
<doc>Makes a variable available everywhere within the scope of the current suite.</doc>
<status status="PASS" start="2025-06-18T16:43:12.298716" elapsed="0.000167"/>
</kw>
<kw name="Set Suite Variable" owner="BuiltIn">
<msg time="2025-06-18T16:43:12.299091" level="INFO">${NAME_CAD} = Robot Teste 6399</msg>
<arg>${NAME_CAD}</arg>
<arg>Robot Teste ${rand}</arg>
<doc>Makes a variable available everywhere within the scope of the current suite.</doc>
<status status="PASS" start="2025-06-18T16:43:12.298958" elapsed="0.000320"/>
</kw>
<status status="PASS" start="2025-06-18T16:43:12.297582" elapsed="0.001747"/>
</kw>
<kw name="Register New User" owner="base">
<kw name="Generate Random User Data" owner="base">
<kw name="Evaluate" owner="BuiltIn">
<msg time="2025-06-18T16:43:12.300027" level="INFO">${rand} = 5530</msg>
<var>${rand}</var>
<arg>random.randint(1000, 9999)</arg>
<arg>modules=random</arg>
<doc>Evaluates the given expression in Python and returns the result.</doc>
<status status="PASS" start="2025-06-18T16:43:12.299817" elapsed="0.000229"/>
</kw>
<kw name="Set Variable" owner="BuiltIn">
<msg time="2025-06-18T16:43:12.300257" level="INFO">${email} = user5530@teste.com</msg>
<var>${email}</var>
<arg>user${rand}@teste.com</arg>
<doc>Returns the given values which can then be assigned to a variables.</doc>
<status status="PASS" start="2025-06-18T16:43:12.300127" elapsed="0.000148"/>
</kw>
<kw name="Set Suite Variable" owner="BuiltIn">
<msg time="2025-06-18T16:43:12.300489" level="INFO">${EMAIL_CAD} = user5530@teste.com</msg>
<arg>${EMAIL_CAD}</arg>
<arg>${email}</arg>
<doc>Makes a variable available everywhere within the scope of the current suite.</doc>
<status status="PASS" start="2025-06-18T16:43:12.300350" elapsed="0.000165"/>
</kw>
<kw name="Set Suite Variable" owner="BuiltIn">
<msg time="2025-06-18T16:43:12.300717" level="INFO">${PASS_CAD} = 123456</msg>
<arg>${PASS_CAD}</arg>
<arg>123456</arg>
<doc>Makes a variable available everywhere within the scope of the current suite.</doc>
<status status="PASS" start="2025-06-18T16:43:12.300584" elapsed="0.000160"/>
</kw>
<kw name="Set Suite Variable" owner="BuiltIn">
<msg time="2025-06-18T16:43:12.300962" level="INFO">${NAME_CAD} = Robot Teste 5530</msg>
<arg>${NAME_CAD}</arg>
<arg>Robot Teste ${rand}</arg>
<doc>Makes a variable available everywhere within the scope of the current suite.</doc>
<status status="PASS" start="2025-06-18T16:43:12.300822" elapsed="0.000166"/>
</kw>
<status status="PASS" start="2025-06-18T16:43:12.299651" elapsed="0.001379"/>
</kw>
<kw name="Open Registration Page And Form" owner="base">
<kw name="Open User Registration Page" owner="base">
<kw name="Start Session" owner="base">
<kw name="New Browser" owner="Browser">
<msg time="2025-06-18T16:43:12.301911" level="INFO">Switching browser to browser=9ad8f664-e11e-4a46-b24f-ea4fde751ee6</msg>
<msg time="2025-06-18T16:43:12.305024" level="INFO">Successfully changed active browser: browser=9ad8f664-e11e-4a46-b24f-ea4fde751ee6</msg>
<msg time="2025-06-18T16:43:12.305171" level="INFO">Reusing existing browser with id: browser=9ad8f664-e11e-4a46-b24f-ea4fde751ee6</msg>
<arg>browser=chromium</arg>
<arg>headless=False</arg>
<tag>BrowserControl</tag>
<tag>Setter</tag>
<doc>Create a new playwright Browser with specified options.</doc>
<status status="PASS" start="2025-06-18T16:43:12.301576" elapsed="0.003665"/>
</kw>
<kw name="New Page" owner="Browser">
<msg time="2025-06-18T16:43:12.960419" level="INFO">Successfully initialized new page object and opened url: https://compassuolfront.serverest.dev</msg>
<arg>${BASE_URL}</arg>
<tag>BrowserControl</tag>
<tag>Setter</tag>
<doc>Open a new Page.</doc>
<status status="PASS" start="2025-06-18T16:43:12.305425" elapsed="0.655232"/>
</kw>
<status status="PASS" start="2025-06-18T16:43:12.301429" elapsed="0.659367"/>
</kw>
<kw name="Go To" owner="Browser">
<msg time="2025-06-18T16:43:13.563184" level="INFO">Successfully opened URL https://compassuolfront.serverest.dev/cadastrarusuarios</msg>
<arg>${USER_PAGE_URL}</arg>
<arg>timeout=15s</arg>
<tag>BrowserControl</tag>
<tag>Setter</tag>
<doc>Navigates to the given ``url``.</doc>
<status status="PASS" start="2025-06-18T16:43:12.961025" elapsed="0.602385"/>
</kw>
<status status="PASS" start="2025-06-18T16:43:12.301277" elapsed="1.262262"/>
</kw>
<kw name="Wait For Elements State" owner="Browser">
<msg time="2025-06-18T16:43:13.583151" level="INFO">Waited for Element with selector id=nome at state visible</msg>
<arg>${FIELD_NAME}</arg>
<arg>visible</arg>
<arg>timeout=15s</arg>
<tag>PageContent</tag>
<tag>Wait</tag>
<doc>Waits for the element found by ``selector`` to satisfy state option.</doc>
<status status="PASS" start="2025-06-18T16:43:13.563714" elapsed="0.019574"/>
</kw>
<status status="PASS" start="2025-06-18T16:43:12.301112" elapsed="1.282262"/>
</kw>
<kw name="Fill Registration Form" owner="base">
<kw name="Fill Text" owner="Browser">
<msg time="2025-06-18T16:43:13.584178" level="INFO">Fills the text 'Robot Teste 5530' in the given field.</msg>
<arg>${FIELD_NAME}</arg>
<arg>${nome}</arg>
<tag>PageContent</tag>
<tag>Setter</tag>
<doc>Clears and fills the given ``txt`` into the text field found by ``selector``.</doc>
<status status="PASS" start="2025-06-18T16:43:13.583853" elapsed="0.015481"/>
</kw>
<kw name="Fill Text" owner="Browser">
<msg time="2025-06-18T16:43:13.599989" level="INFO">Fills the text 'user5530@teste.com' in the given field.</msg>
<arg>${FIELD_EMAIL}</arg>
<arg>${email}</arg>
<tag>PageContent</tag>
<tag>Setter</tag>
<doc>Clears and fills the given ``txt`` into the text field found by ``selector``.</doc>
<status status="PASS" start="2025-06-18T16:43:13.599535" elapsed="0.014541"/>
</kw>
<kw name="Fill Text" owner="Browser">
<msg time="2025-06-18T16:43:13.614714" level="INFO">Fills the text '123456' in the given field.</msg>
<arg>${FIELD_PASSWORD}</arg>
<arg>${password}</arg>
<tag>PageContent</tag>
<tag>Setter</tag>
<doc>Clears and fills the given ``txt`` into the text field found by ``selector``.</doc>
<status status="PASS" start="2025-06-18T16:43:13.614257" elapsed="0.010686"/>
</kw>
<arg>${NAME_CAD}</arg>
<arg>${EMAIL_CAD}</arg>
<arg>${PASS_CAD}</arg>
<status status="PASS" start="2025-06-18T16:43:13.583507" elapsed="0.041544"/>
</kw>
<kw name="Click" owner="Browser">
<msg time="2025-06-18T16:43:13.625584" level="INFO">Clicks the element 'data-testid=checkbox'.</msg>
<arg>data-testid=checkbox</arg>
<tag>PageContent</tag>
<tag>Setter</tag>
<doc>Simulates mouse click on the element found by ``selector``.</doc>
<status status="PASS" start="2025-06-18T16:43:13.625172" elapsed="0.039169"/>
</kw>
<kw name="Submit Registration" owner="base">
<kw name="Click" owner="Browser">
<msg time="2025-06-18T16:43:13.665195" level="INFO">Clicks the element 'data-testid=cadastrar'.</msg>
<arg>${BTN_REGISTER}</arg>
<tag>PageContent</tag>
<tag>Setter</tag>
<doc>Simulates mouse click on the element found by ``selector``.</doc>
<status status="PASS" start="2025-06-18T16:43:13.664847" elapsed="0.035122"/>
</kw>
<status status="PASS" start="2025-06-18T16:43:13.664536" elapsed="0.035536"/>
</kw>
<kw name="Wait For Elements State" owner="Browser">
<msg time="2025-06-18T16:43:14.560852" level="INFO">Waited for Element with selector css=a.alert-link at state visible</msg>
<arg>css=a.alert-link</arg>
<arg>visible</arg>
<tag>PageContent</tag>
<tag>Wait</tag>
<doc>Waits for the element found by ``selector`` to satisfy state option.</doc>
<status status="PASS" start="2025-06-18T16:43:13.700190" elapsed="0.860924"/>
</kw>
<kw name="Get Text" owner="Browser">
<msg time="2025-06-18T16:43:14.584217" level="INFO">Text: 'Cadastro realizado com sucesso'</msg>
[...]
<msg time="2025-06-18T16:44:31.263199" level="INFO">Successfully changed active browser: browser=a5530063-38f8-4743-8b13-8085d6dac957</msg>
<msg time="2025-06-18T16:44:31.263293" level="INFO">Reusing existing browser with id: browser=a5530063-38f8-4743-8b13-8085d6dac957</msg>
<arg>browser=chromium</arg>
<arg>headless=False</arg>
<tag>BrowserControl</tag>
<tag>Setter</tag>
<doc>Create a new playwright Browser with specified options.</doc>
<status status="PASS" start="2025-06-18T16:44:31.261054" elapsed="0.002282"/>
</kw>
<kw name="New Page" owner="Browser">
<msg time="2025-06-18T16:44:31.907593" level="INFO">Successfully initialized new page object and opened url: https://compassuolfront.serverest.dev</msg>
<arg>${BASE_URL}</arg>
<tag>BrowserControl</tag>
<tag>Setter</tag>
<doc>Open a new Page.</doc>
<status status="PASS" start="2025-06-18T16:44:31.263473" elapsed="0.644338"/>
</kw>
<status status="PASS" start="2025-06-18T16:44:31.260888" elapsed="0.647038"/>
</kw>
<kw name="Go To" owner="Browser">
<msg time="2025-06-18T16:44:32.508266" level="INFO">Successfully opened URL https://compassuolfront.serverest.dev/cadastrarusuarios</msg>
<arg>${USER_PAGE_URL}</arg>
<arg>timeout=15s</arg>
<tag>BrowserControl</tag>
<tag>Setter</tag>
<doc>Navigates to the given ``url``.</doc>
<status status="PASS" start="2025-06-18T16:44:31.908089" elapsed="0.600383"/>
</kw>
<status status="PASS" start="2025-06-18T16:44:31.260700" elapsed="1.247999"/>
</kw>
<kw name="Wait For Elements State" owner="Browser">
<msg time="2025-06-18T16:44:32.529309" level="INFO">Waited for Element with selector id=nome at state visible</msg>
<arg>${FIELD_NAME}</arg>
<arg>visible</arg>
<arg>timeout=15s</arg>
<tag>PageContent</tag>
<tag>Wait</tag>
<doc>Waits for the element found by ``selector`` to satisfy state option.</doc>
<status status="PASS" start="2025-06-18T16:44:32.508906" elapsed="0.020563"/>
</kw>
<status status="PASS" start="2025-06-18T16:44:31.260463" elapsed="1.269101"/>
</kw>
<kw name="Fill Registration Form" owner="base">
<kw name="Fill Text" owner="Browser">
<msg time="2025-06-18T16:44:32.530676" level="INFO">Fills the text '' in the given field.</msg>
<arg>${FIELD_NAME}</arg>
<arg>${nome}</arg>
<tag>PageContent</tag>
<tag>Setter</tag>
<doc>Clears and fills the given ``txt`` into the text field found by ``selector``.</doc>
<status status="PASS" start="2025-06-18T16:44:32.530298" elapsed="0.011741"/>
</kw>
<kw name="Fill Text" owner="Browser">
<msg time="2025-06-18T16:44:32.542665" level="INFO">Fills the text 'user5294@teste.com' in the given field.</msg>
<arg>${FIELD_EMAIL}</arg>
<arg>${email}</arg>
<tag>PageContent</tag>
<tag>Setter</tag>
<doc>Clears and fills the given ``txt`` into the text field found by ``selector``.</doc>
<status status="PASS" start="2025-06-18T16:44:32.542223" elapsed="0.013664"/>
</kw>
<kw name="Fill Text" owner="Browser">
<msg time="2025-06-18T16:44:32.556584" level="INFO">Fills the text '123456' in the given field.</msg>
<arg>${FIELD_PASSWORD}</arg>
<arg>${password}</arg>
<tag>PageContent</tag>
<tag>Setter</tag>
<doc>Clears and fills the given ``txt`` into the text field found by ``selector``.</doc>
<status status="PASS" start="2025-06-18T16:44:32.556120" elapsed="0.008247"/>
</kw>
<arg>${EMPTY}</arg>
<arg>${EMAIL_CAD}</arg>
<arg>${PASS_CAD}</arg>
<status status="PASS" start="2025-06-18T16:44:32.529715" elapsed="0.034758"/>
</kw>
<kw name="Click" owner="Browser">
<msg time="2025-06-18T16:44:32.565013" level="INFO">Clicks the element 'data-testid=checkbox'.</msg>
<arg>data-testid=checkbox</arg>
<tag>PageContent</tag>
<tag>Setter</tag>
<doc>Simulates mouse click on the element found by ``selector``.</doc>
<status status="PASS" start="2025-06-18T16:44:32.564596" elapsed="0.045215"/>
</kw>
<kw name="Submit Registration" owner="base">
<kw name="Click" owner="Browser">
<msg time="2025-06-18T16:44:32.610688" level="INFO">Clicks the element 'data-testid=cadastrar'.</msg>
<arg>${BTN_REGISTER}</arg>
<tag>PageContent</tag>
<tag>Setter</tag>
<doc>Simulates mouse click on the element found by ``selector``.</doc>
<status status="PASS" start="2025-06-18T16:44:32.610328" elapsed="0.035854"/>
</kw>
<status status="PASS" start="2025-06-18T16:44:32.610014" elapsed="0.036275"/>
</kw>
<kw name="Validate Alert Message" owner="base">
<kw name="Wait For Elements State" owner="Browser">
<msg time="2025-06-18T16:44:32.863922" level="INFO">Waited for Element with selector css=.alert at state visible</msg>
<arg>${ALERT_MESSAGE}</arg>
<arg>visible</arg>
<tag>PageContent</tag>
<tag>Wait</tag>
<doc>Waits for the element found by ``selector`` to satisfy state option.</doc>
<status status="PASS" start="2025-06-18T16:44:32.646766" elapsed="0.217349"/>
</kw>
<kw name="Get Text" owner="Browser">
<msg time="2025-06-18T16:44:32.881262" level="INFO">Text: '×\nNome é obrigatório'</msg>
<msg time="2025-06-18T16:44:32.881384" level="INFO">${message} = ×
Nome é obrigatório</msg>
<var>${message}</var>
<arg>${ALERT_MESSAGE}</arg>
<tag>Assertion</tag>
<tag>Getter</tag>
<tag>PageContent</tag>
<doc>Returns text attribute of the element found by ``selector``.</doc>
<status status="PASS" start="2025-06-18T16:44:32.864328" elapsed="0.017078"/>
</kw>
<kw name="Should Contain" owner="BuiltIn">
<arg>${message}</arg>
<arg>${expected_message}</arg>
<doc>Fails if ``container`` does not contain ``item`` one or more times.</doc>
<status status="PASS" start="2025-06-18T16:44:32.881562" elapsed="0.000248"/>
</kw>
<arg>Nome é obrigatório</arg>
<status status="PASS" start="2025-06-18T16:44:32.646438" elapsed="0.235437"/>
</kw>
<kw name="Take Screenshot" owner="Browser">
<msg time="2025-06-18T16:44:33.055842" level="INFO" html="true">&lt;/td&gt;&lt;/tr&gt;&lt;tr&gt;&lt;td colspan="3"&gt;&lt;a href="browser/screenshot/robotframework-browser-screenshot-18.png" target="_blank"&gt;&lt;img src="browser/screenshot/robotframework-browser-screenshot-18.png" width="800px"/&gt;&lt;/a&gt;</msg>
<tag>PageContent</tag>
<doc>Takes a screenshot of the current window or element and saves it to disk.</doc>
<status status="PASS" start="2025-06-18T16:44:32.881973" elapsed="0.173990"/>
</kw>
<status status="PASS" start="2025-06-18T16:44:31.258374" elapsed="1.797665"/>
</kw>
<msg time="2025-06-18T16:44:33.062495" level="INFO">Switching browser to CURRENT</msg>
<msg time="2025-06-18T16:44:33.063630" level="INFO">Returned active browser id. CURRENT</msg>
<msg time="2025-06-18T16:44:33.064009" level="INFO">Switching browser to browser=a5530063-38f8-4743-8b13-8085d6dac957</msg>
<msg time="2025-06-18T16:44:33.065404" level="INFO">Successfully changed active browser: browser=a5530063-38f8-4743-8b13-8085d6dac957</msg>
<msg time="2025-06-18T16:44:33.065499" level="INFO">Switching context to context=dbac9ad5-f792-442e-8cd4-f47c764fe6f8 in CURRENT</msg>
<msg time="2025-06-18T16:44:33.071958" level="INFO">Successfully changed active context: context=dbac9ad5-f792-442e-8cd4-f47c764fe6f8</msg>
<msg time="2025-06-18T16:44:33.072082" level="INFO">Switching to page page=3f4cfc24-de6f-4e2b-9a40-cebeb310f156,context CURRENT, browser CURRENT</msg>
<msg time="2025-06-18T16:44:33.077837" level="INFO">Successfully changed active page: page=3f4cfc24-de6f-4e2b-9a40-cebeb310f156</msg>
<msg time="2025-06-18T16:44:33.089977" level="INFO">Successfully closed Page with runBeforeUnload false</msg>
<tag>ausencia_nome</tag>
<status status="PASS" start="2025-06-18T16:44:31.254547" elapsed="1.801910"/>
</test>
<test id="s1-s3-t5" name="CT-005 - Listar todos os usuários cadastrados" line="26">
<kw name="List All Users" owner="usuarios_keywords">
<kw name="Register New User" owner="base">
<kw name="Generate Random User Data" owner="base">
<kw name="Evaluate" owner="BuiltIn">
<msg time="2025-06-18T16:44:33.095595" level="INFO">${rand} = 6615</msg>
<var>${rand}</var>
<arg>random.randint(1000, 9999)</arg>
<arg>modules=random</arg>
<doc>Evaluates the given expression in Python and returns the result.</doc>
<status status="PASS" start="2025-06-18T16:44:33.095363" elapsed="0.000259"/>
</kw>
<kw name="Set Variable" owner="BuiltIn">
<msg time="2025-06-18T16:44:33.095859" level="INFO">${email} = user6615@teste.com</msg>
<var>${email}</var>
<arg>user${rand}@teste.com</arg>
<doc>Returns the given values which can then be assigned to a variables.</doc>
<status status="PASS" start="2025-06-18T16:44:33.095721" elapsed="0.000158"/>
</kw>
<kw name="Set Suite Variable" owner="BuiltIn">
<msg time="2025-06-18T16:44:33.096111" level="INFO">${EMAIL_CAD} = user6615@teste.com</msg>
<arg>${EMAIL_CAD}</arg>
<arg>${email}</arg>
<doc>Makes a variable available everywhere within the scope of the current suite.</doc>
<status status="PASS" start="2025-06-18T16:44:33.095964" elapsed="0.000177"/>
</kw>
<kw name="Set Suite Variable" owner="BuiltIn">
<msg time="2025-06-18T16:44:33.096354" level="INFO">${PASS_CAD} = 123456</msg>
<arg>${PASS_CAD}</arg>
<arg>123456</arg>
<doc>Makes a variable available everywhere within the scope of the current suite.</doc>
<status status="PASS" start="2025-06-18T16:44:33.096223" elapsed="0.000166"/>
</kw>
<kw name="Set Suite Variable" owner="BuiltIn">
<msg time="2025-06-18T16:44:33.096611" level="INFO">${NAME_CAD} = Robot Teste 6615</msg>
<arg>${NAME_CAD}</arg>
<arg>Robot Teste ${rand}</arg>
<doc>Makes a variable available everywhere within the scope of the current suite.</doc>
<status status="PASS" start="2025-06-18T16:44:33.096469" elapsed="0.000169"/>
</kw>
<status status="PASS" start="2025-06-18T16:44:33.095192" elapsed="0.001489"/>
</kw>
<kw name="Open Registration Page And Form" owner="base">
<kw name="Open User Registration Page" owner="base">
<kw name="Start Session" owner="base">
<kw name="New Browser" owner="Browser">
<msg time="2025-06-18T16:44:33.097565" level="INFO">Switching browser to browser=a5530063-38f8-4743-8b13-8085d6dac957</msg>
<msg time="2025-06-18T16:44:33.099393" level="INFO">Successfully changed active browser: browser=a5530063-38f8-4743-8b13-8085d6dac957</msg>
<msg time="2025-06-18T16:44:33.099558" level="INFO">Reusing existing browser with id: browser=a5530063-38f8-4743-8b13-8085d6dac957</msg>
<arg>browser=chromium</arg>
<arg>headless=False</arg>
<tag>BrowserControl</tag>
<tag>Setter</tag>
<doc>Create a new playwright Browser with specified options.</doc>
<status status="PASS" start="2025-06-18T16:44:33.097223" elapsed="0.002548"/>
</kw>
<kw name="New Page" owner="Browser">
<msg time="2025-06-18T16:44:33.748768" level="INFO">Successfully initialized new page object and opened url: https://compassuolfront.serverest.dev</msg>
<arg>${BASE_URL}</arg>
<tag>BrowserControl</tag>
<tag>Setter</tag>
<doc>Open a new Page.</doc>
<status status="PASS" start="2025-06-18T16:44:33.100033" elapsed="0.649402"/>
</kw>
<status status="PASS" start="2025-06-18T16:44:33.097078" elapsed="0.652768"/>
</kw>
<kw name="Go To" owner="Browser">
<msg time="2025-06-18T16:44:34.339119" level="INFO">Successfully opened URL https://compassuolfront.serverest.dev/cadastrarusuarios</msg>
<arg>${USER_PAGE_URL}</arg>
<arg>timeout=15s</arg>
<tag>BrowserControl</tag>
<tag>Setter</tag>
<doc>Navigates to the given ``url``.</doc>
<status status="PASS" start="2025-06-18T16:44:33.750537" elapsed="0.588807"/>
</kw>
<status status="PASS" start="2025-06-18T16:44:33.096927" elapsed="1.242611"/>
</kw>
<kw name="Wait For Elements State" owner="Browser">
<msg time="2025-06-18T16:44:34.359780" level="INFO">Waited for Element with selector id=nome at state visible</msg>
<arg>${FIELD_NAME}</arg>
<arg>visible</arg>
<arg>timeout=15s</arg>
<tag>PageContent</tag>
<tag>Wait</tag>
<doc>Waits for the element found by ``selector`` to satisfy state option.</doc>
<status status="PASS" start="2025-06-18T16:44:34.339674" elapsed="0.020280"/>
</kw>
<status status="PASS" start="2025-06-18T16:44:33.096763" elapsed="1.263287"/>
</kw>
<kw name="Fill Registration Form" owner="base">
<kw name="Fill Text" owner="Browser">
<msg time="2025-06-18T16:44:34.360969" level="INFO">Fills the text 'Robot Teste 6615' in the given field.</msg>
<arg>${FIELD_NAME}</arg>
<arg>${nome}</arg>
<tag>PageContent</tag>
<tag>Setter</tag>
<doc>Clears and fills the given ``txt`` into the text field found by ``selector``.</doc>
<status status="PASS" start="2025-06-18T16:44:34.360597" elapsed="0.015149"/>
</kw>
<kw name="Fill Text" owner="Browser">
<msg time="2025-06-18T16:44:34.376386" level="INFO">Fills the text 'user6615@teste.com' in the given field.</msg>
<arg>${FIELD_EMAIL}</arg>
<arg>${email}</arg>
<tag>PageContent</tag>
<tag>Setter</tag>
<doc>Clears and fills the given ``txt`` into the text field found by ``selector``.</doc>
<status status="PASS" start="2025-06-18T16:44:34.375929" elapsed="0.012262"/>
</kw>
<kw name="Fill Text" owner="Browser">
<msg time="2025-06-18T16:44:34.389173" level="INFO">Fills the text '123456' in the given field.</msg>
<arg>${FIELD_PASSWORD}</arg>
<arg>${password}</arg>
<tag>PageContent</tag>
<tag>Setter</tag>
<doc>Clears and fills the given ``txt`` into the text field found by ``selector``.</doc>
<status status="PASS" start="2025-06-18T16:44:34.388493" elapsed="0.013969"/>
</kw>
<arg>${NAME_CAD}</arg>
<arg>${EMAIL_CAD}</arg>
<arg>${PASS_CAD}</arg>
<status status="PASS" start="2025-06-18T16:44:34.360204" elapsed="0.042419"/>
</kw>
<kw name="Click" owner="Browser">
<msg time="2025-06-18T16:44:34.403650" level="INFO">Clicks the element 'data-testid=checkbox'.</msg>
<arg>data-testid=checkbox</arg>
<tag>PageContent</tag>
<tag>Setter</tag>
<doc>Simulates mouse click on the element found by ``selector``.</doc>
<status status="PASS" start="2025-06-18T16:44:34.402760" elapsed="0.040267"/>
</kw>
<kw name="Submit Registration" owner="base">
<kw name="Click" owner="Browser">
<msg time="2025-06-18T16:44:34.443909" level="INFO">Clicks the element 'data-testid=cadastrar'.</msg>
<arg>${BTN_REGISTER}</arg>
<tag>PageContent</tag>
<tag>Setter</tag>
<doc>Simulates mouse click on the element found by ``selector``.</doc>
<status status="PASS" start="2025-06-18T16:44:34.443549" elapsed="0.033406"/>
</kw>
<status status="PASS" start="2025-06-18T16:44:34.443227" elapsed="0.033837"/>
</kw>
<kw name="Wait For Elements State" owner="Browser">
<msg time="2025-06-18T16:44:34.695495" level="INFO">Waited for Element with selector css=a.alert-link at state visible</msg>
<arg>css=a.alert-link</arg>
<arg>visible</arg>
<tag>PageContent</tag>
<tag>Wait</tag>
<doc>Waits for the element found by ``selector`` to satisfy state option.</doc>
<status status="PASS" start="2025-06-18T16:44:34.477188" elapsed="0.218456"/>
</kw>
<kw name="Get Text" owner="Browser">
<msg time="2025-06-18T16:44:34.712111" level="INFO">Text: 'Cadastro realizado com sucesso'</msg>
<msg time="2025-06-18T16:44:34.712234" level="INFO">${msg} = Cadastro realizado com sucesso</msg>
<var>${msg}</var>
<arg>css=a.alert-link</arg>
<tag>Assertion</tag>
<tag>Getter</tag>
<tag>PageContent</tag>
<doc>Returns text attribute of the element found by ``selector``.</doc>
<status status="PASS" start="2025-06-18T16:44:34.695813" elapsed="0.016442"/>
</kw>
<kw name="Should Be Equal As Strings" owner="BuiltIn">
<arg>${msg}</arg>
<arg>Cadastro realizado com sucesso</arg>
<doc>Fails if objects are unequal after converting them to strings.</doc>
<status status="PASS" start="2025-06-18T16:44:34.712407" elapsed="0.000256"/>
</kw>
<kw name="Take Screenshot" owner="Browser">
<msg time="2025-06-18T16:44:34.885789" level="INFO" html="true">&lt;/td&gt;&lt;/tr&gt;&lt;tr&gt;&lt;td colspan="3"&gt;&lt;a href="browser/screenshot/robotframework-browser-screenshot-19.png" target="_blank"&gt;&lt;img src="browser/screenshot/robotframework-browser-screenshot-19.png" width="800px"/&gt;&lt;/a&gt;</msg>
<tag>PageContent</tag>
<doc>Takes a screenshot of the current window or element and saves it to disk.</doc>
<status status="PASS" start="2025-06-18T16:44:34.712775" elapsed="0.173170"/>
</kw>
<status status="PASS" start="2025-06-18T16:44:33.094996" elapsed="1.791028"/>
</kw>
<kw name="Wait For Elements State" owner="Browser">
<msg time="2025-06-18T16:44:38.801263" level="INFO">Waited for Element with selector css=[data-testid="listar-usuarios"] at state visible</msg>
<arg>${BTN_LIST_USERS}</arg>
<arg>visible</arg>
<arg>timeout=15s</arg>
<tag>PageContent</tag>
<tag>Wait</tag>
<doc>Waits for the element found by ``selector`` to satisfy state option.</doc>
<status status="PASS" start="2025-06-18T16:44:34.886139" elapsed="3.915411"/>
</kw>
<kw name="Click" owner="Browser">
<msg time="2025-06-18T16:44:38.802829" level="INFO">Clicks the element 'css=[data-testid="listar-usuarios"]'.</msg>
<arg>${BTN_LIST_USERS}</arg>
<tag>PageContent</tag>
<tag>Setter</tag>
<doc>Simulates mouse click on the element found by ``selector``.</doc>
<status status="PASS" start="2025-06-18T16:44:38.801870" elapsed="0.026002"/>
</kw>
<kw name="Take Screenshot" owner="Browser">
<msg time="2025-06-18T16:44:38.963157" level="INFO" html="true">&lt;/td&gt;&lt;/tr&gt;&lt;tr&gt;&lt;td colspan="3"&gt;&lt;a href="browser/screenshot/robotframework-browser-screenshot-20.png" target="_blank"&gt;&lt;img src="browser/screenshot/robotframework-browser-screenshot-20.png" width="800px"/&gt;&lt;/a&gt;</msg>
<tag>PageContent</tag>
<doc>Takes a screenshot of the current window or element and saves it to disk.</doc>
<status status="PASS" start="2025-06-18T16:44:38.828068" elapsed="0.135207"/>
</kw>
<kw name="Fechar Navegador" owner="base">
<kw name="Close Browser" owner="Browser">
<msg time="2025-06-18T16:44:39.242230" level="INFO">Closed all browsers</msg>
<arg>ALL</arg>
<tag>BrowserControl</tag>
<tag>Setter</tag>
<doc>Closes the current browser.</doc>
<status status="PASS" start="2025-06-18T16:44:38.963648" elapsed="0.278780"/>
</kw>
<status status="PASS" start="2025-06-18T16:44:38.963419" elapsed="0.279137"/>
</kw>
<status status="PASS" start="2025-06-18T16:44:33.094627" elapsed="6.147993"/>
</kw>
<tag>listar_usuarios</tag>
<status status="PASS" start="2025-06-18T16:44:33.090756" elapsed="6.152256"/>
</test>
<kw name="Fechar Navegador" owner="base" type="TEARDOWN">
<kw name="Close Browser" owner="Browser">
<msg time="2025-06-18T16:44:39.280504" level="INFO">Closed all browsers</msg>
<arg>ALL</arg>
<tag>BrowserControl</tag>
<tag>Setter</tag>
<doc>Closes the current browser.</doc>
<status status="PASS" start="2025-06-18T16:44:39.277751" elapsed="0.002916"/>
</kw>
<status status="PASS" start="2025-06-18T16:44:39.277241" elapsed="0.003540"/>
</kw>
<doc>Suite de testes para a funcionalidade de usuários na interface web.</doc>
<status status="PASS" start="2025-06-18T16:44:19.563840" elapsed="19.716983"/>
</suite>
<status status="PASS" start="2025-06-18T16:42:31.618130" elapsed="127.687899"/>
</suite>
<statistics>
<total>
<stat pass="17" fail="0" skip="0">All Tests</stat>
</total>
<tag>
<stat pass="1" fail="0" skip="0">ausencia_email</stat>
<stat pass="1" fail="0" skip="0">ausencia_nome</stat>
<stat pass="2" fail="0" skip="0">busca_produto</stat>
<stat pass="1" fail="0" skip="0">cadastro_sucesso</stat>
<stat pass="1" fail="0" skip="0">campos_vazios</stat>
<stat pass="1" fail="0" skip="0">dup_cadastro_produto</stat>
<stat pass="1" fail="0" skip="0">dup_cadastro_usuario</stat>
<stat pass="1" fail="0" skip="0">exclusao_produto</stat>
<stat pass="2" fail="0" skip="0">ir_cadastro</stat>
<stat pass="2" fail="0" skip="0">listar_produtos</stat>
<stat pass="1" fail="0" skip="0">listar_usuarios</stat>
<stat pass="1" fail="0" skip="0">login_sucesso</stat>
<stat pass="1" fail="0" skip="0">senha_incorreta</stat>
<stat pass="1" fail="0" skip="0">sucesso_cadastro_produto</stat>
</tag>
<suite>
<stat name="Tests" id="s1" pass="17" fail="0" skip="0">Tests</stat>
<stat name="Login Tests" id="s1-s1" pass="3" fail="0" skip="0">Tests.Login Tests</stat>
<stat name="Produtos Tests" id="s1-s2" pass="9" fail="0" skip="0">Tests.Produtos Tests</stat>
<stat name="Usuarios Tests" id="s1-s3" pass="5" fail="0" skip="0">Tests.Usuarios Tests</stat>
</suite>
</statistics>
<errors>
</errors>
</robot>
