<?xml version="1.0" encoding="UTF-8"?>
<robot generator="Robot 7.3 (Python 3.13.2 on linux)" generated="2025-06-17T17:07:04.717914" rpa="false" schemaversion="5">
<suite id="s1" name="Produtos Tests" source="/media/marcos/MEU HD/aprofundando_em_automacao_web_ia/serverest-testes-web/tests/produtos_tests.robot">
<test id="s1-t1" name="Deve listar produtos cadastrados a partir da aba &quot;Home&quot;" line="12">
<kw name="Start Session" owner="base" type="SETUP">
<kw name="New Browser" owner="Browser">
<msg time="2025-06-17T17:07:05.030037" level="INFO">{"browser": "chromium", "headless": false, "chromiumSandbox": false, "devtools": false, "handleSIGHUP": true, "handleSIGINT": true, "handleSIGTERM": true, "slowMo": 0.0, "timeout": 30000.0, "tracesDir": "/media/marcos/MEU HD/aprofundando_em_automacao_web_ia/serverest-testes-web/results/browser/traces/temp/0df42493-719e-4b2d-b834-fd880a0a6aea"}</msg>
<msg time="2025-06-17T17:07:05.047822" level="INFO">Starting Browser process /home/marcos/anaconda3/envs/ambiente_compasso/lib/python3.13/site-packages/Browser/wrapper/index.js using at 127.0.0.1:57055</msg>
<msg time="2025-06-17T17:07:05.960840" level="INFO">Successfully created browser with options: {"browser":"chromium","headless":false,"chromiumSandbox":false,"devtools":false,"handleSIGHUP":true,"handleSIGINT":true,"handleSIGTERM":true,"slowMo":0,"timeout":30000,"tracesDir":"/media/marcos/MEU HD/aprofundando_em_automacao_web_ia/serverest-testes-web/results/browser/traces/temp/0df42493-719e-4b2d-b834-fd880a0a6aea"}</msg>
<arg>browser=chromium</arg>
<arg>headless=False</arg>
<tag>BrowserControl</tag>
<tag>Setter</tag>
<doc>Create a new playwright Browser with specified options.</doc>
<status status="PASS" start="2025-06-17T17:07:05.029179" elapsed="0.931888"/>
</kw>
<kw name="New Page" owner="Browser">
<msg time="2025-06-17T17:07:07.815481" level="INFO">Successfully initialized new page object and opened url: https://compassuolfront.serverest.dev</msg>
<msg time="2025-06-17T17:07:07.815580" level="INFO">No context was open. New context was automatically opened when this page is created.</msg>
<arg>${BASE_URL}</arg>
<tag>BrowserControl</tag>
<tag>Setter</tag>
<doc>Open a new Page.</doc>
<status status="PASS" start="2025-06-17T17:07:05.961341" elapsed="1.854443"/>
</kw>
<status status="PASS" start="2025-06-17T17:07:05.028028" elapsed="2.788008"/>
</kw>
<kw name="Generate Random User Data" owner="login_keywords">
<kw name="Evaluate" owner="BuiltIn">
<msg time="2025-06-17T17:07:07.816891" level="INFO">${rand} = 2125</msg>
<var>${rand}</var>
<arg>random.randint(1000, 9999)</arg>
<arg>modules=random</arg>
<doc>Evaluates the given expression in Python and returns the result.</doc>
<status status="PASS" start="2025-06-17T17:07:07.816602" elapsed="0.000316"/>
</kw>
<kw name="Set Variable" owner="BuiltIn">
<msg time="2025-06-17T17:07:07.817219" level="INFO">${email} = user2125@teste.com</msg>
<var>${email}</var>
<arg>user${rand}@teste.com</arg>
<doc>Returns the given values which can then be assigned to a variables.</doc>
<status status="PASS" start="2025-06-17T17:07:07.817049" elapsed="0.000192"/>
</kw>
<kw name="Set Suite Variable" owner="BuiltIn">
<msg time="2025-06-17T17:07:07.817896" level="INFO">${EMAIL_CAD} = user2125@teste.com</msg>
<arg>${EMAIL_CAD}</arg>
<arg>${email}</arg>
<doc>Makes a variable available everywhere within the scope of the current suite.</doc>
<status status="PASS" start="2025-06-17T17:07:07.817334" elapsed="0.000621"/>
</kw>
<kw name="Set Suite Variable" owner="BuiltIn">
<msg time="2025-06-17T17:07:07.818727" level="INFO">${PASS_CAD} = 123456</msg>
<arg>${PASS_CAD}</arg>
<arg>123456</arg>
<doc>Makes a variable available everywhere within the scope of the current suite.</doc>
<status status="PASS" start="2025-06-17T17:07:07.818086" elapsed="0.000713"/>
</kw>
<kw name="Set Suite Variable" owner="BuiltIn">
<msg time="2025-06-17T17:07:07.819485" level="INFO">${NAME_CAD} = Robot Teste 2125</msg>
<arg>${NAME_CAD}</arg>
<arg>Robot Teste ${rand}</arg>
<doc>Makes a variable available everywhere within the scope of the current suite.</doc>
<status status="PASS" start="2025-06-17T17:07:07.818954" elapsed="0.000565"/>
</kw>
<status status="PASS" start="2025-06-17T17:07:07.816268" elapsed="0.003313"/>
</kw>
<kw name="Register New User" owner="login_keywords">
<kw name="Go To Login Page" owner="base">
<kw name="Wait For Elements State" owner="Browser">
<msg time="2025-06-17T17:07:07.847267" level="INFO">Waited for Element with selector text=login at state visible</msg>
<arg>text=login</arg>
<arg>visible</arg>
<tag>PageContent</tag>
<tag>Wait</tag>
<doc>Waits for the element found by ``selector`` to satisfy state option.</doc>
<status status="PASS" start="2025-06-17T17:07:07.820208" elapsed="0.027201"/>
</kw>
<kw name="Click" owner="Browser">
<msg time="2025-06-17T17:07:07.848365" level="INFO">Clicks the element 'text=login'.</msg>
<arg>text=login</arg>
<tag>PageContent</tag>
<tag>Setter</tag>
<doc>Simulates mouse click on the element found by ``selector``.</doc>
<status status="PASS" start="2025-06-17T17:07:07.847583" elapsed="0.133286"/>
</kw>
<kw name="Wait For Elements State" owner="Browser">
<msg time="2025-06-17T17:07:07.988174" level="INFO">Waited for Element with selector id=email at state visible</msg>
<arg>id=email</arg>
<arg>visible</arg>
<tag>PageContent</tag>
<tag>Wait</tag>
<doc>Waits for the element found by ``selector`` to satisfy state option.</doc>
<status status="PASS" start="2025-06-17T17:07:07.981178" elapsed="0.007125"/>
</kw>
<status status="PASS" start="2025-06-17T17:07:07.819978" elapsed="0.168470"/>
</kw>
<kw name="Click" owner="Browser">
<msg time="2025-06-17T17:07:07.989055" level="INFO">Clicks the element 'text=Cadastre-se'.</msg>
<arg>text=Cadastre-se</arg>
<tag>PageContent</tag>
<tag>Setter</tag>
<doc>Simulates mouse click on the element found by ``selector``.</doc>
<status status="PASS" start="2025-06-17T17:07:07.988592" elapsed="0.020836"/>
</kw>
<kw name="Wait For Elements State" owner="Browser">
<msg time="2025-06-17T17:07:08.015406" level="INFO">Waited for Element with selector id=nome at state visible</msg>
<arg>id=nome</arg>
<arg>visible</arg>
<tag>PageContent</tag>
<tag>Wait</tag>
<doc>Waits for the element found by ``selector`` to satisfy state option.</doc>
<status status="PASS" start="2025-06-17T17:07:08.009613" elapsed="0.005941"/>
</kw>
<kw name="Fill Text" owner="Browser">
<msg time="2025-06-17T17:07:08.016218" level="INFO">Fills the text 'Robot Teste 2125' in the given field.</msg>
<arg>id=nome</arg>
<arg>${NAME_CAD}</arg>
<tag>PageContent</tag>
<tag>Setter</tag>
<doc>Clears and fills the given ``txt`` into the text field found by ``selector``.</doc>
<status status="PASS" start="2025-06-17T17:07:08.015731" elapsed="0.015075"/>
</kw>
<kw name="Fill Text" owner="Browser">
<msg time="2025-06-17T17:07:08.031815" level="INFO">Fills the text 'user2125@teste.com' in the given field.</msg>
<arg>id=email</arg>
<arg>${EMAIL_CAD}</arg>
<tag>PageContent</tag>
<tag>Setter</tag>
<doc>Clears and fills the given ``txt`` into the text field found by ``selector``.</doc>
<status status="PASS" start="2025-06-17T17:07:08.031170" elapsed="0.011667"/>
</kw>
<kw name="Fill Text" owner="Browser">
<msg time="2025-06-17T17:07:08.043436" level="INFO">Fills the text '123456' in the given field.</msg>
<arg>id=password</arg>
<arg>${PASS_CAD}</arg>
<tag>PageContent</tag>
<tag>Setter</tag>
<doc>Clears and fills the given ``txt`` into the text field found by ``selector``.</doc>
<status status="PASS" start="2025-06-17T17:07:08.043021" elapsed="0.009383"/>
</kw>
<kw name="Click" owner="Browser">
<msg time="2025-06-17T17:07:08.053444" level="INFO">Clicks the element 'data-testid=checkbox'.</msg>
<arg>data-testid=checkbox</arg>
<tag>PageContent</tag>
<tag>Setter</tag>
<doc>Simulates mouse click on the element found by ``selector``.</doc>
<status status="PASS" start="2025-06-17T17:07:08.052647" elapsed="0.025131"/>
</kw>
<kw name="Click" owner="Browser">
<msg time="2025-06-17T17:07:08.078365" level="INFO">Clicks the element 'data-testid=cadastrar'.</msg>
<arg>data-testid=cadastrar</arg>
<tag>PageContent</tag>
<tag>Setter</tag>
<doc>Simulates mouse click on the element found by ``selector``.</doc>
<status status="PASS" start="2025-06-17T17:07:08.077975" elapsed="0.027790"/>
</kw>
<kw name="Wait For Elements State" owner="Browser">
<msg time="2025-06-17T17:07:08.893836" level="INFO">Waited for Element with selector css=a.alert-link at state visible</msg>
<arg>css=a.alert-link</arg>
<arg>visible</arg>
<tag>PageContent</tag>
<tag>Wait</tag>
<doc>Waits for the element found by ``selector`` to satisfy state option.</doc>
<status status="PASS" start="2025-06-17T17:07:08.106068" elapsed="0.788115"/>
</kw>
<kw name="Get Text" owner="Browser">
<msg time="2025-06-17T17:07:08.912363" level="INFO">Text: 'Cadastro realizado com sucesso'</msg>
<msg time="2025-06-17T17:07:08.912487" level="INFO">${msg} = Cadastro realizado com sucesso</msg>
<var>${msg}</var>
<arg>css=a.alert-link</arg>
<tag>Assertion</tag>
<tag>Getter</tag>
<tag>PageContent</tag>
<doc>Returns text attribute of the element found by ``selector``.</doc>
<status status="PASS" start="2025-06-17T17:07:08.894505" elapsed="0.018005"/>
</kw>
<kw name="Should Be Equal As Strings" owner="BuiltIn">
<arg>${msg}</arg>
<arg>Cadastro realizado com sucesso</arg>
<doc>Fails if objects are unequal after converting them to strings.</doc>
<status status="PASS" start="2025-06-17T17:07:08.912661" elapsed="0.000240"/>
</kw>
<status status="PASS" start="2025-06-17T17:07:07.819721" elapsed="1.093252"/>
</kw>
<kw name="Fill Login Form" owner="login_keywords">
<kw name="Wait For Elements State" owner="Browser">
<msg time="2025-06-17T17:07:08.917041" level="INFO">Waited for Element with selector id=email at state visible</msg>
<arg>id=email</arg>
<arg>visible</arg>
<tag>PageContent</tag>
<tag>Wait</tag>
<doc>Waits for the element found by ``selector`` to satisfy state option.</doc>
<status status="PASS" start="2025-06-17T17:07:08.913392" elapsed="0.003847"/>
</kw>
<kw name="Fill Text" owner="Browser">
<msg time="2025-06-17T17:07:08.917893" level="INFO">Fills the text 'user2125@teste.com' in the given field.</msg>
<arg>id=email</arg>
<arg>${email}</arg>
<tag>PageContent</tag>
<tag>Setter</tag>
<doc>Clears and fills the given ``txt`` into the text field found by ``selector``.</doc>
<status status="PASS" start="2025-06-17T17:07:08.917469" elapsed="0.006079"/>
</kw>
<kw name="Fill Text" owner="Browser">
<msg time="2025-06-17T17:07:08.924152" level="INFO">Fills the text '123456' in the given field.</msg>
<arg>id=password</arg>
<arg>${password}</arg>
<tag>PageContent</tag>
<tag>Setter</tag>
<doc>Clears and fills the given ``txt`` into the text field found by ``selector``.</doc>
<status status="PASS" start="2025-06-17T17:07:08.923722" elapsed="0.008129"/>
</kw>
<kw name="Click" owner="Browser">
<msg time="2025-06-17T17:07:08.933260" level="INFO">Clicks the element 'data-testid=entrar'.</msg>
<arg>data-testid=entrar</arg>
<tag>PageContent</tag>
<tag>Setter</tag>
<doc>Simulates mouse click on the element found by ``selector``.</doc>
<status status="PASS" start="2025-06-17T17:07:08.932174" elapsed="0.047551"/>
</kw>
<arg>${EMAIL_CAD}</arg>
<arg>${PASS_CAD}</arg>
<status status="PASS" start="2025-06-17T17:07:08.913106" elapsed="0.066940"/>
</kw>
<kw name="Go To With Button" owner="produtos_keywords">
<kw name="Wait For Elements State" owner="Browser">
<msg time="2025-06-17T17:07:12.286059" level="INFO">Waited for Element with selector css=a[data-testid=listarProdutos] at state visible</msg>
<arg>${element}</arg>
<arg>visible</arg>
<arg>5</arg>
<tag>PageContent</tag>
<tag>Wait</tag>
<doc>Waits for the element found by ``selector`` to satisfy state option.</doc>
<status status="PASS" start="2025-06-17T17:07:08.980823" elapsed="3.305523"/>
</kw>
<kw name="Click" owner="Browser">
<msg time="2025-06-17T17:07:12.287898" level="INFO">Clicks the element 'css=a[data-testid=listarProdutos]'.</msg>
<arg>${element}</arg>
<tag>PageContent</tag>
<tag>Setter</tag>
<doc>Simulates mouse click on the element found by ``selector``.</doc>
<status status="PASS" start="2025-06-17T17:07:12.286724" elapsed="0.025804"/>
</kw>
<arg>css=a[data-testid=listarProdutos]</arg>
<status status="PASS" start="2025-06-17T17:07:08.980336" elapsed="3.332447"/>
</kw>
<kw name="Check If In Page" owner="produtos_keywords">
<kw name="Get Text" owner="Browser">
<msg time="2025-06-17T17:07:12.326653" level="INFO">Text: 'Lista dos Produtos'</msg>
<arg>css=h1</arg>
<arg>equal</arg>
<arg>${page_text}</arg>
<tag>Assertion</tag>
<tag>Getter</tag>
<tag>PageContent</tag>
<doc>Returns text attribute of the element found by ``selector``.</doc>
<status status="PASS" start="2025-06-17T17:07:12.313637" elapsed="0.013114"/>
</kw>
<arg>Lista dos Produtos</arg>
<status status="PASS" start="2025-06-17T17:07:12.313177" elapsed="0.013666"/>
</kw>
<kw name="Take Screenshot" owner="Browser" type="TEARDOWN">
<msg time="2025-06-17T17:07:12.515859" level="INFO" html="true">&lt;/td&gt;&lt;/tr&gt;&lt;tr&gt;&lt;td colspan="3"&gt;&lt;a href="browser/screenshot/robotframework-browser-screenshot-1.png" target="_blank"&gt;&lt;img src="browser/screenshot/robotframework-browser-screenshot-1.png" width="800px"/&gt;&lt;/a&gt;</msg>
<tag>PageContent</tag>
<doc>Takes a screenshot of the current window or element and saves it to disk.</doc>
<status status="PASS" start="2025-06-17T17:07:12.327100" elapsed="0.188905"/>
</kw>
<msg time="2025-06-17T17:07:12.527872" level="INFO">Switching context to context=8bf726f6-48cb-46f0-9cf3-138c54be86f0 in CURRENT</msg>
<msg time="2025-06-17T17:07:12.533463" level="INFO">Successfully changed active context: context=8bf726f6-48cb-46f0-9cf3-138c54be86f0</msg>
<msg time="2025-06-17T17:07:12.562630" level="INFO">Successfully closed Context</msg>
<tag>listar</tag>
<status status="PASS" start="2025-06-17T17:07:05.027134" elapsed="7.488957"/>
</test>
<test id="s1-t2" name="Deve listar produtos cadastrados a partir do menu de navegação" line="22">
<kw name="Start Session" owner="base" type="SETUP">
<kw name="New Browser" owner="Browser">
<msg time="2025-06-17T17:07:12.568359" level="INFO">Switching browser to browser=f68a0691-0359-4ccd-8a73-caa78e54cd85</msg>
<msg time="2025-06-17T17:07:12.570697" level="INFO">Successfully changed active browser: browser=f68a0691-0359-4ccd-8a73-caa78e54cd85</msg>
<msg time="2025-06-17T17:07:12.570864" level="INFO">Reusing existing browser with id: browser=f68a0691-0359-4ccd-8a73-caa78e54cd85</msg>
<arg>browser=chromium</arg>
<arg>headless=False</arg>
<tag>BrowserControl</tag>
<tag>Setter</tag>
<doc>Create a new playwright Browser with specified options.</doc>
<status status="PASS" start="2025-06-17T17:07:12.567791" elapsed="0.003158"/>
</kw>
<kw name="New Page" owner="Browser">
<msg time="2025-06-17T17:07:14.369327" level="INFO">Successfully initialized new page object and opened url: https://compassuolfront.serverest.dev</msg>
<msg time="2025-06-17T17:07:14.369400" level="INFO">No context was open. New context was automatically opened when this page is created.</msg>
<arg>${BASE_URL}</arg>
<tag>BrowserControl</tag>
<tag>Setter</tag>
<doc>Open a new Page.</doc>
<status status="PASS" start="2025-06-17T17:07:12.571184" elapsed="1.798337"/>
</kw>
<status status="PASS" start="2025-06-17T17:07:12.566775" elapsed="1.802840"/>
</kw>
<kw name="New User and Login" owner="produtos_keywords">
<kw name="Generate Random User Data" owner="login_keywords">
<kw name="Evaluate" owner="BuiltIn">
<msg time="2025-06-17T17:07:14.370774" level="INFO">${rand} = 5721</msg>
<var>${rand}</var>
<arg>random.randint(1000, 9999)</arg>
<arg>modules=random</arg>
<doc>Evaluates the given expression in Python and returns the result.</doc>
<status status="PASS" start="2025-06-17T17:07:14.370437" elapsed="0.000372"/>
</kw>
<kw name="Set Variable" owner="BuiltIn">
<msg time="2025-06-17T17:07:14.371182" level="INFO">${email} = user5721@teste.com</msg>
<var>${email}</var>
<arg>user${rand}@teste.com</arg>
<doc>Returns the given values which can then be assigned to a variables.</doc>
<status status="PASS" start="2025-06-17T17:07:14.370970" elapsed="0.000243"/>
</kw>
<kw name="Set Suite Variable" owner="BuiltIn">
<msg time="2025-06-17T17:07:14.371583" level="INFO">${EMAIL_CAD} = user5721@teste.com</msg>
<arg>${EMAIL_CAD}</arg>
<arg>${email}</arg>
<doc>Makes a variable available everywhere within the scope of the current suite.</doc>
<status status="PASS" start="2025-06-17T17:07:14.371350" elapsed="0.000271"/>
</kw>
<kw name="Set Suite Variable" owner="BuiltIn">
<msg time="2025-06-17T17:07:14.371953" level="INFO">${PASS_CAD} = 123456</msg>
<arg>${PASS_CAD}</arg>
<arg>123456</arg>
<doc>Makes a variable available everywhere within the scope of the current suite.</doc>
<status status="PASS" start="2025-06-17T17:07:14.371764" elapsed="0.000232"/>
</kw>
<kw name="Set Suite Variable" owner="BuiltIn">
<msg time="2025-06-17T17:07:14.372273" level="INFO">${NAME_CAD} = Robot Teste 5721</msg>
<arg>${NAME_CAD}</arg>
<arg>Robot Teste ${rand}</arg>
<doc>Makes a variable available everywhere within the scope of the current suite.</doc>
<status status="PASS" start="2025-06-17T17:07:14.372087" elapsed="0.000221"/>
</kw>
<status status="PASS" start="2025-06-17T17:07:14.370147" elapsed="0.002224"/>
</kw>
<kw name="Register New User" owner="login_keywords">
<kw name="Go To Login Page" owner="base">
<kw name="Wait For Elements State" owner="Browser">
<msg time="2025-06-17T17:07:14.408425" level="INFO">Waited for Element with selector text=login at state visible</msg>
<arg>text=login</arg>
<arg>visible</arg>
<tag>PageContent</tag>
<tag>Wait</tag>
<doc>Waits for the element found by ``selector`` to satisfy state option.</doc>
<status status="PASS" start="2025-06-17T17:07:14.372861" elapsed="0.035708"/>
</kw>
<kw name="Click" owner="Browser">
<msg time="2025-06-17T17:07:14.409124" level="INFO">Clicks the element 'text=login'.</msg>
<arg>text=login</arg>
<tag>PageContent</tag>
<tag>Setter</tag>
<doc>Simulates mouse click on the element found by ``selector``.</doc>
<status status="PASS" start="2025-06-17T17:07:14.408731" elapsed="0.153136"/>
</kw>
<kw name="Wait For Elements State" owner="Browser">
<msg time="2025-06-17T17:07:14.567997" level="INFO">Waited for Element with selector id=email at state visible</msg>
<arg>id=email</arg>
<arg>visible</arg>
<tag>PageContent</tag>
<tag>Wait</tag>
<doc>Waits for the element found by ``selector`` to satisfy state option.</doc>
<status status="PASS" start="2025-06-17T17:07:14.562081" elapsed="0.006177"/>
</kw>
<status status="PASS" start="2025-06-17T17:07:14.372695" elapsed="0.195704"/>
</kw>
<kw name="Click" owner="Browser">
<msg time="2025-06-17T17:07:14.569098" level="INFO">Clicks the element 'text=Cadastre-se'.</msg>
<arg>text=Cadastre-se</arg>
<tag>PageContent</tag>
<tag>Setter</tag>
<doc>Simulates mouse click on the element found by ``selector``.</doc>
<status status="PASS" start="2025-06-17T17:07:14.568562" elapsed="0.023835"/>
</kw>
<kw name="Wait For Elements State" owner="Browser">
<msg time="2025-06-17T17:07:14.598168" level="INFO">Waited for Element with selector id=nome at state visible</msg>
<arg>id=nome</arg>
<arg>visible</arg>
<tag>PageContent</tag>
<tag>Wait</tag>
<doc>Waits for the element found by ``selector`` to satisfy state option.</doc>
<status status="PASS" start="2025-06-17T17:07:14.592597" elapsed="0.005713"/>
</kw>
<kw name="Fill Text" owner="Browser">
<msg time="2025-06-17T17:07:14.598876" level="INFO">Fills the text 'Robot Teste 5721' in the given field.</msg>
<arg>id=nome</arg>
<arg>${NAME_CAD}</arg>
<tag>PageContent</tag>
<tag>Setter</tag>
<doc>Clears and fills the given ``txt`` into the text field found by ``selector``.</doc>
<status status="PASS" start="2025-06-17T17:07:14.598465" elapsed="0.011627"/>
</kw>
<kw name="Fill Text" owner="Browser">
<msg time="2025-06-17T17:07:14.610718" level="INFO">Fills the text 'user5721@teste.com' in the given field.</msg>
<arg>id=email</arg>
<arg>${EMAIL_CAD}</arg>
<tag>PageContent</tag>
<tag>Setter</tag>
<doc>Clears and fills the given ``txt`` into the text field found by ``selector``.</doc>
<status status="PASS" start="2025-06-17T17:07:14.610279" elapsed="0.013083"/>
</kw>
<kw name="Fill Text" owner="Browser">
<msg time="2025-06-17T17:07:14.624316" level="INFO">Fills the text '123456' in the given field.</msg>
<arg>id=password</arg>
<arg>${PASS_CAD}</arg>
<tag>PageContent</tag>
<tag>Setter</tag>
<doc>Clears and fills the given ``txt`` into the text field found by ``selector``.</doc>
<status status="PASS" start="2025-06-17T17:07:14.623562" elapsed="0.008996"/>
</kw>
<kw name="Click" owner="Browser">
<msg time="2025-06-17T17:07:14.633115" level="INFO">Clicks the element 'data-testid=checkbox'.</msg>
<arg>data-testid=checkbox</arg>
<tag>PageContent</tag>
<tag>Setter</tag>
<doc>Simulates mouse click on the element found by ``selector``.</doc>
<status status="PASS" start="2025-06-17T17:07:14.632726" elapsed="0.020250"/>
</kw>
<kw name="Click" owner="Browser">
<msg time="2025-06-17T17:07:14.654045" level="INFO">Clicks the element 'data-testid=cadastrar'.</msg>
<arg>data-testid=cadastrar</arg>
<tag>PageContent</tag>
<tag>Setter</tag>
<doc>Simulates mouse click on the element found by ``selector``.</doc>
<status status="PASS" start="2025-06-17T17:07:14.653275" elapsed="0.026148"/>
</kw>
<kw name="Wait For Elements State" owner="Browser">
<msg time="2025-06-17T17:07:15.468792" level="INFO">Waited for Element with selector css=a.alert-link at state visible</msg>
<arg>css=a.alert-link</arg>
<arg>visible</arg>
<tag>PageContent</tag>
<tag>Wait</tag>
<doc>Waits for the element found by ``selector`` to satisfy state option.</doc>
<status status="PASS" start="2025-06-17T17:07:14.679697" elapsed="0.789314"/>
</kw>
<kw name="Get Text" owner="Browser">
<msg time="2025-06-17T17:07:15.484126" level="INFO">Text: 'Cadastro realizado com sucesso'</msg>
<msg time="2025-06-17T17:07:15.484247" level="INFO">${msg} = Cadastro realizado com sucesso</msg>
<var>${msg}</var>
<arg>css=a.alert-link</arg>
<tag>Assertion</tag>
<tag>Getter</tag>
<tag>PageContent</tag>
<doc>Returns text attribute of the element found by ``selector``.</doc>
<status status="PASS" start="2025-06-17T17:07:15.469208" elapsed="0.015061"/>
</kw>
<kw name="Should Be Equal As Strings" owner="BuiltIn">
<arg>${msg}</arg>
<arg>Cadastro realizado com sucesso</arg>
<doc>Fails if objects are unequal after converting them to strings.</doc>
<status status="PASS" start="2025-06-17T17:07:15.484415" elapsed="0.000232"/>
</kw>
<status status="PASS" start="2025-06-17T17:07:14.372495" elapsed="1.112229"/>
</kw>
<kw name="Fill Login Form" owner="login_keywords">
<kw name="Wait For Elements State" owner="Browser">
<msg time="2025-06-17T17:07:15.488928" level="INFO">Waited for Element with selector id=email at state visible</msg>
<arg>id=email</arg>
<arg>visible</arg>
<tag>PageContent</tag>
<tag>Wait</tag>
<doc>Waits for the element found by ``selector`` to satisfy state option.</doc>
<status status="PASS" start="2025-06-17T17:07:15.485155" elapsed="0.003911"/>
</kw>
<kw name="Fill Text" owner="Browser">
<msg time="2025-06-17T17:07:15.489668" level="INFO">Fills the text 'user5721@teste.com' in the given field.</msg>
<arg>id=email</arg>
<arg>${email}</arg>
<tag>PageContent</tag>
<tag>Setter</tag>
<doc>Clears and fills the given ``txt`` into the text field found by ``selector``.</doc>
<status status="PASS" start="2025-06-17T17:07:15.489221" elapsed="0.007749"/>
</kw>
<kw name="Fill Text" owner="Browser">
<msg time="2025-06-17T17:07:15.497643" level="INFO">Fills the text '123456' in the given field.</msg>
<arg>id=password</arg>
<arg>${password}</arg>
<tag>PageContent</tag>
<tag>Setter</tag>
<doc>Clears and fills the given ``txt`` into the text field found by ``selector``.</doc>
<status status="PASS" start="2025-06-17T17:07:15.497184" elapsed="0.007897"/>
</kw>
<kw name="Click" owner="Browser">
<msg time="2025-06-17T17:07:15.505680" level="INFO">Clicks the element 'data-testid=entrar'.</msg>
<arg>data-testid=entrar</arg>
<tag>PageContent</tag>
<tag>Setter</tag>
<doc>Simulates mouse click on the element found by ``selector``.</doc>
<status status="PASS" start="2025-06-17T17:07:15.505257" elapsed="0.025903"/>
</kw>
<arg>${EMAIL_CAD}</arg>
<arg>${PASS_CAD}</arg>
<status status="PASS" start="2025-06-17T17:07:15.484875" elapsed="0.046398"/>
</kw>
<status status="PASS" start="2025-06-17T17:07:14.369784" elapsed="1.161540"/>
</kw>
<kw name="Go To With Button" owner="produtos_keywords">
<kw name="Wait For Elements State" owner="Browser">
<msg time="2025-06-17T17:07:18.833088" level="INFO">Waited for Element with selector css=a[data-testid=listar-produtos] at state visible</msg>
<arg>${element}</arg>
<arg>visible</arg>
<arg>5</arg>
<tag>PageContent</tag>
<tag>Wait</tag>
<doc>Waits for the element found by ``selector`` to satisfy state option.</doc>
<status status="PASS" start="2025-06-17T17:07:15.531791" elapsed="3.301508"/>
</kw>
<kw name="Click" owner="Browser">
<msg time="2025-06-17T17:07:18.833903" level="INFO">Clicks the element 'css=a[data-testid=listar-produtos]'.</msg>
<arg>${element}</arg>
<tag>PageContent</tag>
<tag>Setter</tag>
<doc>Simulates mouse click on the element found by ``selector``.</doc>
<status status="PASS" start="2025-06-17T17:07:18.833473" elapsed="0.026782"/>
</kw>
<arg>css=a[data-testid=listar-produtos]</arg>
<status status="PASS" start="2025-06-17T17:07:15.531479" elapsed="3.328936"/>
</kw>
<kw name="Check If In Page" owner="produtos_keywords">
<kw name="Get Text" owner="Browser">
<msg time="2025-06-17T17:07:18.879169" level="INFO">Text: 'Lista dos Produtos'</msg>
<arg>css=h1</arg>
<arg>equal</arg>
<arg>${page_text}</arg>
<tag>Assertion</tag>
<tag>Getter</tag>
<tag>PageContent</tag>
<doc>Returns text attribute of the element found by ``selector``.</doc>
<status status="PASS" start="2025-06-17T17:07:18.861113" elapsed="0.018188"/>
</kw>
<arg>Lista dos Produtos</arg>
<status status="PASS" start="2025-06-17T17:07:18.860644" elapsed="0.018790"/>
</kw>
<kw name="Take Screenshot" owner="Browser" type="TEARDOWN">
<msg time="2025-06-17T17:07:19.007104" level="INFO" html="true">&lt;/td&gt;&lt;/tr&gt;&lt;tr&gt;&lt;td colspan="3"&gt;&lt;a href="browser/screenshot/robotframework-browser-screenshot-2.png" target="_blank"&gt;&lt;img src="browser/screenshot/robotframework-browser-screenshot-2.png" width="800px"/&gt;&lt;/a&gt;</msg>
<tag>PageContent</tag>
<doc>Takes a screenshot of the current window or element and saves it to disk.</doc>
<status status="PASS" start="2025-06-17T17:07:18.880042" elapsed="0.127232"/>
</kw>
<msg time="2025-06-17T17:07:19.018226" level="INFO">Switching context to context=86994c34-97d3-48c2-af30-0d9254c1d0e1 in CURRENT</msg>
<msg time="2025-06-17T17:07:19.023977" level="INFO">Successfully changed active context: context=86994c34-97d3-48c2-af30-0d9254c1d0e1</msg>
<msg time="2025-06-17T17:07:19.049511" level="INFO">Successfully closed Context</msg>
<tag>listar</tag>
<status status="PASS" start="2025-06-17T17:07:12.563124" elapsed="6.444259"/>
</test>
<test id="s1-t3" name="Deve acessar página de cadastro a partir da aba &quot;Home&quot;" line="30">
<kw name="Start Session" owner="base" type="SETUP">
<kw name="New Browser" owner="Browser">
<msg time="2025-06-17T17:07:19.054809" level="INFO">Switching browser to browser=f68a0691-0359-4ccd-8a73-caa78e54cd85</msg>
<msg time="2025-06-17T17:07:19.057727" level="INFO">Successfully changed active browser: browser=f68a0691-0359-4ccd-8a73-caa78e54cd85</msg>
<msg time="2025-06-17T17:07:19.057966" level="INFO">Reusing existing browser with id: browser=f68a0691-0359-4ccd-8a73-caa78e54cd85</msg>
<arg>browser=chromium</arg>
<arg>headless=False</arg>
<tag>BrowserControl</tag>
<tag>Setter</tag>
<doc>Create a new playwright Browser with specified options.</doc>
<status status="PASS" start="2025-06-17T17:07:19.054212" elapsed="0.003857"/>
</kw>
<kw name="New Page" owner="Browser">
<msg time="2025-06-17T17:07:20.925077" level="INFO">Successfully initialized new page object and opened url: https://compassuolfront.serverest.dev</msg>
<msg time="2025-06-17T17:07:20.925164" level="INFO">No context was open. New context was automatically opened when this page is created.</msg>
<arg>${BASE_URL}</arg>
<tag>BrowserControl</tag>
<tag>Setter</tag>
<doc>Open a new Page.</doc>
<status status="PASS" start="2025-06-17T17:07:19.058340" elapsed="1.867001"/>
</kw>
<status status="PASS" start="2025-06-17T17:07:19.053660" elapsed="1.871800"/>
</kw>
<kw name="New User and Login" owner="produtos_keywords">
<kw name="Generate Random User Data" owner="login_keywords">
<kw name="Evaluate" owner="BuiltIn">
<msg time="2025-06-17T17:07:20.926725" level="INFO">${rand} = 8701</msg>
<var>${rand}</var>
<arg>random.randint(1000, 9999)</arg>
<arg>modules=random</arg>
<doc>Evaluates the given expression in Python and returns the result.</doc>
<status status="PASS" start="2025-06-17T17:07:20.926393" elapsed="0.000370"/>
</kw>
<kw name="Set Variable" owner="BuiltIn">
<msg time="2025-06-17T17:07:20.927333" level="INFO">${email} = user8701@teste.com</msg>
<var>${email}</var>
<arg>user${rand}@teste.com</arg>
<doc>Returns the given values which can then be assigned to a variables.</doc>
<status status="PASS" start="2025-06-17T17:07:20.926895" elapsed="0.000467"/>
</kw>
<kw name="Set Suite Variable" owner="BuiltIn">
<msg time="2025-06-17T17:07:20.927715" level="INFO">${EMAIL_CAD} = user8701@teste.com</msg>
<arg>${EMAIL_CAD}</arg>
<arg>${email}</arg>
<doc>Makes a variable available everywhere within the scope of the current suite.</doc>
<status status="PASS" start="2025-06-17T17:07:20.927495" elapsed="0.000266"/>
</kw>
<kw name="Set Suite Variable" owner="BuiltIn">
<msg time="2025-06-17T17:07:20.928079" level="INFO">${PASS_CAD} = 123456</msg>
<arg>${PASS_CAD}</arg>
<arg>123456</arg>
<doc>Makes a variable available everywhere within the scope of the current suite.</doc>
<status status="PASS" start="2025-06-17T17:07:20.927890" elapsed="0.000222"/>
</kw>
<kw name="Set Suite Variable" owner="BuiltIn">
<msg time="2025-06-17T17:07:20.928377" level="INFO">${NAME_CAD} = Robot Teste 8701</msg>
<arg>${NAME_CAD}</arg>
<arg>Robot Teste ${rand}</arg>
<doc>Makes a variable available everywhere within the scope of the current suite.</doc>
<status status="PASS" start="2025-06-17T17:07:20.928198" elapsed="0.000212"/>
</kw>
<status status="PASS" start="2025-06-17T17:07:20.926104" elapsed="0.002415"/>
</kw>
<kw name="Register New User" owner="login_keywords">
<kw name="Go To Login Page" owner="base">
<kw name="Wait For Elements State" owner="Browser">
<msg time="2025-06-17T17:07:20.951529" level="INFO">Waited for Element with selector text=login at state visible</msg>
<arg>text=login</arg>
<arg>visible</arg>
<tag>PageContent</tag>
<tag>Wait</tag>
<doc>Waits for the element found by ``selector`` to satisfy state option.</doc>
<status status="PASS" start="2025-06-17T17:07:20.929232" elapsed="0.022455"/>
</kw>
<kw name="Click" owner="Browser">
<msg time="2025-06-17T17:07:20.952474" level="INFO">Clicks the element 'text=login'.</msg>
<arg>text=login</arg>
<tag>PageContent</tag>
<tag>Setter</tag>
<doc>Simulates mouse click on the element found by ``selector``.</doc>
<status status="PASS" start="2025-06-17T17:07:20.951855" elapsed="0.151859"/>
</kw>
<kw name="Wait For Elements State" owner="Browser">
<msg time="2025-06-17T17:07:21.109849" level="INFO">Waited for Element with selector id=email at state visible</msg>
<arg>id=email</arg>
<arg>visible</arg>
<tag>PageContent</tag>
<tag>Wait</tag>
<doc>Waits for the element found by ``selector`` to satisfy state option.</doc>
<status status="PASS" start="2025-06-17T17:07:21.103905" elapsed="0.006127"/>
</kw>
<status status="PASS" start="2025-06-17T17:07:20.929062" elapsed="0.181066"/>
</kw>
<kw name="Click" owner="Browser">
<msg time="2025-06-17T17:07:21.110639" level="INFO">Clicks the element 'text=Cadastre-se'.</msg>
<arg>text=Cadastre-se</arg>
<tag>PageContent</tag>
<tag>Setter</tag>
<doc>Simulates mouse click on the element found by ``selector``.</doc>
<status status="PASS" start="2025-06-17T17:07:21.110251" elapsed="0.019047"/>
</kw>
<kw name="Wait For Elements State" owner="Browser">
<msg time="2025-06-17T17:07:21.134246" level="INFO">Waited for Element with selector id=nome at state visible</msg>
<arg>id=nome</arg>
<arg>visible</arg>
<tag>PageContent</tag>
<tag>Wait</tag>
<doc>Waits for the element found by ``selector`` to satisfy state option.</doc>
<status status="PASS" start="2025-06-17T17:07:21.129570" elapsed="0.004810"/>
</kw>
<kw name="Fill Text" owner="Browser">
<msg time="2025-06-17T17:07:21.134944" level="INFO">Fills the text 'Robot Teste 8701' in the given field.</msg>
<arg>id=nome</arg>
<arg>${NAME_CAD}</arg>
<tag>PageContent</tag>
<tag>Setter</tag>
<doc>Clears and fills the given ``txt`` into the text field found by ``selector``.</doc>
<status status="PASS" start="2025-06-17T17:07:21.134532" elapsed="0.010178"/>
</kw>
<kw name="Fill Text" owner="Browser">
<msg time="2025-06-17T17:07:21.145385" level="INFO">Fills the text 'user8701@teste.com' in the given field.</msg>
<arg>id=email</arg>
<arg>${EMAIL_CAD}</arg>
<tag>PageContent</tag>
<tag>Setter</tag>
<doc>Clears and fills the given ``txt`` into the text field found by ``selector``.</doc>
<status status="PASS" start="2025-06-17T17:07:21.144948" elapsed="0.009502"/>
</kw>
<kw name="Fill Text" owner="Browser">
<msg time="2025-06-17T17:07:21.155070" level="INFO">Fills the text '123456' in the given field.</msg>
<arg>id=password</arg>
<arg>${PASS_CAD}</arg>
<tag>PageContent</tag>
<tag>Setter</tag>
<doc>Clears and fills the given ``txt`` into the text field found by ``selector``.</doc>
<status status="PASS" start="2025-06-17T17:07:21.154634" elapsed="0.007542"/>
</kw>
<kw name="Click" owner="Browser">
<msg time="2025-06-17T17:07:21.162984" level="INFO">Clicks the element 'data-testid=checkbox'.</msg>
<arg>data-testid=checkbox</arg>
<tag>PageContent</tag>
<tag>Setter</tag>
<doc>Simulates mouse click on the element found by ``selector``.</doc>
<status status="PASS" start="2025-06-17T17:07:21.162407" elapsed="0.023580"/>
</kw>
<kw name="Click" owner="Browser">
<msg time="2025-06-17T17:07:21.186603" level="INFO">Clicks the element 'data-testid=cadastrar'.</msg>
<arg>data-testid=cadastrar</arg>
<tag>PageContent</tag>
<tag>Setter</tag>
<doc>Simulates mouse click on the element found by ``selector``.</doc>
<status status="PASS" start="2025-06-17T17:07:21.186176" elapsed="0.026240"/>
</kw>
<kw name="Wait For Elements State" owner="Browser">
<msg time="2025-06-17T17:07:22.000060" level="INFO">Waited for Element with selector css=a.alert-link at state visible</msg>
<arg>css=a.alert-link</arg>
<arg>visible</arg>
<tag>PageContent</tag>
<tag>Wait</tag>
<doc>Waits for the element found by ``selector`` to satisfy state option.</doc>
<status status="PASS" start="2025-06-17T17:07:21.212693" elapsed="0.787501"/>
</kw>
<kw name="Get Text" owner="Browser">
<msg time="2025-06-17T17:07:22.015140" level="INFO">Text: 'Cadastro realizado com sucesso'</msg>
<msg time="2025-06-17T17:07:22.015268" level="INFO">${msg} = Cadastro realizado com sucesso</msg>
<var>${msg}</var>
<arg>css=a.alert-link</arg>
<tag>Assertion</tag>
<tag>Getter</tag>
<tag>PageContent</tag>
<doc>Returns text attribute of the element found by ``selector``.</doc>
<status status="PASS" start="2025-06-17T17:07:22.000345" elapsed="0.014946"/>
</kw>
<kw name="Should Be Equal As Strings" owner="BuiltIn">
<arg>${msg}</arg>
<arg>Cadastro realizado com sucesso</arg>
<doc>Fails if objects are unequal after converting them to strings.</doc>
<status status="PASS" start="2025-06-17T17:07:22.015456" elapsed="0.000230"/>
</kw>
<status status="PASS" start="2025-06-17T17:07:20.928808" elapsed="1.086942"/>
</kw>
<kw name="Fill Login Form" owner="login_keywords">
<kw name="Wait For Elements State" owner="Browser">
<msg time="2025-06-17T17:07:22.019788" level="INFO">Waited for Element with selector id=email at state visible</msg>
<arg>id=email</arg>
<arg>visible</arg>
<tag>PageContent</tag>
<tag>Wait</tag>
<doc>Waits for the element found by ``selector`` to satisfy state option.</doc>
<status status="PASS" start="2025-06-17T17:07:22.016128" elapsed="0.003783"/>
</kw>
<kw name="Fill Text" owner="Browser">
<msg time="2025-06-17T17:07:22.020450" level="INFO">Fills the text 'user8701@teste.com' in the given field.</msg>
<arg>id=email</arg>
<arg>${email}</arg>
<tag>PageContent</tag>
<tag>Setter</tag>
<doc>Clears and fills the given ``txt`` into the text field found by ``selector``.</doc>
<status status="PASS" start="2025-06-17T17:07:22.020061" elapsed="0.007817"/>
</kw>
<kw name="Fill Text" owner="Browser">
<msg time="2025-06-17T17:07:22.028593" level="INFO">Fills the text '123456' in the given field.</msg>
<arg>id=password</arg>
<arg>${password}</arg>
<tag>PageContent</tag>
<tag>Setter</tag>
<doc>Clears and fills the given ``txt`` into the text field found by ``selector``.</doc>
<status status="PASS" start="2025-06-17T17:07:22.028132" elapsed="0.010425"/>
</kw>
<kw name="Click" owner="Browser">
<msg time="2025-06-17T17:07:22.039319" level="INFO">Clicks the element 'data-testid=entrar'.</msg>
<arg>data-testid=entrar</arg>
<tag>PageContent</tag>
<tag>Setter</tag>
<doc>Simulates mouse click on the element found by ``selector``.</doc>
<status status="PASS" start="2025-06-17T17:07:22.038834" elapsed="0.025617"/>
</kw>
<arg>${EMAIL_CAD}</arg>
<arg>${PASS_CAD}</arg>
<status status="PASS" start="2025-06-17T17:07:22.015871" elapsed="0.048684"/>
</kw>
<status status="PASS" start="2025-06-17T17:07:20.925687" elapsed="1.138917"/>
</kw>
<kw name="Go To With Button" owner="produtos_keywords">
<kw name="Wait For Elements State" owner="Browser">
<msg time="2025-06-17T17:07:25.368585" level="INFO">Waited for Element with selector css=a[data-testid=cadastrarProdutos] at state visible</msg>
<arg>${element}</arg>
<arg>visible</arg>
<arg>5</arg>
<tag>PageContent</tag>
<tag>Wait</tag>
<doc>Waits for the element found by ``selector`` to satisfy state option.</doc>
<status status="PASS" start="2025-06-17T17:07:22.065061" elapsed="3.303811"/>
</kw>
<kw name="Click" owner="Browser">
<msg time="2025-06-17T17:07:25.370352" level="INFO">Clicks the element 'css=a[data-testid=cadastrarProdutos]'.</msg>
<arg>${element}</arg>
<tag>PageContent</tag>
<tag>Setter</tag>
<doc>Simulates mouse click on the element found by ``selector``.</doc>
<status status="PASS" start="2025-06-17T17:07:25.369310" elapsed="0.026006"/>
</kw>
<arg>css=a[data-testid=cadastrarProdutos]</arg>
<status status="PASS" start="2025-06-17T17:07:22.064755" elapsed="3.330674"/>
</kw>
<kw name="Check If In Page" owner="produtos_keywords">
<kw name="Get Text" owner="Browser">
<msg time="2025-06-17T17:07:25.406881" level="INFO">Text: 'Cadastro de Produtos'</msg>
<arg>css=h1</arg>
<arg>equal</arg>
<arg>${page_text}</arg>
<tag>Assertion</tag>
<tag>Getter</tag>
<tag>PageContent</tag>
<doc>Returns text attribute of the element found by ``selector``.</doc>
<status status="PASS" start="2025-06-17T17:07:25.395916" elapsed="0.011072"/>
</kw>
<arg>Cadastro de Produtos</arg>
<status status="PASS" start="2025-06-17T17:07:25.395590" elapsed="0.011494"/>
</kw>
<kw name="Take Screenshot" owner="Browser" type="TEARDOWN">
<msg time="2025-06-17T17:07:25.491385" level="INFO" html="true">&lt;/td&gt;&lt;/tr&gt;&lt;tr&gt;&lt;td colspan="3"&gt;&lt;a href="browser/screenshot/robotframework-browser-screenshot-3.png" target="_blank"&gt;&lt;img src="browser/screenshot/robotframework-browser-screenshot-3.png" width="800px"/&gt;&lt;/a&gt;</msg>
<tag>PageContent</tag>
<doc>Takes a screenshot of the current window or element and saves it to disk.</doc>
<status status="PASS" start="2025-06-17T17:07:25.407297" elapsed="0.084227"/>
</kw>
<msg time="2025-06-17T17:07:25.503162" level="INFO">Switching context to context=732e2940-50d0-4048-8e11-0c625bb4730e in CURRENT</msg>
<msg time="2025-06-17T17:07:25.508456" level="INFO">Successfully changed active context: context=732e2940-50d0-4048-8e11-0c625bb4730e</msg>
<msg time="2025-06-17T17:07:25.527328" level="INFO">Successfully closed Context</msg>
<tag>ir_cadastro</tag>
<status status="PASS" start="2025-06-17T17:07:19.050058" elapsed="6.441533"/>
</test>
<test id="s1-t4" name="Deve acessar página de cadastro a partir do menu de navegação" line="38">
<kw name="Start Session" owner="base" type="SETUP">
<kw name="New Browser" owner="Browser">
<msg time="2025-06-17T17:07:25.531637" level="INFO">Switching browser to browser=f68a0691-0359-4ccd-8a73-caa78e54cd85</msg>
<msg time="2025-06-17T17:07:25.534034" level="INFO">Successfully changed active browser: browser=f68a0691-0359-4ccd-8a73-caa78e54cd85</msg>
<msg time="2025-06-17T17:07:25.534189" level="INFO">Reusing existing browser with id: browser=f68a0691-0359-4ccd-8a73-caa78e54cd85</msg>
<arg>browser=chromium</arg>
<arg>headless=False</arg>
<tag>BrowserControl</tag>
<tag>Setter</tag>
<doc>Create a new playwright Browser with specified options.</doc>
<status status="PASS" start="2025-06-17T17:07:25.530999" elapsed="0.003265"/>
</kw>
<kw name="New Page" owner="Browser">
<msg time="2025-06-17T17:07:27.538042" level="INFO">Successfully initialized new page object and opened url: https://compassuolfront.serverest.dev</msg>
<msg time="2025-06-17T17:07:27.538135" level="INFO">No context was open. New context was automatically opened when this page is created.</msg>
<arg>${BASE_URL}</arg>
<tag>BrowserControl</tag>
<tag>Setter</tag>
<doc>Open a new Page.</doc>
<status status="PASS" start="2025-06-17T17:07:25.534582" elapsed="2.003721"/>
</kw>
<status status="PASS" start="2025-06-17T17:07:25.530543" elapsed="2.007889"/>
</kw>
<kw name="New User and Login" owner="produtos_keywords">
<kw name="Generate Random User Data" owner="login_keywords">
<kw name="Evaluate" owner="BuiltIn">
<msg time="2025-06-17T17:07:27.539664" level="INFO">${rand} = 8416</msg>
<var>${rand}</var>
<arg>random.randint(1000, 9999)</arg>
<arg>modules=random</arg>
<doc>Evaluates the given expression in Python and returns the result.</doc>
<status status="PASS" start="2025-06-17T17:07:27.539352" elapsed="0.000339"/>
</kw>
<kw name="Set Variable" owner="BuiltIn">
<msg time="2025-06-17T17:07:27.540021" level="INFO">${email} = user8416@teste.com</msg>
<var>${email}</var>
<arg>user${rand}@teste.com</arg>
<doc>Returns the given values which can then be assigned to a variables.</doc>
<status status="PASS" start="2025-06-17T17:07:27.539840" elapsed="0.000202"/>
</kw>
<kw name="Set Suite Variable" owner="BuiltIn">
<msg time="2025-06-17T17:07:27.540318" level="INFO">${EMAIL_CAD} = user8416@teste.com</msg>
<arg>${EMAIL_CAD}</arg>
<arg>${email}</arg>
<doc>Makes a variable available everywhere within the scope of the current suite.</doc>
<status status="PASS" start="2025-06-17T17:07:27.540138" elapsed="0.000224"/>
</kw>
<kw name="Set Suite Variable" owner="BuiltIn">
<msg time="2025-06-17T17:07:27.540633" level="INFO">${PASS_CAD} = 123456</msg>
<arg>${PASS_CAD}</arg>
<arg>123456</arg>
<doc>Makes a variable available everywhere within the scope of the current suite.</doc>
<status status="PASS" start="2025-06-17T17:07:27.540467" elapsed="0.000196"/>
</kw>
<kw name="Set Suite Variable" owner="BuiltIn">
<msg time="2025-06-17T17:07:27.540888" level="INFO">${NAME_CAD} = Robot Teste 8416</msg>
<arg>${NAME_CAD}</arg>
<arg>Robot Teste ${rand}</arg>
<doc>Makes a variable available everywhere within the scope of the current suite.</doc>
<status status="PASS" start="2025-06-17T17:07:27.540744" elapsed="0.000178"/>
</kw>
<status status="PASS" start="2025-06-17T17:07:27.539047" elapsed="0.001955"/>
</kw>
<kw name="Register New User" owner="login_keywords">
<kw name="Go To Login Page" owner="base">
<kw name="Wait For Elements State" owner="Browser">
<msg time="2025-06-17T17:07:27.563430" level="INFO">Waited for Element with selector text=login at state visible</msg>
<arg>text=login</arg>
<arg>visible</arg>
<tag>PageContent</tag>
<tag>Wait</tag>
<doc>Waits for the element found by ``selector`` to satisfy state option.</doc>
<status status="PASS" start="2025-06-17T17:07:27.541526" elapsed="0.022047"/>
</kw>
<kw name="Click" owner="Browser">
<msg time="2025-06-17T17:07:27.564242" level="INFO">Clicks the element 'text=login'.</msg>
<arg>text=login</arg>
<tag>PageContent</tag>
<tag>Setter</tag>
<doc>Simulates mouse click on the element found by ``selector``.</doc>
<status status="PASS" start="2025-06-17T17:07:27.563732" elapsed="0.124136"/>
</kw>
<kw name="Wait For Elements State" owner="Browser">
<msg time="2025-06-17T17:07:27.693260" level="INFO">Waited for Element with selector id=email at state visible</msg>
<arg>id=email</arg>
<arg>visible</arg>
<tag>PageContent</tag>
<tag>Wait</tag>
<doc>Waits for the element found by ``selector`` to satisfy state option.</doc>
<status status="PASS" start="2025-06-17T17:07:27.688064" elapsed="0.005344"/>
</kw>
<status status="PASS" start="2025-06-17T17:07:27.541360" elapsed="0.152164"/>
</kw>
<kw name="Click" owner="Browser">
<msg time="2025-06-17T17:07:27.694203" level="INFO">Clicks the element 'text=Cadastre-se'.</msg>
<arg>text=Cadastre-se</arg>
<tag>PageContent</tag>
<tag>Setter</tag>
<doc>Simulates mouse click on the element found by ``selector``.</doc>
<status status="PASS" start="2025-06-17T17:07:27.693671" elapsed="0.022575"/>
</kw>
<kw name="Wait For Elements State" owner="Browser">
<msg time="2025-06-17T17:07:27.722296" level="INFO">Waited for Element with selector id=nome at state visible</msg>
<arg>id=nome</arg>
<arg>visible</arg>
<tag>PageContent</tag>
<tag>Wait</tag>
<doc>Waits for the element found by ``selector`` to satisfy state option.</doc>
<status status="PASS" start="2025-06-17T17:07:27.716435" elapsed="0.006182"/>
</kw>
<kw name="Fill Text" owner="Browser">
<msg time="2025-06-17T17:07:27.723404" level="INFO">Fills the text 'Robot Teste 8416' in the given field.</msg>
<arg>id=nome</arg>
<arg>${NAME_CAD}</arg>
<tag>PageContent</tag>
<tag>Setter</tag>
<doc>Clears and fills the given ``txt`` into the text field found by ``selector``.</doc>
<status status="PASS" start="2025-06-17T17:07:27.722891" elapsed="0.010954"/>
</kw>
<kw name="Fill Text" owner="Browser">
<msg time="2025-06-17T17:07:27.734723" level="INFO">Fills the text 'user8416@teste.com' in the given field.</msg>
<arg>id=email</arg>
<arg>${EMAIL_CAD}</arg>
<tag>PageContent</tag>
<tag>Setter</tag>
<doc>Clears and fills the given ``txt`` into the text field found by ``selector``.</doc>
<status status="PASS" start="2025-06-17T17:07:27.734113" elapsed="0.009392"/>
</kw>
<kw name="Fill Text" owner="Browser">
<msg time="2025-06-17T17:07:27.744444" level="INFO">Fills the text '123456' in the given field.</msg>
<arg>id=password</arg>
<arg>${PASS_CAD}</arg>
<tag>PageContent</tag>
<tag>Setter</tag>
<doc>Clears and fills the given ``txt`` into the text field found by ``selector``.</doc>
<status status="PASS" start="2025-06-17T17:07:27.743766" elapsed="0.009298"/>
</kw>
<kw name="Click" owner="Browser">
<msg time="2025-06-17T17:07:27.754122" level="INFO">Clicks the element 'data-testid=checkbox'.</msg>
<arg>data-testid=checkbox</arg>
<tag>PageContent</tag>
<tag>Setter</tag>
<doc>Simulates mouse click on the element found by ``selector``.</doc>
<status status="PASS" start="2025-06-17T17:07:27.753345" elapsed="0.023871"/>
</kw>
<kw name="Click" owner="Browser">
<msg time="2025-06-17T17:07:27.777838" level="INFO">Clicks the element 'data-testid=cadastrar'.</msg>
<arg>data-testid=cadastrar</arg>
<tag>PageContent</tag>
<tag>Setter</tag>
<doc>Simulates mouse click on the element found by ``selector``.</doc>
<status status="PASS" start="2025-06-17T17:07:27.777435" elapsed="0.029808"/>
</kw>
<kw name="Wait For Elements State" owner="Browser">
<msg time="2025-06-17T17:07:28.591825" level="INFO">Waited for Element with selector css=a.alert-link at state visible</msg>
<arg>css=a.alert-link</arg>
<arg>visible</arg>
<tag>PageContent</tag>
<tag>Wait</tag>
<doc>Waits for the element found by ``selector`` to satisfy state option.</doc>
<status status="PASS" start="2025-06-17T17:07:27.807561" elapsed="0.784413"/>
</kw>
<kw name="Get Text" owner="Browser">
<msg time="2025-06-17T17:07:28.605144" level="INFO">Text: 'Cadastro realizado com sucesso'</msg>
<msg time="2025-06-17T17:07:28.605303" level="INFO">${msg} = Cadastro realizado com sucesso</msg>
<var>${msg}</var>
<arg>css=a.alert-link</arg>
<tag>Assertion</tag>
<tag>Getter</tag>
<tag>PageContent</tag>
<doc>Returns text attribute of the element found by ``selector``.</doc>
<status status="PASS" start="2025-06-17T17:07:28.592131" elapsed="0.013202"/>
</kw>
<kw name="Should Be Equal As Strings" owner="BuiltIn">
<arg>${msg}</arg>
<arg>Cadastro realizado com sucesso</arg>
<doc>Fails if objects are unequal after converting them to strings.</doc>
<status status="PASS" start="2025-06-17T17:07:28.605547" elapsed="0.000344"/>
</kw>
<status status="PASS" start="2025-06-17T17:07:27.541153" elapsed="1.064850"/>
</kw>
<kw name="Fill Login Form" owner="login_keywords">
<kw name="Wait For Elements State" owner="Browser">
<msg time="2025-06-17T17:07:28.609974" level="INFO">Waited for Element with selector id=email at state visible</msg>
<arg>id=email</arg>
<arg>visible</arg>
<tag>PageContent</tag>
<tag>Wait</tag>
<doc>Waits for the element found by ``selector`` to satisfy state option.</doc>
<status status="PASS" start="2025-06-17T17:07:28.606428" elapsed="0.003770"/>
</kw>
<kw name="Fill Text" owner="Browser">
<msg time="2025-06-17T17:07:28.610764" level="INFO">Fills the text 'user8416@teste.com' in the given field.</msg>
<arg>id=email</arg>
<arg>${email}</arg>
<tag>PageContent</tag>
<tag>Setter</tag>
<doc>Clears and fills the given ``txt`` into the text field found by ``selector``.</doc>
<status status="PASS" start="2025-06-17T17:07:28.610361" elapsed="0.005555"/>
</kw>
<kw name="Fill Text" owner="Browser">
<msg time="2025-06-17T17:07:28.616521" level="INFO">Fills the text '123456' in the given field.</msg>
<arg>id=password</arg>
<arg>${password}</arg>
<tag>PageContent</tag>
<tag>Setter</tag>
<doc>Clears and fills the given ``txt`` into the text field found by ``selector``.</doc>
<status status="PASS" start="2025-06-17T17:07:28.616100" elapsed="0.008331"/>
</kw>
<kw name="Click" owner="Browser">
<msg time="2025-06-17T17:07:28.625173" level="INFO">Clicks the element 'data-testid=entrar'.</msg>
<arg>data-testid=entrar</arg>
<tag>PageContent</tag>
<tag>Setter</tag>
<doc>Simulates mouse click on the element found by ``selector``.</doc>
<status status="PASS" start="2025-06-17T17:07:28.624645" elapsed="0.023804"/>
</kw>
<arg>${EMAIL_CAD}</arg>
<arg>${PASS_CAD}</arg>
<status status="PASS" start="2025-06-17T17:07:28.606162" elapsed="0.042397"/>
</kw>
<status status="PASS" start="2025-06-17T17:07:27.538663" elapsed="1.109944"/>
</kw>
<kw name="Go To With Button" owner="produtos_keywords">
<kw name="Wait For Elements State" owner="Browser">
<msg time="2025-06-17T17:07:31.952252" level="INFO">Waited for Element with selector css=a[data-testid=cadastrar-produtos] at state visible</msg>
<arg>${element}</arg>
<arg>visible</arg>
<arg>5</arg>
<tag>PageContent</tag>
<tag>Wait</tag>
<doc>Waits for the element found by ``selector`` to satisfy state option.</doc>
<status status="PASS" start="2025-06-17T17:07:28.649080" elapsed="3.303354"/>
</kw>
<kw name="Click" owner="Browser">
<msg time="2025-06-17T17:07:31.953139" level="INFO">Clicks the element 'css=a[data-testid=cadastrar-produtos]'.</msg>
<arg>${element}</arg>
<tag>PageContent</tag>
<tag>Setter</tag>
<doc>Simulates mouse click on the element found by ``selector``.</doc>
<status status="PASS" start="2025-06-17T17:07:31.952603" elapsed="0.026935"/>
</kw>
<arg>css=a[data-testid=cadastrar-produtos]</arg>
<status status="PASS" start="2025-06-17T17:07:28.648764" elapsed="3.330907"/>
</kw>
<kw name="Check If In Page" owner="produtos_keywords">
<kw name="Get Text" owner="Browser">
<msg time="2025-06-17T17:07:31.992170" level="INFO">Text: 'Cadastro de Produtos'</msg>
<arg>css=h1</arg>
<arg>equal</arg>
<arg>${page_text}</arg>
<tag>Assertion</tag>
<tag>Getter</tag>
<tag>PageContent</tag>
<doc>Returns text attribute of the element found by ``selector``.</doc>
<status status="PASS" start="2025-06-17T17:07:31.980151" elapsed="0.012117"/>
</kw>
<arg>Cadastro de Produtos</arg>
<status status="PASS" start="2025-06-17T17:07:31.979840" elapsed="0.012520"/>
</kw>
<kw name="Take Screenshot" owner="Browser" type="TEARDOWN">
<msg time="2025-06-17T17:07:32.080751" level="INFO" html="true">&lt;/td&gt;&lt;/tr&gt;&lt;tr&gt;&lt;td colspan="3"&gt;&lt;a href="browser/screenshot/robotframework-browser-screenshot-4.png" target="_blank"&gt;&lt;img src="browser/screenshot/robotframework-browser-screenshot-4.png" width="800px"/&gt;&lt;/a&gt;</msg>
<tag>PageContent</tag>
<doc>Takes a screenshot of the current window or element and saves it to disk.</doc>
<status status="PASS" start="2025-06-17T17:07:31.992550" elapsed="0.088329"/>
</kw>
<msg time="2025-06-17T17:07:32.093061" level="INFO">Switching context to context=d904ef80-a911-4b4e-825f-c3dbb460871d in CURRENT</msg>
<msg time="2025-06-17T17:07:32.098897" level="INFO">Successfully changed active context: context=d904ef80-a911-4b4e-825f-c3dbb460871d</msg>
<msg time="2025-06-17T17:07:32.122667" level="INFO">Successfully closed Context</msg>
<tag>ir_cadastro</tag>
<status status="PASS" start="2025-06-17T17:07:25.527788" elapsed="6.553166"/>
</test>
<test id="s1-t5" name="Deve cadastrar produto com sucesso" line="47">
<kw name="Start Session" owner="base" type="SETUP">
<kw name="New Browser" owner="Browser">
<msg time="2025-06-17T17:07:32.130401" level="INFO">Switching browser to browser=f68a0691-0359-4ccd-8a73-caa78e54cd85</msg>
<msg time="2025-06-17T17:07:32.132389" level="INFO">Successfully changed active browser: browser=f68a0691-0359-4ccd-8a73-caa78e54cd85</msg>
<msg time="2025-06-17T17:07:32.132571" level="INFO">Reusing existing browser with id: browser=f68a0691-0359-4ccd-8a73-caa78e54cd85</msg>
<arg>browser=chromium</arg>
<arg>headless=False</arg>
<tag>BrowserControl</tag>
<tag>Setter</tag>
<doc>Create a new playwright Browser with specified options.</doc>
<status status="PASS" start="2025-06-17T17:07:32.129737" elapsed="0.002910"/>
</kw>
<kw name="New Page" owner="Browser">
<msg time="2025-06-17T17:07:34.099930" level="INFO">Successfully initialized new page object and opened url: https://compassuolfront.serverest.dev</msg>
<msg time="2025-06-17T17:07:34.100011" level="INFO">No context was open. New context was automatically opened when this page is created.</msg>
<arg>${BASE_URL}</arg>
<tag>BrowserControl</tag>
<tag>Setter</tag>
<doc>Open a new Page.</doc>
<status status="PASS" start="2025-06-17T17:07:32.132871" elapsed="1.967257"/>
</kw>
<status status="PASS" start="2025-06-17T17:07:32.129125" elapsed="1.971093"/>
</kw>
<kw name="New User and Login" owner="produtos_keywords">
<kw name="Generate Random User Data" owner="login_keywords">
<kw name="Evaluate" owner="BuiltIn">
<msg time="2025-06-17T17:07:34.101468" level="INFO">${rand} = 5365</msg>
<var>${rand}</var>
<arg>random.randint(1000, 9999)</arg>
<arg>modules=random</arg>
<doc>Evaluates the given expression in Python and returns the result.</doc>
<status status="PASS" start="2025-06-17T17:07:34.101117" elapsed="0.000389"/>
</kw>
<kw name="Set Variable" owner="BuiltIn">
<msg time="2025-06-17T17:07:34.101906" level="INFO">${email} = user5365@teste.com</msg>
<var>${email}</var>
<arg>user${rand}@teste.com</arg>
<doc>Returns the given values which can then be assigned to a variables.</doc>
<status status="PASS" start="2025-06-17T17:07:34.101662" elapsed="0.000320"/>
</kw>
<kw name="Set Suite Variable" owner="BuiltIn">
<msg time="2025-06-17T17:07:34.102429" level="INFO">${EMAIL_CAD} = user5365@teste.com</msg>
<arg>${EMAIL_CAD}</arg>
<arg>${email}</arg>
<doc>Makes a variable available everywhere within the scope of the current suite.</doc>
<status status="PASS" start="2025-06-17T17:07:34.102162" elapsed="0.000310"/>
</kw>
<kw name="Set Suite Variable" owner="BuiltIn">
<msg time="2025-06-17T17:07:34.102738" level="INFO">${PASS_CAD} = 123456</msg>
<arg>${PASS_CAD}</arg>
<arg>123456</arg>
<doc>Makes a variable available everywhere within the scope of the current suite.</doc>
<status status="PASS" start="2025-06-17T17:07:34.102597" elapsed="0.000171"/>
</kw>
<kw name="Set Suite Variable" owner="BuiltIn">
<msg time="2025-06-17T17:07:34.103233" level="INFO">${NAME_CAD} = Robot Teste 5365</msg>
<arg>${NAME_CAD}</arg>
<arg>Robot Teste ${rand}</arg>
<doc>Makes a variable available everywhere within the scope of the current suite.</doc>
<status status="PASS" start="2025-06-17T17:07:34.102871" elapsed="0.000402"/>
</kw>
<status status="PASS" start="2025-06-17T17:07:34.100782" elapsed="0.002553"/>
</kw>
<kw name="Register New User" owner="login_keywords">
<kw name="Go To Login Page" owner="base">
<kw name="Wait For Elements State" owner="Browser">
<msg time="2025-06-17T17:07:34.123297" level="INFO">Waited for Element with selector text=login at state visible</msg>
<arg>text=login</arg>
<arg>visible</arg>
<tag>PageContent</tag>
<tag>Wait</tag>
<doc>Waits for the element found by ``selector`` to satisfy state option.</doc>
<status status="PASS" start="2025-06-17T17:07:34.104212" elapsed="0.019225"/>
</kw>
<kw name="Click" owner="Browser">
<msg time="2025-06-17T17:07:34.123953" level="INFO">Clicks the element 'text=login'.</msg>
<arg>text=login</arg>
<tag>PageContent</tag>
<tag>Setter</tag>
<doc>Simulates mouse click on the element found by ``selector``.</doc>
<status status="PASS" start="2025-06-17T17:07:34.123586" elapsed="0.145708"/>
</kw>
<kw name="Wait For Elements State" owner="Browser">
<msg time="2025-06-17T17:07:34.274126" level="INFO">Waited for Element with selector id=email at state visible</msg>
<arg>id=email</arg>
<arg>visible</arg>
<tag>PageContent</tag>
<tag>Wait</tag>
<doc>Waits for the element found by ``selector`` to satisfy state option.</doc>
<status status="PASS" start="2025-06-17T17:07:34.269463" elapsed="0.004800"/>
</kw>
<status status="PASS" start="2025-06-17T17:07:34.103970" elapsed="0.170382"/>
</kw>
<kw name="Click" owner="Browser">
<msg time="2025-06-17T17:07:34.274852" level="INFO">Clicks the element 'text=Cadastre-se'.</msg>
<arg>text=Cadastre-se</arg>
<tag>PageContent</tag>
<tag>Setter</tag>
<doc>Simulates mouse click on the element found by ``selector``.</doc>
<status status="PASS" start="2025-06-17T17:07:34.274466" elapsed="0.025840"/>
</kw>
<kw name="Wait For Elements State" owner="Browser">
<msg time="2025-06-17T17:07:34.306242" level="INFO">Waited for Element with selector id=nome at state visible</msg>
<arg>id=nome</arg>
<arg>visible</arg>
<tag>PageContent</tag>
<tag>Wait</tag>
<doc>Waits for the element found by ``selector`` to satisfy state option.</doc>
<status status="PASS" start="2025-06-17T17:07:34.300492" elapsed="0.006071"/>
</kw>
<kw name="Fill Text" owner="Browser">
<msg time="2025-06-17T17:07:34.307740" level="INFO">Fills the text 'Robot Teste 5365' in the given field.</msg>
<arg>id=nome</arg>
<arg>${NAME_CAD}</arg>
<tag>PageContent</tag>
<tag>Setter</tag>
<doc>Clears and fills the given ``txt`` into the text field found by ``selector``.</doc>
<status status="PASS" start="2025-06-17T17:07:34.306974" elapsed="0.012282"/>
</kw>
<kw name="Fill Text" owner="Browser">
<msg time="2025-06-17T17:07:34.319847" level="INFO">Fills the text 'user5365@teste.com' in the given field.</msg>
<arg>id=email</arg>
<arg>${EMAIL_CAD}</arg>
<tag>PageContent</tag>
<tag>Setter</tag>
<doc>Clears and fills the given ``txt`` into the text field found by ``selector``.</doc>
<status status="PASS" start="2025-06-17T17:07:34.319426" elapsed="0.009718"/>
</kw>
<kw name="Fill Text" owner="Browser">
<msg time="2025-06-17T17:07:34.329797" level="INFO">Fills the text '123456' in the given field.</msg>
<arg>id=password</arg>
<arg>${PASS_CAD}</arg>
<tag>PageContent</tag>
<tag>Setter</tag>
<doc>Clears and fills the given ``txt`` into the text field found by ``selector``.</doc>
<status status="PASS" start="2025-06-17T17:07:34.329347" elapsed="0.008259"/>
</kw>
<kw name="Click" owner="Browser">
<msg time="2025-06-17T17:07:34.338382" level="INFO">Clicks the element 'data-testid=checkbox'.</msg>
<arg>data-testid=checkbox</arg>
<tag>PageContent</tag>
<tag>Setter</tag>
<doc>Simulates mouse click on the element found by ``selector``.</doc>
<status status="PASS" start="2025-06-17T17:07:34.337854" elapsed="0.022757"/>
</kw>
<kw name="Click" owner="Browser">
<msg time="2025-06-17T17:07:34.361473" level="INFO">Clicks the element 'data-testid=cadastrar'.</msg>
<arg>data-testid=cadastrar</arg>
<tag>PageContent</tag>
<tag>Setter</tag>
<doc>Simulates mouse click on the element found by ``selector``.</doc>
<status status="PASS" start="2025-06-17T17:07:34.360868" elapsed="0.027238"/>
</kw>
<kw name="Wait For Elements State" owner="Browser">
<msg time="2025-06-17T17:07:35.173022" level="INFO">Waited for Element with selector css=a.alert-link at state visible</msg>
<arg>css=a.alert-link</arg>
<arg>visible</arg>
<tag>PageContent</tag>
<tag>Wait</tag>
<doc>Waits for the element found by ``selector`` to satisfy state option.</doc>
<status status="PASS" start="2025-06-17T17:07:34.388285" elapsed="0.784875"/>
</kw>
<kw name="Get Text" owner="Browser">
<msg time="2025-06-17T17:07:35.187216" level="INFO">Text: 'Cadastro realizado com sucesso'</msg>
<msg time="2025-06-17T17:07:35.187344" level="INFO">${msg} = Cadastro realizado com sucesso</msg>
<var>${msg}</var>
<arg>css=a.alert-link</arg>
<tag>Assertion</tag>
<tag>Getter</tag>
<tag>PageContent</tag>
<doc>Returns text attribute of the element found by ``selector``.</doc>
<status status="PASS" start="2025-06-17T17:07:35.173315" elapsed="0.014051"/>
</kw>
<kw name="Should Be Equal As Strings" owner="BuiltIn">
<arg>${msg}</arg>
<arg>Cadastro realizado com sucesso</arg>
<doc>Fails if objects are unequal after converting them to strings.</doc>
<status status="PASS" start="2025-06-17T17:07:35.187514" elapsed="0.000223"/>
</kw>
<status status="PASS" start="2025-06-17T17:07:34.103578" elapsed="1.084220"/>
</kw>
<kw name="Fill Login Form" owner="login_keywords">
<kw name="Wait For Elements State" owner="Browser">
<msg time="2025-06-17T17:07:35.192411" level="INFO">Waited for Element with selector id=email at state visible</msg>
<arg>id=email</arg>
<arg>visible</arg>
<tag>PageContent</tag>
<tag>Wait</tag>
<doc>Waits for the element found by ``selector`` to satisfy state option.</doc>
<status status="PASS" start="2025-06-17T17:07:35.188198" elapsed="0.004344"/>
</kw>
<kw name="Fill Text" owner="Browser">
<msg time="2025-06-17T17:07:35.193092" level="INFO">Fills the text 'user5365@teste.com' in the given field.</msg>
<arg>id=email</arg>
<arg>${email}</arg>
<tag>PageContent</tag>
<tag>Setter</tag>
<doc>Clears and fills the given ``txt`` into the text field found by ``selector``.</doc>
<status status="PASS" start="2025-06-17T17:07:35.192691" elapsed="0.006332"/>
</kw>
<kw name="Fill Text" owner="Browser">
<msg time="2025-06-17T17:07:35.199660" level="INFO">Fills the text '123456' in the given field.</msg>
<arg>id=password</arg>
<arg>${password}</arg>
<tag>PageContent</tag>
<tag>Setter</tag>
<doc>Clears and fills the given ``txt`` into the text field found by ``selector``.</doc>
<status status="PASS" start="2025-06-17T17:07:35.199209" elapsed="0.008094"/>
</kw>
<kw name="Click" owner="Browser">
<msg time="2025-06-17T17:07:35.208299" level="INFO">Clicks the element 'data-testid=entrar'.</msg>
<arg>data-testid=entrar</arg>
<tag>PageContent</tag>
<tag>Setter</tag>
<doc>Simulates mouse click on the element found by ``selector``.</doc>
<status status="PASS" start="2025-06-17T17:07:35.207611" elapsed="0.030311"/>
</kw>
<arg>${EMAIL_CAD}</arg>
<arg>${PASS_CAD}</arg>
<status status="PASS" start="2025-06-17T17:07:35.187925" elapsed="0.050166"/>
</kw>
<status status="PASS" start="2025-06-17T17:07:34.100410" elapsed="1.137752"/>
</kw>
<kw name="Go To With Button" owner="produtos_keywords">
<kw name="Wait For Elements State" owner="Browser">
<msg time="2025-06-17T17:07:38.540375" level="INFO">Waited for Element with selector css=a[data-testid=cadastrarProdutos] at state visible</msg>
<arg>${element}</arg>
<arg>visible</arg>
<arg>5</arg>
<tag>PageContent</tag>
<tag>Wait</tag>
<doc>Waits for the element found by ``selector`` to satisfy state option.</doc>
<status status="PASS" start="2025-06-17T17:07:35.239302" elapsed="3.301374"/>
</kw>
<kw name="Click" owner="Browser">
<msg time="2025-06-17T17:07:38.542069" level="INFO">Clicks the element 'css=a[data-testid=cadastrarProdutos]'.</msg>
<arg>${element}</arg>
<tag>PageContent</tag>
<tag>Setter</tag>
<doc>Simulates mouse click on the element found by ``selector``.</doc>
<status status="PASS" start="2025-06-17T17:07:38.541053" elapsed="0.024630"/>
</kw>
<arg>css=a[data-testid=cadastrarProdutos]</arg>
<status status="PASS" start="2025-06-17T17:07:35.238429" elapsed="3.327407"/>
</kw>
<kw name="Check If In Page" owner="produtos_keywords">
<kw name="Get Text" owner="Browser">
<msg time="2025-06-17T17:07:38.576146" level="INFO">Text: 'Cadastro de Produtos'</msg>
<arg>css=h1</arg>
<arg>equal</arg>
<arg>${page_text}</arg>
<tag>Assertion</tag>
<tag>Getter</tag>
<tag>PageContent</tag>
<doc>Returns text attribute of the element found by ``selector``.</doc>
<status status="PASS" start="2025-06-17T17:07:38.566375" elapsed="0.009873"/>
</kw>
<arg>Cadastro de Produtos</arg>
<status status="PASS" start="2025-06-17T17:07:38.566051" elapsed="0.010299"/>
</kw>
<kw name="Generate Random Product Data" owner="produtos_keywords">
<kw name="Word" owner="FakerLibrary">
<msg time="2025-06-17T17:07:38.577059" level="INFO">${nome} = organization</msg>
<var>${nome}</var>
<doc>Generate a word.</doc>
<status status="PASS" start="2025-06-17T17:07:38.576828" elapsed="0.000289"/>
</kw>
<kw name="Random Int" owner="FakerLibrary">
<msg time="2025-06-17T17:07:38.577477" level="INFO">${preco} = 6151</msg>
<var>${preco}</var>
<arg>min=50</arg>
<doc>Generate a random integer between two integers ``min`` and ``max`` inclusive
while observing the provided ``step`` value.</doc>
<status status="PASS" start="2025-06-17T17:07:38.577240" elapsed="0.000260"/>
</kw>
<kw name="Paragraph" owner="FakerLibrary">
<msg time="2025-06-17T17:07:38.577784" level="INFO">${descricao} = Pass how position make short long.</msg>
<var>${descricao}</var>
<arg>nb_sentences=1</arg>
<doc>Generate a paragraph.</doc>
<status status="PASS" start="2025-06-17T17:07:38.577589" elapsed="0.000216"/>
</kw>
<kw name="Random Int" owner="FakerLibrary">
<msg time="2025-06-17T17:07:38.578100" level="INFO">${quantidade} = 117</msg>
<var>${quantidade}</var>
<arg>min=20</arg>
<arg>max=200</arg>
<doc>Generate a random integer between two integers ``min`` and ``max`` inclusive
while observing the provided ``step`` value.</doc>
<status status="PASS" start="2025-06-17T17:07:38.577888" elapsed="0.000240"/>
</kw>
<kw name="Create Dictionary" owner="BuiltIn">
<msg time="2025-06-17T17:07:38.578614" level="INFO">${product_data} = {'nome': 'organization', 'preco': 6151, 'descricao': 'Pass how position make short long.', 'quantidade': 117}</msg>
<var>${product_data}</var>
<arg>nome=${nome}</arg>
<arg>preco=${preco}</arg>
<arg>descricao=${descricao}</arg>
<arg>quantidade=${quantidade}</arg>
<doc>Creates and returns a dictionary based on the given ``items``.</doc>
<status status="PASS" start="2025-06-17T17:07:38.578244" elapsed="0.000397"/>
</kw>
<kw name="Set Test Variable" owner="BuiltIn">
<msg time="2025-06-17T17:07:38.578900" level="INFO">${product_data} = {'nome': 'organization', 'preco': 6151, 'descricao': 'Pass how position make short long.', 'quantidade': 117}</msg>
<arg>${product_data}</arg>
<doc>Makes a variable available everywhere within the scope of the current test.</doc>
<status status="PASS" start="2025-06-17T17:07:38.578746" elapsed="0.000187"/>
</kw>
<status status="PASS" start="2025-06-17T17:07:38.576514" elapsed="0.002527"/>
</kw>
<kw name="Submit Task Form For Product" owner="produtos_keywords">
<kw name="Set Variable" owner="BuiltIn">
<msg time="2025-06-17T17:07:38.579511" level="INFO">${element} = css=button[type=submit]</msg>
<var>${element}</var>
<arg>css=button[type=submit]</arg>
<doc>Returns the given values which can then be assigned to a variables.</doc>
<status status="PASS" start="2025-06-17T17:07:38.579393" elapsed="0.000137"/>
</kw>
<kw name="Fill Text" owner="Browser">
<msg time="2025-06-17T17:07:38.579943" level="INFO">Fills the text 'organization' in the given field.</msg>
<arg>css=#nome</arg>
<arg>${body}[nome]</arg>
<tag>PageContent</tag>
<tag>Setter</tag>
<doc>Clears and fills the given ``txt`` into the text field found by ``selector``.</doc>
<status status="PASS" start="2025-06-17T17:07:38.579610" elapsed="0.008078"/>
</kw>
<kw name="Fill Text" owner="Browser">
<msg time="2025-06-17T17:07:38.588436" level="INFO">Fills the text '6151' in the given field.</msg>
<arg>css=#price</arg>
<arg>${body}[preco]</arg>
<tag>PageContent</tag>
<tag>Setter</tag>
<doc>Clears and fills the given ``txt`` into the text field found by ``selector``.</doc>
<status status="PASS" start="2025-06-17T17:07:38.587931" elapsed="0.008162"/>
</kw>
<kw name="Fill Text" owner="Browser">
<msg time="2025-06-17T17:07:38.596757" level="INFO">Fills the text 'Pass how position make short long.' in the given field.</msg>
<arg>css=#description</arg>
<arg>${body}[descricao]</arg>
<tag>PageContent</tag>
<tag>Setter</tag>
<doc>Clears and fills the given ``txt`` into the text field found by ``selector``.</doc>
<status status="PASS" start="2025-06-17T17:07:38.596276" elapsed="0.014295"/>
</kw>
<kw name="Fill Text" owner="Browser">
<msg time="2025-06-17T17:07:38.611233" level="INFO">Fills the text '117' in the given field.</msg>
<arg>css=#quantity</arg>
<arg>${body}[quantidade]</arg>
<tag>PageContent</tag>
<tag>Setter</tag>
<doc>Clears and fills the given ``txt`` into the text field found by ``selector``.</doc>
<status status="PASS" start="2025-06-17T17:07:38.610753" elapsed="0.009873"/>
</kw>
<kw name="Wait For Elements State" owner="Browser">
<msg time="2025-06-17T17:07:38.625665" level="INFO">Waited for Element with selector css=button[type=submit] at state visible</msg>
<arg>${element}</arg>
<arg>visible</arg>
<arg>5</arg>
<tag>PageContent</tag>
<tag>Wait</tag>
<doc>Waits for the element found by ``selector`` to satisfy state option.</doc>
<status status="PASS" start="2025-06-17T17:07:38.620841" elapsed="0.004966"/>
</kw>
<kw name="Click" owner="Browser">
<msg time="2025-06-17T17:07:38.626382" level="INFO">Clicks the element 'css=button[type=submit]'.</msg>
<arg>${element}</arg>
<tag>PageContent</tag>
<tag>Setter</tag>
<doc>Simulates mouse click on the element found by ``selector``.</doc>
<status status="PASS" start="2025-06-17T17:07:38.625978" elapsed="0.087033"/>
</kw>
<arg>${product_data}</arg>
<status status="PASS" start="2025-06-17T17:07:38.579165" elapsed="0.133966"/>
</kw>
<kw name="Check If In Page" owner="produtos_keywords">
<kw name="Get Text" owner="Browser">
<msg time="2025-06-17T17:07:39.066792" level="INFO">Text: 'Lista dos Produtos'</msg>
<arg>css=h1</arg>
<arg>equal</arg>
<arg>${page_text}</arg>
<tag>Assertion</tag>
<tag>Getter</tag>
<tag>PageContent</tag>
<doc>Returns text attribute of the element found by ``selector``.</doc>
<status status="PASS" start="2025-06-17T17:07:38.713621" elapsed="0.353322"/>
</kw>
<arg>Lista dos Produtos</arg>
<status status="PASS" start="2025-06-17T17:07:38.713305" elapsed="0.353783"/>
</kw>
<kw name="Product Should Be Registered" owner="produtos_keywords">
<kw name="Wait For Elements State" owner="Browser">
<msg time="2025-06-17T17:07:39.855086" level="INFO">Waited for Element with selector xpath=//td[text()="organization"] at state visible</msg>
<arg>xpath=//td[text()="${product_name}"]</arg>
<arg>visible</arg>
<arg>5</arg>
<tag>PageContent</tag>
<tag>Wait</tag>
<doc>Waits for the element found by ``selector`` to satisfy state option.</doc>
<status status="PASS" start="2025-06-17T17:07:39.067826" elapsed="0.787415"/>
</kw>
<arg>${product_data}[nome]</arg>
<status status="PASS" start="2025-06-17T17:07:39.067321" elapsed="0.788052"/>
</kw>
<kw name="Take Screenshot" owner="Browser" type="TEARDOWN">
<msg time="2025-06-17T17:07:39.942982" level="INFO" html="true">&lt;/td&gt;&lt;/tr&gt;&lt;tr&gt;&lt;td colspan="3"&gt;&lt;a href="browser/screenshot/robotframework-browser-screenshot-5.png" target="_blank"&gt;&lt;img src="browser/screenshot/robotframework-browser-screenshot-5.png" width="800px"/&gt;&lt;/a&gt;</msg>
<tag>PageContent</tag>
<doc>Takes a screenshot of the current window or element and saves it to disk.</doc>
<status status="PASS" start="2025-06-17T17:07:39.855644" elapsed="0.087461"/>
</kw>
<msg time="2025-06-17T17:07:39.953332" level="INFO">Switching context to context=8f12baa1-a6de-47df-b80d-97e6abc9b23a in CURRENT</msg>
<msg time="2025-06-17T17:07:39.957513" level="INFO">Successfully changed active context: context=8f12baa1-a6de-47df-b80d-97e6abc9b23a</msg>
<msg time="2025-06-17T17:07:39.978167" level="INFO">Successfully closed Context</msg>
<tag>sucesso_cadastro</tag>
<status status="PASS" start="2025-06-17T17:07:32.123164" elapsed="7.820006"/>
</test>
<test id="s1-t6" name="Não deve cadastrar produto com nome duplicado" line="60">
<kw name="Start Session" owner="base" type="SETUP">
<kw name="New Browser" owner="Browser">
<msg time="2025-06-17T17:07:39.984615" level="INFO">Switching browser to browser=f68a0691-0359-4ccd-8a73-caa78e54cd85</msg>
<msg time="2025-06-17T17:07:39.987747" level="INFO">Successfully changed active browser: browser=f68a0691-0359-4ccd-8a73-caa78e54cd85</msg>
<msg time="2025-06-17T17:07:39.987890" level="INFO">Reusing existing browser with id: browser=f68a0691-0359-4ccd-8a73-caa78e54cd85</msg>
<arg>browser=chromium</arg>
<arg>headless=False</arg>
<tag>BrowserControl</tag>
<tag>Setter</tag>
<doc>Create a new playwright Browser with specified options.</doc>
<status status="PASS" start="2025-06-17T17:07:39.984195" elapsed="0.003817"/>
</kw>
<kw name="New Page" owner="Browser">
<msg time="2025-06-17T17:07:41.814056" level="INFO">Successfully initialized new page object and opened url: https://compassuolfront.serverest.dev</msg>
<msg time="2025-06-17T17:07:41.814164" level="INFO">No context was open. New context was automatically opened when this page is created.</msg>
<arg>${BASE_URL}</arg>
<tag>BrowserControl</tag>
<tag>Setter</tag>
<doc>Open a new Page.</doc>
<status status="PASS" start="2025-06-17T17:07:39.988281" elapsed="1.826111"/>
</kw>
<status status="PASS" start="2025-06-17T17:07:39.983807" elapsed="1.830736"/>
</kw>
<kw name="New User and Login" owner="produtos_keywords">
<kw name="Generate Random User Data" owner="login_keywords">
<kw name="Evaluate" owner="BuiltIn">
<msg time="2025-06-17T17:07:41.815928" level="INFO">${rand} = 8624</msg>
<var>${rand}</var>
<arg>random.randint(1000, 9999)</arg>
<arg>modules=random</arg>
<doc>Evaluates the given expression in Python and returns the result.</doc>
<status status="PASS" start="2025-06-17T17:07:41.815593" elapsed="0.000381"/>
</kw>
<kw name="Set Variable" owner="BuiltIn">
<msg time="2025-06-17T17:07:41.816349" level="INFO">${email} = user8624@teste.com</msg>
<var>${email}</var>
<arg>user${rand}@teste.com</arg>
<doc>Returns the given values which can then be assigned to a variables.</doc>
<status status="PASS" start="2025-06-17T17:07:41.816136" elapsed="0.000244"/>
</kw>
<kw name="Set Suite Variable" owner="BuiltIn">
<msg time="2025-06-17T17:07:41.816755" level="INFO">${EMAIL_CAD} = user8624@teste.com</msg>
<arg>${EMAIL_CAD}</arg>
<arg>${email}</arg>
<doc>Makes a variable available everywhere within the scope of the current suite.</doc>
<status status="PASS" start="2025-06-17T17:07:41.816530" elapsed="0.000268"/>
</kw>
<kw name="Set Suite Variable" owner="BuiltIn">
<msg time="2025-06-17T17:07:41.817124" level="INFO">${PASS_CAD} = 123456</msg>
<arg>${PASS_CAD}</arg>
<arg>123456</arg>
<doc>Makes a variable available everywhere within the scope of the current suite.</doc>
<status status="PASS" start="2025-06-17T17:07:41.816924" elapsed="0.000239"/>
</kw>
<kw name="Set Suite Variable" owner="BuiltIn">
<msg time="2025-06-17T17:07:41.817483" level="INFO">${NAME_CAD} = Robot Teste 8624</msg>
<arg>${NAME_CAD}</arg>
<arg>Robot Teste ${rand}</arg>
<doc>Makes a variable available everywhere within the scope of the current suite.</doc>
<status status="PASS" start="2025-06-17T17:07:41.817279" elapsed="0.000244"/>
</kw>
<status status="PASS" start="2025-06-17T17:07:41.815291" elapsed="0.002301"/>
</kw>
<kw name="Register New User" owner="login_keywords">
<kw name="Go To Login Page" owner="base">
<kw name="Wait For Elements State" owner="Browser">
<msg time="2025-06-17T17:07:41.838159" level="INFO">Waited for Element with selector text=login at state visible</msg>
<arg>text=login</arg>
<arg>visible</arg>
<tag>PageContent</tag>
<tag>Wait</tag>
<doc>Waits for the element found by ``selector`` to satisfy state option.</doc>
<status status="PASS" start="2025-06-17T17:07:41.818304" elapsed="0.020058"/>
</kw>
<kw name="Click" owner="Browser">
<msg time="2025-06-17T17:07:41.839148" level="INFO">Clicks the element 'text=login'.</msg>
<arg>text=login</arg>
<tag>PageContent</tag>
<tag>Setter</tag>
<doc>Simulates mouse click on the element found by ``selector``.</doc>
<status status="PASS" start="2025-06-17T17:07:41.838595" elapsed="0.138817"/>
</kw>
<kw name="Wait For Elements State" owner="Browser">
<msg time="2025-06-17T17:07:41.982171" level="INFO">Waited for Element with selector id=email at state visible</msg>
<arg>id=email</arg>
<arg>visible</arg>
<tag>PageContent</tag>
<tag>Wait</tag>
<doc>Waits for the element found by ``selector`` to satisfy state option.</doc>
<status status="PASS" start="2025-06-17T17:07:41.977612" elapsed="0.004696"/>
</kw>
<status status="PASS" start="2025-06-17T17:07:41.818046" elapsed="0.164351"/>
</kw>
<kw name="Click" owner="Browser">
<msg time="2025-06-17T17:07:41.982897" level="INFO">Clicks the element 'text=Cadastre-se'.</msg>
<arg>text=Cadastre-se</arg>
<tag>PageContent</tag>
<tag>Setter</tag>
<doc>Simulates mouse click on the element found by ``selector``.</doc>
<status status="PASS" start="2025-06-17T17:07:41.982515" elapsed="0.020932"/>
</kw>
<kw name="Wait For Elements State" owner="Browser">
<msg time="2025-06-17T17:07:42.008626" level="INFO">Waited for Element with selector id=nome at state visible</msg>
<arg>id=nome</arg>
<arg>visible</arg>
<tag>PageContent</tag>
<tag>Wait</tag>
<doc>Waits for the element found by ``selector`` to satisfy state option.</doc>
<status status="PASS" start="2025-06-17T17:07:42.003675" elapsed="0.005115"/>
</kw>
<kw name="Fill Text" owner="Browser">
<msg time="2025-06-17T17:07:42.009472" level="INFO">Fills the text 'Robot Teste 8624' in the given field.</msg>
<arg>id=nome</arg>
<arg>${NAME_CAD}</arg>
<tag>PageContent</tag>
<tag>Setter</tag>
<doc>Clears and fills the given ``txt`` into the text field found by ``selector``.</doc>
<status status="PASS" start="2025-06-17T17:07:42.009007" elapsed="0.010264"/>
</kw>
<kw name="Fill Text" owner="Browser">
<msg time="2025-06-17T17:07:42.019897" level="INFO">Fills the text 'user8624@teste.com' in the given field.</msg>
<arg>id=email</arg>
<arg>${EMAIL_CAD}</arg>
<tag>PageContent</tag>
<tag>Setter</tag>
<doc>Clears and fills the given ``txt`` into the text field found by ``selector``.</doc>
<status status="PASS" start="2025-06-17T17:07:42.019446" elapsed="0.008583"/>
</kw>
<kw name="Fill Text" owner="Browser">
<msg time="2025-06-17T17:07:42.028676" level="INFO">Fills the text '123456' in the given field.</msg>
<arg>id=password</arg>
<arg>${PASS_CAD}</arg>
<tag>PageContent</tag>
<tag>Setter</tag>
[...]
<arg>id=nome</arg>
<arg>visible</arg>
<tag>PageContent</tag>
<tag>Wait</tag>
<doc>Waits for the element found by ``selector`` to satisfy state option.</doc>
<status status="PASS" start="2025-06-17T17:08:05.637758" elapsed="0.005170"/>
</kw>
<kw name="Fill Text" owner="Browser">
<msg time="2025-06-17T17:08:05.643875" level="INFO">Fills the text 'Robot Teste 3845' in the given field.</msg>
<arg>id=nome</arg>
<arg>${NAME_CAD}</arg>
<tag>PageContent</tag>
<tag>Setter</tag>
<doc>Clears and fills the given ``txt`` into the text field found by ``selector``.</doc>
<status status="PASS" start="2025-06-17T17:08:05.643178" elapsed="0.009543"/>
</kw>
<kw name="Fill Text" owner="Browser">
<msg time="2025-06-17T17:08:05.653520" level="INFO">Fills the text 'user3845@teste.com' in the given field.</msg>
<arg>id=email</arg>
<arg>${EMAIL_CAD}</arg>
<tag>PageContent</tag>
<tag>Setter</tag>
<doc>Clears and fills the given ``txt`` into the text field found by ``selector``.</doc>
<status status="PASS" start="2025-06-17T17:08:05.652928" elapsed="0.008372"/>
</kw>
<kw name="Fill Text" owner="Browser">
<msg time="2025-06-17T17:08:05.661949" level="INFO">Fills the text '123456' in the given field.</msg>
<arg>id=password</arg>
<arg>${PASS_CAD}</arg>
<tag>PageContent</tag>
<tag>Setter</tag>
<doc>Clears and fills the given ``txt`` into the text field found by ``selector``.</doc>
<status status="PASS" start="2025-06-17T17:08:05.661476" elapsed="0.007142"/>
</kw>
<kw name="Click" owner="Browser">
<msg time="2025-06-17T17:08:05.669175" level="INFO">Clicks the element 'data-testid=checkbox'.</msg>
<arg>data-testid=checkbox</arg>
<tag>PageContent</tag>
<tag>Setter</tag>
<doc>Simulates mouse click on the element found by ``selector``.</doc>
<status status="PASS" start="2025-06-17T17:08:05.668792" elapsed="0.024799"/>
</kw>
<kw name="Click" owner="Browser">
<msg time="2025-06-17T17:08:05.694237" level="INFO">Clicks the element 'data-testid=cadastrar'.</msg>
<arg>data-testid=cadastrar</arg>
<tag>PageContent</tag>
<tag>Setter</tag>
<doc>Simulates mouse click on the element found by ``selector``.</doc>
<status status="PASS" start="2025-06-17T17:08:05.693775" elapsed="0.026993"/>
</kw>
<kw name="Wait For Elements State" owner="Browser">
<msg time="2025-06-17T17:08:06.506968" level="INFO">Waited for Element with selector css=a.alert-link at state visible</msg>
<arg>css=a.alert-link</arg>
<arg>visible</arg>
<tag>PageContent</tag>
<tag>Wait</tag>
<doc>Waits for the element found by ``selector`` to satisfy state option.</doc>
<status status="PASS" start="2025-06-17T17:08:05.720953" elapsed="0.786166"/>
</kw>
<kw name="Get Text" owner="Browser">
<msg time="2025-06-17T17:08:06.522195" level="INFO">Text: 'Cadastro realizado com sucesso'</msg>
<msg time="2025-06-17T17:08:06.522339" level="INFO">${msg} = Cadastro realizado com sucesso</msg>
<var>${msg}</var>
<arg>css=a.alert-link</arg>
<tag>Assertion</tag>
<tag>Getter</tag>
<tag>PageContent</tag>
<doc>Returns text attribute of the element found by ``selector``.</doc>
<status status="PASS" start="2025-06-17T17:08:06.507277" elapsed="0.015086"/>
</kw>
<kw name="Should Be Equal As Strings" owner="BuiltIn">
<arg>${msg}</arg>
<arg>Cadastro realizado com sucesso</arg>
<doc>Fails if objects are unequal after converting them to strings.</doc>
<status status="PASS" start="2025-06-17T17:08:06.522541" elapsed="0.000265"/>
</kw>
<status status="PASS" start="2025-06-17T17:08:05.469111" elapsed="1.053776"/>
</kw>
<kw name="Fill Login Form" owner="login_keywords">
<kw name="Wait For Elements State" owner="Browser">
<msg time="2025-06-17T17:08:06.527009" level="INFO">Waited for Element with selector id=email at state visible</msg>
<arg>id=email</arg>
<arg>visible</arg>
<tag>PageContent</tag>
<tag>Wait</tag>
<doc>Waits for the element found by ``selector`` to satisfy state option.</doc>
<status status="PASS" start="2025-06-17T17:08:06.523356" elapsed="0.003838"/>
</kw>
<kw name="Fill Text" owner="Browser">
<msg time="2025-06-17T17:08:06.527949" level="INFO">Fills the text 'user3845@teste.com' in the given field.</msg>
<arg>id=email</arg>
<arg>${email}</arg>
<tag>PageContent</tag>
<tag>Setter</tag>
<doc>Clears and fills the given ``txt`` into the text field found by ``selector``.</doc>
<status status="PASS" start="2025-06-17T17:08:06.527392" elapsed="0.006770"/>
</kw>
<kw name="Fill Text" owner="Browser">
<msg time="2025-06-17T17:08:06.534798" level="INFO">Fills the text '123456' in the given field.</msg>
<arg>id=password</arg>
<arg>${password}</arg>
<tag>PageContent</tag>
<tag>Setter</tag>
<doc>Clears and fills the given ``txt`` into the text field found by ``selector``.</doc>
<status status="PASS" start="2025-06-17T17:08:06.534339" elapsed="0.009958"/>
</kw>
<kw name="Click" owner="Browser">
<msg time="2025-06-17T17:08:06.544849" level="INFO">Clicks the element 'data-testid=entrar'.</msg>
<arg>data-testid=entrar</arg>
<tag>PageContent</tag>
<tag>Setter</tag>
<doc>Simulates mouse click on the element found by ``selector``.</doc>
<status status="PASS" start="2025-06-17T17:08:06.544475" elapsed="0.029285"/>
</kw>
<arg>${EMAIL_CAD}</arg>
<arg>${PASS_CAD}</arg>
<status status="PASS" start="2025-06-17T17:08:06.523068" elapsed="0.050814"/>
</kw>
<status status="PASS" start="2025-06-17T17:08:05.467101" elapsed="1.106853"/>
</kw>
<kw name="Go To With Button" owner="produtos_keywords">
<kw name="Wait For Elements State" owner="Browser">
<msg time="2025-06-17T17:08:09.875190" level="INFO">Waited for Element with selector css=a[data-testid=cadastrar-produtos] at state visible</msg>
<arg>${element}</arg>
<arg>visible</arg>
<arg>5</arg>
<tag>PageContent</tag>
<tag>Wait</tag>
<doc>Waits for the element found by ``selector`` to satisfy state option.</doc>
<status status="PASS" start="2025-06-17T17:08:06.574579" elapsed="3.300749"/>
</kw>
<kw name="Click" owner="Browser">
<msg time="2025-06-17T17:08:09.875878" level="INFO">Clicks the element 'css=a[data-testid=cadastrar-produtos]'.</msg>
<arg>${element}</arg>
<tag>PageContent</tag>
<tag>Setter</tag>
<doc>Simulates mouse click on the element found by ``selector``.</doc>
<status status="PASS" start="2025-06-17T17:08:09.875487" elapsed="0.020555"/>
</kw>
<arg>css=a[data-testid=cadastrar-produtos]</arg>
<status status="PASS" start="2025-06-17T17:08:06.574168" elapsed="3.322031"/>
</kw>
<kw name="Check If In Page" owner="produtos_keywords">
<kw name="Get Text" owner="Browser">
<msg time="2025-06-17T17:08:09.907445" level="INFO">Text: 'Cadastro de Produtos'</msg>
<arg>css=h1</arg>
<arg>equal</arg>
<arg>${page_text}</arg>
<tag>Assertion</tag>
<tag>Getter</tag>
<tag>PageContent</tag>
<doc>Returns text attribute of the element found by ``selector``.</doc>
<status status="PASS" start="2025-06-17T17:08:09.896833" elapsed="0.010715"/>
</kw>
<arg>Cadastro de Produtos</arg>
<status status="PASS" start="2025-06-17T17:08:09.896421" elapsed="0.011227"/>
</kw>
<kw name="Generate Random Product Data" owner="produtos_keywords">
<kw name="Word" owner="FakerLibrary">
<msg time="2025-06-17T17:08:09.908459" level="INFO">${nome} = doctor</msg>
<var>${nome}</var>
<doc>Generate a word.</doc>
<status status="PASS" start="2025-06-17T17:08:09.908264" elapsed="0.000220"/>
</kw>
<kw name="Random Int" owner="FakerLibrary">
<msg time="2025-06-17T17:08:09.908771" level="INFO">${preco} = 8167</msg>
<var>${preco}</var>
<arg>min=50</arg>
<doc>Generate a random integer between two integers ``min`` and ``max`` inclusive
while observing the provided ``step`` value.</doc>
<status status="PASS" start="2025-06-17T17:08:09.908579" elapsed="0.000220"/>
</kw>
<kw name="Paragraph" owner="FakerLibrary">
<msg time="2025-06-17T17:08:09.909115" level="INFO">${descricao} = Country measure commercial hotel artist science.</msg>
<var>${descricao}</var>
<arg>nb_sentences=1</arg>
<doc>Generate a paragraph.</doc>
<status status="PASS" start="2025-06-17T17:08:09.908898" elapsed="0.000285"/>
</kw>
<kw name="Random Int" owner="FakerLibrary">
<msg time="2025-06-17T17:08:09.909443" level="INFO">${quantidade} = 118</msg>
<var>${quantidade}</var>
<arg>min=20</arg>
<arg>max=200</arg>
<doc>Generate a random integer between two integers ``min`` and ``max`` inclusive
while observing the provided ``step`` value.</doc>
<status status="PASS" start="2025-06-17T17:08:09.909270" elapsed="0.000192"/>
</kw>
<kw name="Create Dictionary" owner="BuiltIn">
<msg time="2025-06-17T17:08:09.909815" level="INFO">${product_data} = {'nome': 'doctor', 'preco': 8167, 'descricao': 'Country measure commercial hotel artist science.', 'quantidade': 118}</msg>
<var>${product_data}</var>
<arg>nome=${nome}</arg>
<arg>preco=${preco}</arg>
<arg>descricao=${descricao}</arg>
<arg>quantidade=${quantidade}</arg>
<doc>Creates and returns a dictionary based on the given ``items``.</doc>
<status status="PASS" start="2025-06-17T17:08:09.909557" elapsed="0.000280"/>
</kw>
<kw name="Set Test Variable" owner="BuiltIn">
<msg time="2025-06-17T17:08:09.910086" level="INFO">${product_data} = {'nome': 'doctor', 'preco': 8167, 'descricao': 'Country measure commercial hotel artist science.', 'quantidade': 118}</msg>
<arg>${product_data}</arg>
<doc>Makes a variable available everywhere within the scope of the current test.</doc>
<status status="PASS" start="2025-06-17T17:08:09.909930" elapsed="0.000186"/>
</kw>
<status status="PASS" start="2025-06-17T17:08:09.907895" elapsed="0.002269"/>
</kw>
<kw name="Set Variable" owner="BuiltIn">
<msg time="2025-06-17T17:08:09.910380" level="INFO">${nome_unico} = TESTE_EXCLUSAO_doctor</msg>
<var>${nome_unico}</var>
<arg>TESTE_EXCLUSAO_${product_data}[nome]</arg>
<doc>Returns the given values which can then be assigned to a variables.</doc>
<status status="PASS" start="2025-06-17T17:08:09.910244" elapsed="0.000154"/>
</kw>
<kw name="Set To Dictionary" owner="Collections">
<arg>${product_data}</arg>
<arg>nome=${nome_unico}</arg>
<doc>Adds the given ``key_value_pairs`` and/or ``items`` to the ``dictionary``.</doc>
<status status="PASS" start="2025-06-17T17:08:09.910474" elapsed="0.000133"/>
</kw>
<kw name="Submit Task Form For Product" owner="produtos_keywords">
<kw name="Set Variable" owner="BuiltIn">
<msg time="2025-06-17T17:08:09.911047" level="INFO">${element} = css=button[type=submit]</msg>
<var>${element}</var>
<arg>css=button[type=submit]</arg>
<doc>Returns the given values which can then be assigned to a variables.</doc>
<status status="PASS" start="2025-06-17T17:08:09.910923" elapsed="0.000143"/>
</kw>
<kw name="Fill Text" owner="Browser">
<msg time="2025-06-17T17:08:09.911780" level="INFO">Fills the text 'TESTE_EXCLUSAO_doctor' in the given field.</msg>
<arg>css=#nome</arg>
<arg>${body}[nome]</arg>
<tag>PageContent</tag>
<tag>Setter</tag>
<doc>Clears and fills the given ``txt`` into the text field found by ``selector``.</doc>
<status status="PASS" start="2025-06-17T17:08:09.911149" elapsed="0.010275"/>
</kw>
<kw name="Fill Text" owner="Browser">
<msg time="2025-06-17T17:08:09.922127" level="INFO">Fills the text '8167' in the given field.</msg>
<arg>css=#price</arg>
<arg>${body}[preco]</arg>
<tag>PageContent</tag>
<tag>Setter</tag>
<doc>Clears and fills the given ``txt`` into the text field found by ``selector``.</doc>
<status status="PASS" start="2025-06-17T17:08:09.921602" elapsed="0.009026"/>
</kw>
<kw name="Fill Text" owner="Browser">
<msg time="2025-06-17T17:08:09.931641" level="INFO">Fills the text 'Country measure commercial hotel artist science.' in the given field.</msg>
<arg>css=#description</arg>
<arg>${body}[descricao]</arg>
<tag>PageContent</tag>
<tag>Setter</tag>
<doc>Clears and fills the given ``txt`` into the text field found by ``selector``.</doc>
<status status="PASS" start="2025-06-17T17:08:09.930930" elapsed="0.028048"/>
</kw>
<kw name="Fill Text" owner="Browser">
<msg time="2025-06-17T17:08:09.959604" level="INFO">Fills the text '118' in the given field.</msg>
<arg>css=#quantity</arg>
<arg>${body}[quantidade]</arg>
<tag>PageContent</tag>
<tag>Setter</tag>
<doc>Clears and fills the given ``txt`` into the text field found by ``selector``.</doc>
<status status="PASS" start="2025-06-17T17:08:09.959169" elapsed="0.009028"/>
</kw>
<kw name="Wait For Elements State" owner="Browser">
<msg time="2025-06-17T17:08:09.973966" level="INFO">Waited for Element with selector css=button[type=submit] at state visible</msg>
<arg>${element}</arg>
<arg>visible</arg>
<arg>5</arg>
<tag>PageContent</tag>
<tag>Wait</tag>
<doc>Waits for the element found by ``selector`` to satisfy state option.</doc>
<status status="PASS" start="2025-06-17T17:08:09.968381" elapsed="0.005721"/>
</kw>
<kw name="Click" owner="Browser">
<msg time="2025-06-17T17:08:09.974716" level="INFO">Clicks the element 'css=button[type=submit]'.</msg>
<arg>${element}</arg>
<tag>PageContent</tag>
<tag>Setter</tag>
<doc>Simulates mouse click on the element found by ``selector``.</doc>
<status status="PASS" start="2025-06-17T17:08:09.974290" elapsed="0.020398"/>
</kw>
<arg>${product_data}</arg>
<status status="PASS" start="2025-06-17T17:08:09.910724" elapsed="0.084070"/>
</kw>
<kw name="Check If In Page" owner="produtos_keywords">
<kw name="Get Text" owner="Browser">
<msg time="2025-06-17T17:08:10.372339" level="INFO">Text: 'Lista dos Produtos'</msg>
<arg>css=h1</arg>
<arg>equal</arg>
<arg>${page_text}</arg>
<tag>Assertion</tag>
<tag>Getter</tag>
<tag>PageContent</tag>
<doc>Returns text attribute of the element found by ``selector``.</doc>
<status status="PASS" start="2025-06-17T17:08:09.995457" elapsed="0.376983"/>
</kw>
<arg>Lista dos Produtos</arg>
<status status="PASS" start="2025-06-17T17:08:09.994997" elapsed="0.377532"/>
</kw>
<kw name="Product Should Be Registered" owner="produtos_keywords">
<kw name="Wait For Elements State" owner="Browser">
<msg time="2025-06-17T17:08:11.159341" level="INFO">Waited for Element with selector xpath=//td[text()="TESTE_EXCLUSAO_doctor"] at state visible</msg>
<arg>xpath=//td[text()="${product_name}"]</arg>
<arg>visible</arg>
<arg>5</arg>
<tag>PageContent</tag>
<tag>Wait</tag>
<doc>Waits for the element found by ``selector`` to satisfy state option.</doc>
<status status="PASS" start="2025-06-17T17:08:10.373036" elapsed="0.786453"/>
</kw>
<arg>${product_data}[nome]</arg>
<status status="PASS" start="2025-06-17T17:08:10.372680" elapsed="0.786898"/>
</kw>
<kw name="Set Variable" owner="BuiltIn">
<msg time="2025-06-17T17:08:11.159921" level="INFO">${nome_produto} = TESTE_EXCLUSAO_doctor</msg>
<var>${nome_produto}</var>
<arg>${product_data}[nome]</arg>
<doc>Returns the given values which can then be assigned to a variables.</doc>
<status status="PASS" start="2025-06-17T17:08:11.159703" elapsed="0.000249"/>
</kw>
<kw name="Click" owner="Browser">
<msg time="2025-06-17T17:08:11.160461" level="INFO">Clicks the element 'xpath=//td[text()="TESTE_EXCLUSAO_doctor"]/following-sibling::td//button[contains(@class, "btn-danger")]'.</msg>
<arg>xpath=//td[text()="${nome_produto}"]/following-sibling::td//button[contains(@class, "btn-danger")]</arg>
<tag>PageContent</tag>
<tag>Setter</tag>
<doc>Simulates mouse click on the element found by ``selector``.</doc>
<status status="PASS" start="2025-06-17T17:08:11.160056" elapsed="0.016244"/>
</kw>
<kw name="Sleep" owner="BuiltIn">
<msg time="2025-06-17T17:08:13.177002" level="INFO">Slept 2 seconds.</msg>
<arg>2</arg>
<doc>Pauses the test executed for the given time.</doc>
<status status="PASS" start="2025-06-17T17:08:11.176555" elapsed="2.000648"/>
</kw>
<kw name="Go To With Button" owner="produtos_keywords">
<kw name="Wait For Elements State" owner="Browser">
<msg time="2025-06-17T17:08:13.200456" level="INFO">Waited for Element with selector css=a[data-testid=listar-produtos] at state visible</msg>
<arg>${element}</arg>
<arg>visible</arg>
<arg>5</arg>
<tag>PageContent</tag>
<tag>Wait</tag>
<doc>Waits for the element found by ``selector`` to satisfy state option.</doc>
<status status="PASS" start="2025-06-17T17:08:13.178356" elapsed="0.022236"/>
</kw>
<kw name="Click" owner="Browser">
<msg time="2025-06-17T17:08:13.201177" level="INFO">Clicks the element 'css=a[data-testid=listar-produtos]'.</msg>
<arg>${element}</arg>
<tag>PageContent</tag>
<tag>Setter</tag>
<doc>Simulates mouse click on the element found by ``selector``.</doc>
<status status="PASS" start="2025-06-17T17:08:13.200783" elapsed="0.018992"/>
</kw>
<arg>css=a[data-testid=listar-produtos]</arg>
<status status="PASS" start="2025-06-17T17:08:13.177617" elapsed="0.042301"/>
</kw>
<kw name="Check If In Page" owner="produtos_keywords">
<kw name="Get Text" owner="Browser">
<msg time="2025-06-17T17:08:13.236091" level="INFO">Text: 'Lista dos Produtos'</msg>
<arg>css=h1</arg>
<arg>equal</arg>
<arg>${page_text}</arg>
<tag>Assertion</tag>
<tag>Getter</tag>
<tag>PageContent</tag>
<doc>Returns text attribute of the element found by ``selector``.</doc>
<status status="PASS" start="2025-06-17T17:08:13.220567" elapsed="0.015617"/>
</kw>
<arg>Lista dos Produtos</arg>
<status status="PASS" start="2025-06-17T17:08:13.220113" elapsed="0.016165"/>
</kw>
<kw name="Get Element Count" owner="Browser">
<msg time="2025-06-17T17:08:13.241717" level="INFO">${count} = 0</msg>
<var>${count}</var>
<arg>xpath=//td[text()="${nome_produto}"]</arg>
<tag>Assertion</tag>
<tag>Getter</tag>
<tag>PageContent</tag>
<doc>Returns the count of elements found with ``selector``.</doc>
<status status="PASS" start="2025-06-17T17:08:13.236437" elapsed="0.005320"/>
</kw>
<kw name="Should Be Equal As Numbers" owner="BuiltIn">
<msg time="2025-06-17T17:08:13.242145" level="INFO">Argument types are:
&lt;class 'int'&gt;
&lt;class 'str'&gt;</msg>
<arg>${count}</arg>
<arg>0</arg>
<arg>O produto não foi excluído</arg>
<doc>Fails if objects are unequal after converting them to real numbers.</doc>
<status status="PASS" start="2025-06-17T17:08:13.241913" elapsed="0.000283"/>
</kw>
<kw name="Take Screenshot" owner="Browser" type="TEARDOWN">
<msg time="2025-06-17T17:08:13.347795" level="INFO" html="true">&lt;/td&gt;&lt;/tr&gt;&lt;tr&gt;&lt;td colspan="3"&gt;&lt;a href="browser/screenshot/robotframework-browser-screenshot-9.png" target="_blank"&gt;&lt;img src="browser/screenshot/robotframework-browser-screenshot-9.png" width="800px"/&gt;&lt;/a&gt;</msg>
<tag>PageContent</tag>
<doc>Takes a screenshot of the current window or element and saves it to disk.</doc>
<status status="PASS" start="2025-06-17T17:08:13.242353" elapsed="0.105588"/>
</kw>
<msg time="2025-06-17T17:08:13.358563" level="INFO">Switching context to context=a7a60966-0ee3-4857-9f94-e9fadab9ec45 in CURRENT</msg>
<msg time="2025-06-17T17:08:13.367666" level="INFO">Successfully changed active context: context=a7a60966-0ee3-4857-9f94-e9fadab9ec45</msg>
<msg time="2025-06-17T17:08:13.390192" level="INFO">Successfully closed Context</msg>
<tag>exclusao</tag>
<status status="PASS" start="2025-06-17T17:08:03.478877" elapsed="9.869133"/>
</test>
<doc>Cenários de testes de produtos</doc>
<status status="PASS" start="2025-06-17T17:07:04.718603" elapsed="68.672213"/>
</suite>
<statistics>
<total>
<stat pass="9" fail="0" skip="0">All Tests</stat>
</total>
<tag>
<stat pass="2" fail="0" skip="0">busca</stat>
<stat pass="1" fail="0" skip="0">dup_cadastro</stat>
<stat pass="1" fail="0" skip="0">exclusao</stat>
<stat pass="2" fail="0" skip="0">ir_cadastro</stat>
<stat pass="2" fail="0" skip="0">listar</stat>
<stat pass="1" fail="0" skip="0">sucesso_cadastro</stat>
</tag>
<suite>
<stat name="Produtos Tests" id="s1" pass="9" fail="0" skip="0">Produtos Tests</stat>
</suite>
</statistics>
<errors>
<msg time="2025-06-17T17:07:04.820036" level="WARN">Imported resource file '/media/marcos/MEU HD/aprofundando_em_automacao_web_ia/serverest-testes-web/resources/carrinho_keywords.resource' is empty.</msg>
<msg time="2025-06-17T17:07:05.012042" level="WARN">Imported resource file '/media/marcos/MEU HD/aprofundando_em_automacao_web_ia/serverest-testes-web/resources/usuarios_keywords.resource' is empty.</msg>
</errors>
</robot>
